<?xml version="1.0" encoding="UTF-8"?>
<!-- Generated by org.testng.reporters.JUnitReportReporter -->
<testsuite hostname="DESKTOP-HGMSAGS" failures="0" tests="6" name="scripts.TC004_Edit_Quote_01" time="207.169" errors="0" timestamp="2024-05-10T11:29:07 IST" skipped="0">
  <testcase classname="scripts.TC004_Edit_Quote_01" name="tc004_Login" time="4.039"/>
  <system-out/>
  <testcase classname="scripts.TC004_Edit_Quote_01" name="quote" time="7.284"/>
  <system-out/>
  <testcase classname="scripts.TC004_Edit_Quote_01" name="quote_Verify_Searchbox" time="14.658"/>
  <system-out/>
  <testcase classname="scripts.TC004_Edit_Quote_01" name="quote_click_Products" time="19.493"/>
  <system-out/>
  <testcase classname="scripts.TC004_Edit_Quote_01" name="cart_Page2" time="87.851"/>
  <system-out/>
  <testcase classname="scripts.TC004_Edit_Quote_01" name="edit_submit_quote" time="73.844"/>
  <system-out/>
</testsuite> <!-- scripts.TC004_Edit_Quote_01 -->
