<?xml version="1.0" encoding="UTF-8"?>
<!-- Generated by org.testng.reporters.JUnitReportReporter -->
<testsuite hostname="DESKTOP-G63O7EK" failures="0" tests="31" name="test.Test002_Create_Order" time="181.041" errors="0" timestamp="2025-01-11T09:42:59 IST" skipped="0">
  <testcase classname="test.Test002_Create_Order" name="productButtonTest" time="1.871"/>
  <system-out/>
  <testcase classname="test.Test002_Create_Order" name="productsVisibleOnCartIconTest" time="4.780"/>
  <system-out/>
  <testcase classname="test.Test002_Create_Order" name="selectProduct" time="17.029"/>
  <system-out/>
  <testcase classname="test.Test002_Create_Order" name="selectCart" time="4.244"/>
  <system-out/>
  <testcase classname="test.Test002_Create_Order" name="plusButtonTest" time="4.160"/>
  <system-out/>
  <testcase classname="test.Test002_Create_Order" name="increasingProductCountTest" time="3.049"/>
  <system-out/>
  <testcase classname="test.Test002_Create_Order" name="verifyDeleteTest" time="5.128"/>
  <system-out/>
  <testcase classname="test.Test002_Create_Order" name="validatingTotalProductOnCartTest" time="3.065"/>
  <system-out/>
  <testcase classname="test.Test002_Create_Order" name="deleteProductByThreedotButtonTest" time="8.389"/>
  <system-out/>
  <testcase classname="test.Test002_Create_Order" name="minusButtonTest" time="2.264"/>
  <system-out/>
  <testcase classname="test.Test002_Create_Order" name="decreasingProductCountTest" time="3.039"/>
  <system-out/>
  <testcase classname="test.Test002_Create_Order" name="addNoteByThreedotButtonTest" time="8.452"/>
  <system-out/>
  <testcase classname="test.Test002_Create_Order" name="writeNoteTest" time="3.171"/>
  <system-out/>
  <testcase classname="test.Test002_Create_Order" name="saveButtonTest" time="4.105"/>
  <system-out/>
  <testcase classname="test.Test002_Create_Order" name="addNoteText" time="0.043"/>
  <system-out/>
  <testcase classname="test.Test002_Create_Order" name="clickAgainOnThreeDotsButtonTest" time="8.312"/>
  <system-out/>
  <testcase classname="test.Test002_Create_Order" name="offeringDiscountTest" time="3.198"/>
  <system-out/>
  <testcase classname="test.Test002_Create_Order" name="verifyingAmountTest" time="4.106"/>
  <system-out/>
  <testcase classname="test.Test002_Create_Order" name="clickConfirmButtonTest" time="8.178"/>
  <system-out/>
  <testcase classname="test.Test002_Create_Order" name="verifyDiscountVisibilityOnProductTest" time="0.036"/>
  <system-out/>
  <testcase classname="test.Test002_Create_Order" name="clickBackArrowNextToCartTest" time="6.161"/>
  <system-out/>
  <testcase classname="test.Test002_Create_Order" name="selectCartAgain" time="4.236"/>
  <system-out/>
  <testcase classname="test.Test002_Create_Order" name="verifyProductOnCartAgainTest" time="3.055"/>
  <system-out/>
  <testcase classname="test.Test002_Create_Order" name="clickCreateOrderTest" time="8.178"/>
  <system-out/>
  <testcase classname="test.Test002_Create_Order" name="clickChooseCustomerTest" time="8.200"/>
  <system-out/>
  <testcase classname="test.Test002_Create_Order" name="clickCustomerSearchTextboxTest" time="15.365"/>
  <system-out/>
  <testcase classname="test.Test002_Create_Order" name="clickCreateOrder2ButtonTest" time="8.164"/>
  <system-out/>
  <testcase classname="test.Test002_Create_Order" name="clickProceedButtonTest" time="5.157"/>
  <system-out/>
  <testcase classname="test.Test002_Create_Order" name="clickSubmitOrderButtonTest" time="5.136"/>
  <system-out/>
  <testcase classname="test.Test002_Create_Order" name="clickSubmitButtonTest" time="8.177"/>
  <system-out/>
  <testcase classname="test.Test002_Create_Order" name="cancelOrderTest" time="12.593"/>
  <system-out/>
</testsuite> <!-- test.Test002_Create_Order -->
