<?xml version="1.0" encoding="UTF-8"?>
<!-- Generated by org.testng.reporters.JUnitReportReporter -->
<testsuite hostname="DESKTOP-G63O7EK" failures="0" tests="15" name="test.Test001_Login_Logout" time="63.918" errors="0" timestamp="2025-01-07T10:46:27 IST" skipped="0">
  <testcase classname="test.Test001_Login_Logout" name="openBrowser" time="5.615"/>
  <system-out/>
  <testcase classname="test.Test001_Login_Logout" name="loginPageTitleTest" time="0.036"/>
  <system-out/>
  <testcase classname="test.Test001_Login_Logout" name="logoTest" time="1.092"/>
  <system-out/>
  <testcase classname="test.Test001_Login_Logout" name="headingTest" time="0.057"/>
  <system-out/>
  <testcase classname="test.Test001_Login_Logout" name="passwordEyeTest" time="0.069"/>
  <system-out/>
  <testcase classname="test.Test001_Login_Logout" name="forgotPassTest" time="0.045"/>
  <system-out/>
  <testcase classname="test.Test001_Login_Logout" name="bottomLineTest" time="0.041"/>
  <system-out/>
  <testcase classname="test.Test001_Login_Logout" name="bookaDemoTest" time="0.037"/>
  <system-out/>
  <testcase classname="test.Test001_Login_Logout" name="loginAllCasesTest" time="9.657"/>
  <system-out/>
  <testcase classname="test.Test001_Login_Logout" name="loginAllCasesTest" time="9.692"/>
  <system-out/>
  <testcase classname="test.Test001_Login_Logout" name="loginAllCasesTest" time="8.979"/>
  <system-out/>
  <testcase classname="test.Test001_Login_Logout" name="loginAllCasesTest" time="8.532"/>
  <system-out/>
  <testcase classname="test.Test001_Login_Logout" name="loginAllCasesTest" time="10.306"/>
  <system-out/>
  <testcase classname="test.Test001_Login_Logout" name="logoutTest" time="4.472"/>
  <system-out/>
  <testcase classname="test.Test001_Login_Logout" name="closeBrowser" time="5.288"/>
  <system-out/>
</testsuite> <!-- test.Test001_Login_Logout -->
