<?xml version="1.0" encoding="UTF-8"?>
<!-- Generated by org.testng.reporters.JUnitReportReporter -->
<testsuite hostname="DESKTOP-G63O7EK" failures="0" tests="39" name="test.Test004_Edit_Quote_01" time="231.681" errors="0" timestamp="2025-01-07T10:46:27 IST" skipped="1">
  <testcase classname="test.Test004_Edit_Quote_01" name="productButtonTest" time="2.052"/>
  <system-out/>
  <testcase classname="test.Test004_Edit_Quote_01" name="selectProduct" time="12.058"/>
  <system-out/>
  <testcase classname="test.Test004_Edit_Quote_01" name="selectCart" time="4.266"/>
  <system-out/>
  <testcase classname="test.Test004_Edit_Quote_01" name="clickThreeDotsButtonTest" time="3.202"/>
  <system-out/>
  <testcase classname="test.Test004_Edit_Quote_01" name="selectDeleteCartTest" time="5.187"/>
  <system-out/>
  <testcase classname="test.Test004_Edit_Quote_01" name="handlingDiscardAllItemsInCartCheckboxTest" time="6.236"/>
  <system-out/>
  <testcase classname="test.Test004_Edit_Quote_01" name="clickAddExistingProductsTest" time="8.250"/>
  <system-out/>
  <testcase classname="test.Test004_Edit_Quote_01" name="selectmoreProductTest" time="26.905"/>
  <system-out/>
  <testcase classname="test.Test004_Edit_Quote_01" name="selectCartAgainTest" time="3.206"/>
  <system-out/>
  <testcase classname="test.Test004_Edit_Quote_01" name="clickCreateOrderTest" time="5.254"/>
  <system-out/>
  <testcase classname="test.Test004_Edit_Quote_01" name="clickChooseCustomerTest" time="8.276"/>
  <system-out/>
  <testcase classname="test.Test004_Edit_Quote_01" name="customerSearchTest" time="15.442"/>
  <system-out/>
  <testcase classname="test.Test004_Edit_Quote_01" name="clickCreateOrder2ButtonTest" time="8.203"/>
  <system-out/>
  <testcase classname="test.Test004_Edit_Quote_01" name="clickProceedButtonTest" time="5.250"/>
  <system-out/>
  <testcase classname="test.Test004_Edit_Quote_01" name="clickSubmitQuoteTest" time="10.319"/>
  <system-out/>
  <testcase classname="test.Test004_Edit_Quote_01" name="clickEditQuotebuttonTest" time="5.141"/>
  <system-out/>
  <testcase classname="test.Test004_Edit_Quote_01" name="clickAddDiscountButtonTest" time="3.202"/>
  <system-out/>
  <testcase classname="test.Test004_Edit_Quote_01" name="enterDiscountTest" time="3.332"/>
  <system-out/>
  <testcase classname="test.Test004_Edit_Quote_01" name="verifyAmountAfterDiscountTest" time="5.124"/>
  <system-out/>
  <testcase classname="test.Test004_Edit_Quote_01" name="clickApplyButtonTest" time="6.170"/>
  <system-out/>
  <testcase classname="test.Test004_Edit_Quote_01" name="clickAddShippingChargeButtonTest" time="3.210"/>
  <system-out/>
  <testcase classname="test.Test004_Edit_Quote_01" name="enterShippingChargeTest" time="3.248"/>
  <system-out/>
  <testcase classname="test.Test004_Edit_Quote_01" name="verifyAmountAfterShipping" time="0.160"/>
  <system-out/>
  <testcase classname="test.Test004_Edit_Quote_01" name="clickShippingApplyButtonTest" time="6.147"/>
  <system-out/>
  <testcase classname="test.Test004_Edit_Quote_01" name="clickAddTaxButtonTest" time="3.181"/>
  <system-out/>
  <testcase classname="test.Test004_Edit_Quote_01" name="enterTaxTest" time="3.248"/>
  <system-out/>
  <testcase classname="test.Test004_Edit_Quote_01" name="verifyAmountAfterTaxTest" time="0.176"/>
  <system-out/>
  <testcase classname="test.Test004_Edit_Quote_01" name="clickTaxApplyButtonTest" time="6.150"/>
  <system-out/>
  <testcase classname="test.Test004_Edit_Quote_01" name="clickAddAdditionalChargeButtonTest" time="3.181"/>
  <system-out/>
  <testcase classname="test.Test004_Edit_Quote_01" name="enterAdditionalchargeTest" time="3.159"/>
  <system-out/>
  <testcase classname="test.Test004_Edit_Quote_01" name="verifyAmountAfterAddChargeTest" time="0.158"/>
  <system-out/>
  <testcase classname="test.Test004_Edit_Quote_01" name="clickApplyAdditionalChargeButtonTest" time="10.123"/>
  <system-out/>
  <testcase classname="test.Test004_Edit_Quote_01" name="verifyPageAmountTest" time="6.303"/>
  <system-out/>
  <testcase classname="test.Test004_Edit_Quote_01" name="clickReSubmitQuoteButtonTest" time="6.372"/>
  <system-out/>
  <testcase classname="test.Test004_Edit_Quote_01" name="clickConvertToOrderTest" time="3.168"/>
  <system-out/>
  <testcase classname="test.Test004_Edit_Quote_01" name="handlingCheckbox1Test" time="11.199"/>
  <system-out/>
  <testcase classname="test.Test004_Edit_Quote_01" name="clickSubmitOrderButtonTest" time="5.154"/>
  <system-out/>
  <testcase classname="test.Test004_Edit_Quote_01" name="handlingCheckbox2Test" time="10.269"/>
  <system-out/>
  <testcase classname="test.Test004_Edit_Quote_01" name="enterAdditionalchargeNameTest">
    <skipped/>
  </testcase> <!-- enterAdditionalchargeNameTest -->
  <system-out/>
</testsuite> <!-- test.Test004_Edit_Quote_01 -->
