<?xml version="1.0" encoding="UTF-8"?>
<!-- Generated by org.testng.reporters.JUnitReportReporter -->
<testsuite hostname="DESKTOP-HGMSAGS" failures="0" tests="6" name="scripts.TC004_ReSubmitQuote" time="121.952" errors="0" timestamp="2024-05-02T09:49:08 IST" skipped="0">
  <testcase classname="scripts.TC004_ReSubmitQuote" name="tc004_Login" time="3.349"/>
  <system-out/>
  <testcase classname="scripts.TC004_ReSubmitQuote" name="quote" time="6.129"/>
  <system-out/>
  <testcase classname="scripts.TC004_ReSubmitQuote" name="quote_Verify_Searchbox" time="14.400"/>
  <system-out/>
  <testcase classname="scripts.TC004_ReSubmitQuote" name="quote_click_Products" time="12.332"/>
  <system-out/>
  <testcase classname="scripts.TC004_ReSubmitQuote" name="cart_Page2" time="47.893"/>
  <system-out/>
  <testcase classname="scripts.TC004_ReSubmitQuote" name="edit_submit_quote" time="37.849"/>
  <system-out/>
</testsuite> <!-- scripts.TC004_ReSubmitQuote -->
