<?xml version="1.0" encoding="UTF-8"?>
<!-- Generated by org.testng.reporters.JUnitReportReporter -->
<testsuite hostname="DESKTOP-HGMSAGS" failures="0" tests="6" name="scripts.TC003_Quote_To_Order" time="163.939" errors="0" timestamp="2024-05-10T11:02:12 IST" skipped="0">
  <testcase classname="scripts.TC003_Quote_To_Order" name="tc003_Login" time="3.360"/>
  <system-out/>
  <testcase classname="scripts.TC003_Quote_To_Order" name="quote" time="7.122"/>
  <system-out/>
  <testcase classname="scripts.TC003_Quote_To_Order" name="quote_Verify_Searchbox" time="14.435"/>
  <system-out/>
  <testcase classname="scripts.TC003_Quote_To_Order" name="quote_click_Products" time="19.339"/>
  <system-out/>
  <testcase classname="scripts.TC003_Quote_To_Order" name="cart_Page2" time="90.109"/>
  <system-out/>
  <testcase classname="scripts.TC003_Quote_To_Order" name="convert_To_Order" time="29.574"/>
  <system-out/>
</testsuite> <!-- scripts.TC003_Quote_To_Order -->
