<?xml version="1.0" encoding="UTF-8"?>
<!-- Generated by org.testng.reporters.JUnitReportReporter -->
<testsuite hostname="DESKTOP-G63O7EK" failures="0" tests="26" name="test.Test007_Buyer_Switching" time="2.563" errors="1" timestamp="2024-12-18T16:12:24 IST" skipped="25">
  <testcase classname="test.Test007_Buyer_Switching" name="openBrowser" time="2.563">
    <error message="no such window: target window already closed
from unknown error: web view not found
  (Session info: chrome=131.0.6778.140)
Build info: version: &#039;4.21.0&#039;, revision: &#039;79ed462ef4&#039;
System info: os.name: &#039;Windows 11&#039;, os.arch: &#039;amd64&#039;, os.version: &#039;10.0&#039;, java.version: &#039;22.0.1&#039;
Driver info: org.openqa.selenium.chrome.ChromeDriver
Command: [11628825ee10b2e7d80ea86fdd20f228, maximizeCurrentWindow {}]
Capabilities {acceptInsecureCerts: false, browserName: chrome, browserVersion: 131.0.6778.140, chrome: {chromedriverVersion: 131.0.6778.85 (3d81e41b6f3a..., userDataDir: C:\Users\heman\AppData\Loca...}, fedcm:accounts: true, goog:chromeOptions: {debuggerAddress: localhost:53991}, networkConnectionEnabled: false, pageLoadStrategy: normal, platformName: windows, proxy: Proxy(), se:cdp: ws://localhost:53991/devtoo..., se:cdpVersion: 131.0.6778.140, setWindowRect: true, strictFileInteractability: false, timeouts: {implicit: 0, pageLoad: 300000, script: 30000}, unhandledPromptBehavior: dismiss and notify, webauthn:extension:credBlob: true, webauthn:extension:largeBlob: true, webauthn:extension:minPinLength: true, webauthn:extension:prf: true, webauthn:virtualAuthenticators: true}
Session ID: 11628825ee10b2e7d80ea86fdd20f228" type="org.openqa.selenium.NoSuchWindowException">
      <![CDATA[org.openqa.selenium.NoSuchWindowException: no such window: target window already closed
from unknown error: web view not found
  (Session info: chrome=131.0.6778.140)
Build info: version: '4.21.0', revision: '79ed462ef4'
System info: os.name: 'Windows 11', os.arch: 'amd64', os.version: '10.0', java.version: '22.0.1'
Driver info: org.openqa.selenium.chrome.ChromeDriver
Command: [11628825ee10b2e7d80ea86fdd20f228, maximizeCurrentWindow {}]
Capabilities {acceptInsecureCerts: false, browserName: chrome, browserVersion: 131.0.6778.140, chrome: {chromedriverVersion: 131.0.6778.85 (3d81e41b6f3a..., userDataDir: C:\Users\heman\AppData\Loca...}, fedcm:accounts: true, goog:chromeOptions: {debuggerAddress: localhost:53991}, networkConnectionEnabled: false, pageLoadStrategy: normal, platformName: windows, proxy: Proxy(), se:cdp: ws://localhost:53991/devtoo..., se:cdpVersion: 131.0.6778.140, setWindowRect: true, strictFileInteractability: false, timeouts: {implicit: 0, pageLoad: 300000, script: 30000}, unhandledPromptBehavior: dismiss and notify, webauthn:extension:credBlob: true, webauthn:extension:largeBlob: true, webauthn:extension:minPinLength: true, webauthn:extension:prf: true, webauthn:virtualAuthenticators: true}
Session ID: 11628825ee10b2e7d80ea86fdd20f228
at java.base/jdk.internal.reflect.DirectConstructorHandleAccessor.newInstance(DirectConstructorHandleAccessor.java:62)
at java.base/java.lang.reflect.Constructor.newInstanceWithCaller(Constructor.java:502)
at java.base/java.lang.reflect.Constructor.newInstance(Constructor.java:486)
at org.openqa.selenium.remote.ErrorCodec.decode(ErrorCodec.java:167)
at org.openqa.selenium.remote.codec.w3c.W3CHttpResponseCodec.decode(W3CHttpResponseCodec.java:138)
at org.openqa.selenium.remote.codec.w3c.W3CHttpResponseCodec.decode(W3CHttpResponseCodec.java:50)
at org.openqa.selenium.remote.HttpCommandExecutor.execute(HttpCommandExecutor.java:190)
at org.openqa.selenium.remote.service.DriverCommandExecutor.invokeExecute(DriverCommandExecutor.java:216)
at org.openqa.selenium.remote.service.DriverCommandExecutor.execute(DriverCommandExecutor.java:174)
at org.openqa.selenium.remote.RemoteWebDriver.execute(RemoteWebDriver.java:518)
at org.openqa.selenium.remote.RemoteWebDriver.execute(RemoteWebDriver.java:591)
at org.openqa.selenium.remote.RemoteWebDriver.execute(RemoteWebDriver.java:595)
at org.openqa.selenium.remote.RemoteWebDriver$RemoteWebDriverOptions$RemoteWindow.maximize(RemoteWebDriver.java:1034)
at generic.BaseTest.openBrowser(BaseTest.java:75)
at java.base/jdk.internal.reflect.DirectMethodHandleAccessor.invoke(DirectMethodHandleAccessor.java:103)
at java.base/java.lang.reflect.Method.invoke(Method.java:580)
at org.testng.internal.MethodInvocationHelper.invokeMethod(MethodInvocationHelper.java:133)
at org.testng.internal.MethodInvocationHelper.invokeMethodConsideringTimeout(MethodInvocationHelper.java:62)
at org.testng.internal.ConfigInvoker.invokeConfigurationMethod(ConfigInvoker.java:385)
at org.testng.internal.ConfigInvoker.invokeConfigurations(ConfigInvoker.java:321)
at org.testng.internal.TestMethodWorker.invokeBeforeClassMethods(TestMethodWorker.java:176)
at org.testng.internal.TestMethodWorker.run(TestMethodWorker.java:122)
at java.base/java.util.concurrent.ThreadPoolExecutor.runWorker(ThreadPoolExecutor.java:1144)
at java.base/java.util.concurrent.ThreadPoolExecutor$Worker.run(ThreadPoolExecutor.java:642)
at java.base/java.lang.Thread.run(Thread.java:1570)
]]>
    </error>
  </testcase> <!-- openBrowser -->
  <system-out/>
  <testcase classname="test.Test007_Buyer_Switching" name="productButtonTest" time="0.000">
    <skipped/>
  </testcase> <!-- productButtonTest -->
  <system-out/>
  <testcase classname="test.Test007_Buyer_Switching" name="selectProduct" time="0.000">
    <skipped/>
  </testcase> <!-- selectProduct -->
  <system-out/>
  <testcase classname="test.Test007_Buyer_Switching" name="clickGuestCustomerButton1sttimeTest" time="0.000">
    <skipped/>
  </testcase> <!-- clickGuestCustomerButton1sttimeTest -->
  <system-out/>
  <testcase classname="test.Test007_Buyer_Switching" name="clickCustomerSearchTextbox1stTimeTest" time="0.000">
    <skipped/>
  </testcase> <!-- clickCustomerSearchTextbox1stTimeTest -->
  <system-out/>
  <testcase classname="test.Test007_Buyer_Switching" name="clickCustomer1Test" time="0.000">
    <skipped/>
  </testcase> <!-- clickCustomer1Test -->
  <system-out/>
  <testcase classname="test.Test007_Buyer_Switching" name="clickCartButton1stTimeTest" time="0.000">
    <skipped/>
  </testcase> <!-- clickCartButton1stTimeTest -->
  <system-out/>
  <testcase classname="test.Test007_Buyer_Switching" name="verifyEmptyCart1stTimeTest" time="0.000">
    <skipped/>
  </testcase> <!-- verifyEmptyCart1stTimeTest -->
  <system-out/>
  <testcase classname="test.Test007_Buyer_Switching" name="verifyCustomerNameOnCartPage1stTimeTest" time="0.000">
    <skipped/>
  </testcase> <!-- verifyCustomerNameOnCartPage1stTimeTest -->
  <system-out/>
  <testcase classname="test.Test007_Buyer_Switching" name="selectProduct2ndTimeTest" time="0.000">
    <skipped/>
  </testcase> <!-- selectProduct2ndTimeTest -->
  <system-out/>
  <testcase classname="test.Test007_Buyer_Switching" name="clickGuestCustomerButton2ndTimeTest" time="0.000">
    <skipped/>
  </testcase> <!-- clickGuestCustomerButton2ndTimeTest -->
  <system-out/>
  <testcase classname="test.Test007_Buyer_Switching" name="clickCustomerSearchTextbox2ndTimeTest" time="0.000">
    <skipped/>
  </testcase> <!-- clickCustomerSearchTextbox2ndTimeTest -->
  <system-out/>
  <testcase classname="test.Test007_Buyer_Switching" name="clickCustomer2Test" time="0.000">
    <skipped/>
  </testcase> <!-- clickCustomer2Test -->
  <system-out/>
  <testcase classname="test.Test007_Buyer_Switching" name="clickCartButton2ndTime" time="0.000">
    <skipped/>
  </testcase> <!-- clickCartButton2ndTime -->
  <system-out/>
  <testcase classname="test.Test007_Buyer_Switching" name="verifyCustomerNameOnCartPage2ndTimeTest" time="0.000">
    <skipped/>
  </testcase> <!-- verifyCustomerNameOnCartPage2ndTimeTest -->
  <system-out/>
  <testcase classname="test.Test007_Buyer_Switching" name="verifyProductOnCart1stTimeTest" time="0.000">
    <skipped/>
  </testcase> <!-- verifyProductOnCart1stTimeTest -->
  <system-out/>
  <testcase classname="test.Test007_Buyer_Switching" name="clickOnCustomerButton3rdTime" time="0.000">
    <skipped/>
  </testcase> <!-- clickOnCustomerButton3rdTime -->
  <system-out/>
  <testcase classname="test.Test007_Buyer_Switching" name="verifyProductOnCart2ndTime" time="0.000">
    <skipped/>
  </testcase> <!-- verifyProductOnCart2ndTime -->
  <system-out/>
  <testcase classname="test.Test007_Buyer_Switching" name="clickGuestCustomerButton3rdTimeforReplaceTest" time="0.000">
    <skipped/>
  </testcase> <!-- clickGuestCustomerButton3rdTimeforReplaceTest -->
  <system-out/>
  <testcase classname="test.Test007_Buyer_Switching" name="clickCustomerSearchTextbox3rdTime" time="0.000">
    <skipped/>
  </testcase> <!-- clickCustomerSearchTextbox3rdTime -->
  <system-out/>
  <testcase classname="test.Test007_Buyer_Switching" name="clickCustomer2AgainForkeepExistingTest" time="0.000">
    <skipped/>
  </testcase> <!-- clickCustomer2AgainForkeepExistingTest -->
  <system-out/>
  <testcase classname="test.Test007_Buyer_Switching" name="verifyProductOnCart3rdTimeTest" time="0.000">
    <skipped/>
  </testcase> <!-- verifyProductOnCart3rdTimeTest -->
  <system-out/>
  <testcase classname="test.Test007_Buyer_Switching" name="clickGuestCustomerButton4thTime" time="0.000">
    <skipped/>
  </testcase> <!-- clickGuestCustomerButton4thTime -->
  <system-out/>
  <testcase classname="test.Test007_Buyer_Switching" name="clickCustomerSearchTextbox4thTime" time="0.000">
    <skipped/>
  </testcase> <!-- clickCustomerSearchTextbox4thTime -->
  <system-out/>
  <testcase classname="test.Test007_Buyer_Switching" name="clickCustomerSearchTextbox4theTime" time="0.000">
    <skipped/>
  </testcase> <!-- clickCustomerSearchTextbox4theTime -->
  <system-out/>
  <testcase classname="test.Test007_Buyer_Switching" name="clickCustomer4ForReplaceTest" time="0.000">
    <skipped/>
  </testcase> <!-- clickCustomer4ForReplaceTest -->
  <system-out/>
</testsuite> <!-- test.Test007_Buyer_Switching -->
