<?xml version="1.0" encoding="UTF-8"?>
<!-- Generated by org.testng.reporters.JUnitReportReporter -->
<testsuite hostname="DESKTOP-HGMSAGS" failures="0" tests="6" name="scripts.TC001_LoginFunctionality_AllCases" time="44.164" errors="0" timestamp="2024-05-10T10:30:20 IST" skipped="0">
  <testcase classname="scripts.TC001_LoginFunctionality_AllCases" name="tc001_LoginFunctionality_AllCases" time="6.383"/>
  <system-out/>
  <testcase classname="scripts.TC001_LoginFunctionality_AllCases" name="tc001_LoginFunctionality_AllCases" time="6.463"/>
  <system-out/>
  <testcase classname="scripts.TC001_LoginFunctionality_AllCases" name="tc001_LoginFunctionality_AllCases" time="6.353"/>
  <system-out/>
  <testcase classname="scripts.TC001_LoginFunctionality_AllCases" name="tc001_LoginFunctionality_AllCases" time="6.395"/>
  <system-out/>
  <testcase classname="scripts.TC001_LoginFunctionality_AllCases" name="tc001_LoginFunctionality_AllCases" time="6.477"/>
  <system-out/>
  <testcase classname="scripts.TC001_LoginFunctionality_AllCases" name="LogoutPage" time="12.093"/>
  <system-out/>
</testsuite> <!-- scripts.TC001_LoginFunctionality_AllCases -->
