<?xml version="1.0" encoding="UTF-8"?>
<!-- Generated by org.testng.reporters.JUnitReportReporter -->
<testsuite hostname="DESKTOP-HGMSAGS" failures="0" tests="7" name="scripts.Demo001" time="41.994" errors="0" timestamp="2024-05-08T10:17:29 IST" skipped="0">
  <testcase classname="scripts.Demo001" name="loginPageTitleTest" time="0.048"/>
  <system-out/>
  <testcase classname="scripts.Demo001" name="loginAllCasesTest" time="6.469"/>
  <system-out/>
  <testcase classname="scripts.Demo001" name="loginAllCasesTest" time="6.433"/>
  <system-out/>
  <testcase classname="scripts.Demo001" name="loginAllCasesTest" time="6.457"/>
  <system-out/>
  <testcase classname="scripts.Demo001" name="loginAllCasesTest" time="6.399"/>
  <system-out/>
  <testcase classname="scripts.Demo001" name="loginAllCasesTest" time="6.347"/>
  <system-out/>
  <testcase classname="scripts.Demo001" name="logoutTest" time="9.841"/>
  <system-out/>
</testsuite> <!-- scripts.Demo001 -->
