<?xml version="1.0" encoding="UTF-8"?>
<!-- Generated by org.testng.reporters.JUnitReportReporter -->
<testsuite hostname="DESKTOP-HGMSAGS" failures="0" tests="2" name="scripts.tc1" time="1.037" errors="0" timestamp="2024-04-21T11:49:10 IST" skipped="0">
  <testcase classname="scripts.tc1" name="tc_Invalid" time="0.683"/>
  <system-out/>
  <testcase classname="scripts.tc1" name="tc_Invalid" time="0.354"/>
  <system-out/>
</testsuite> <!-- scripts.tc1 -->
