<?xml version="1.0" encoding="UTF-8"?>
<!-- Generated by org.testng.reporters.JUnitReportReporter -->
<testsuite hostname="DESKTOP-HGMSAGS" failures="0" tests="8" name="scripts.Test004_Edit_Quote_01" time="174.719" errors="0" timestamp="2024-05-10T15:55:28 IST" skipped="0">
  <testcase classname="scripts.Test004_Edit_Quote_01" name="login" time="8.870"/>
  <system-out/>
  <testcase classname="scripts.Test004_Edit_Quote_01" name="selectProduct" time="33.152"/>
  <system-out/>
  <testcase classname="scripts.Test004_Edit_Quote_01" name="selectCart" time="3.173"/>
  <system-out/>
  <testcase classname="scripts.Test004_Edit_Quote_01" name="selectCustomer" time="31.182"/>
  <system-out/>
  <testcase classname="scripts.Test004_Edit_Quote_01" name="selectSaveForLater" time="23.259"/>
  <system-out/>
  <testcase classname="scripts.Test004_Edit_Quote_01" name="convert" time="5.156"/>
  <system-out/>
  <testcase classname="scripts.Test004_Edit_Quote_01" name="editQuote" time="37.260"/>
  <system-out/>
  <testcase classname="scripts.Test004_Edit_Quote_01" name="convertToOrde" time="32.667"/>
  <system-out/>
</testsuite> <!-- scripts.Test004_Edit_Quote_01 -->
