<?xml version="1.0" encoding="UTF-8"?>
<!-- Generated by org.testng.reporters.JUnitReportReporter -->
<testsuite hostname="DESKTOP-HGMSAGS" failures="0" tests="13" name="scripts.Test001_Login_Logout" time="47.009" errors="0" timestamp="2024-05-10T10:11:44 IST" skipped="0">
  <testcase classname="scripts.Test001_Login_Logout" name="loginPageTitleTest" time="0.058"/>
  <system-out/>
  <testcase classname="scripts.Test001_Login_Logout" name="logoTest" time="0.039"/>
  <system-out/>
  <testcase classname="scripts.Test001_Login_Logout" name="headingTest" time="0.033"/>
  <system-out/>
  <testcase classname="scripts.Test001_Login_Logout" name="passwordEyeTest" time="0.036"/>
  <system-out/>
  <testcase classname="scripts.Test001_Login_Logout" name="forgotPassTest" time="0.024"/>
  <system-out/>
  <testcase classname="scripts.Test001_Login_Logout" name="bottomLineTest" time="0.022"/>
  <system-out/>
  <testcase classname="scripts.Test001_Login_Logout" name="bookaDemoTest" time="0.021"/>
  <system-out/>
  <testcase classname="scripts.Test001_Login_Logout" name="loginAllCasesTest" time="8.349"/>
  <system-out/>
  <testcase classname="scripts.Test001_Login_Logout" name="loginAllCasesTest" time="8.410"/>
  <system-out/>
  <testcase classname="scripts.Test001_Login_Logout" name="loginAllCasesTest" time="8.397"/>
  <system-out/>
  <testcase classname="scripts.Test001_Login_Logout" name="loginAllCasesTest" time="8.438"/>
  <system-out/>
  <testcase classname="scripts.Test001_Login_Logout" name="loginAllCasesTest" time="8.442"/>
  <system-out/>
  <testcase classname="scripts.Test001_Login_Logout" name="logoutTest" time="4.740"/>
  <system-out/>
</testsuite> <!-- scripts.Test001_Login_Logout -->
