<?xml version="1.0" encoding="UTF-8"?>
<!-- Generated by org.testng.reporters.JUnitReportReporter -->
<testsuite hostname="DESKTOP-G63O7EK" failures="0" tests="40" name="test.Test004_Edit_Quote_01" time="243.167" errors="0" timestamp="2025-01-13T11:15:18 IST" skipped="1">
  <testcase classname="test.Test004_Edit_Quote_01" name="productButtonTest" time="1.904"/>
  <system-out/>
  <testcase classname="test.Test004_Edit_Quote_01" name="selectProduct" time="12.590"/>
  <system-out/>
  <testcase classname="test.Test004_Edit_Quote_01" name="selectCart" time="4.273"/>
  <system-out/>
  <testcase classname="test.Test004_Edit_Quote_01" name="clickThreeDotsButtonTest" time="3.182"/>
  <system-out/>
  <testcase classname="test.Test004_Edit_Quote_01" name="selectDeleteCartTest" time="5.159"/>
  <system-out/>
  <testcase classname="test.Test004_Edit_Quote_01" name="handlingDiscardAllItemsInCartCheckboxTest" time="6.157"/>
  <system-out/>
  <testcase classname="test.Test004_Edit_Quote_01" name="clickAddExistingProductsTest" time="8.175"/>
  <system-out/>
  <testcase classname="test.Test004_Edit_Quote_01" name="selectmoreProductTest" time="26.833"/>
  <system-out/>
  <testcase classname="test.Test004_Edit_Quote_01" name="selectCartAgainTest" time="3.195"/>
  <system-out/>
  <testcase classname="test.Test004_Edit_Quote_01" name="clickCreateOrderTest" time="5.229"/>
  <system-out/>
  <testcase classname="test.Test004_Edit_Quote_01" name="clickChooseCustomerTest" time="8.223"/>
  <system-out/>
  <testcase classname="test.Test004_Edit_Quote_01" name="customerSearchTest" time="15.375"/>
  <system-out/>
  <testcase classname="test.Test004_Edit_Quote_01" name="clickCreateOrder2ButtonTest" time="8.134"/>
  <system-out/>
  <testcase classname="test.Test004_Edit_Quote_01" name="clickProceedButtonTest" time="5.225"/>
  <system-out/>
  <testcase classname="test.Test004_Edit_Quote_01" name="clickSubmitQuoteTest" time="10.285"/>
  <system-out/>
  <testcase classname="test.Test004_Edit_Quote_01" name="clickEditQuotebuttonTest" time="5.146"/>
  <system-out/>
  <testcase classname="test.Test004_Edit_Quote_01" name="clickAddDiscountButtonTest" time="3.160"/>
  <system-out/>
  <testcase classname="test.Test004_Edit_Quote_01" name="enterDiscountTest" time="3.204"/>
  <system-out/>
  <testcase classname="test.Test004_Edit_Quote_01" name="verifyAmountAfterDiscountTest" time="5.115"/>
  <system-out/>
  <testcase classname="test.Test004_Edit_Quote_01" name="clickApplyButtonTest" time="6.115"/>
  <system-out/>
  <testcase classname="test.Test004_Edit_Quote_01" name="clickAddShippingChargeButtonTest" time="3.135"/>
  <system-out/>
  <testcase classname="test.Test004_Edit_Quote_01" name="enterShippingChargeTest" time="3.169"/>
  <system-out/>
  <testcase classname="test.Test004_Edit_Quote_01" name="verifyAmountAfterShipping" time="0.119"/>
  <system-out/>
  <testcase classname="test.Test004_Edit_Quote_01" name="clickShippingApplyButtonTest" time="6.152"/>
  <system-out/>
  <testcase classname="test.Test004_Edit_Quote_01" name="clickAddTaxButtonTest" time="3.136"/>
  <system-out/>
  <testcase classname="test.Test004_Edit_Quote_01" name="enterTaxTest" time="3.143"/>
  <system-out/>
  <testcase classname="test.Test004_Edit_Quote_01" name="verifyAmountAfterTaxTest" time="0.097"/>
  <system-out/>
  <testcase classname="test.Test004_Edit_Quote_01" name="clickTaxApplyButtonTest" time="6.105"/>
  <system-out/>
  <testcase classname="test.Test004_Edit_Quote_01" name="clickAddAdditionalChargeButtonTest" time="3.128"/>
  <system-out/>
  <testcase classname="test.Test004_Edit_Quote_01" name="enterAdditionalchargeTest" time="3.105"/>
  <system-out/>
  <testcase classname="test.Test004_Edit_Quote_01" name="verifyAmountAfterAddChargeTest" time="0.140"/>
  <system-out/>
  <testcase classname="test.Test004_Edit_Quote_01" name="clickApplyAdditionalChargeButtonTest" time="10.120"/>
  <system-out/>
  <testcase classname="test.Test004_Edit_Quote_01" name="verifyPageAmountTest" time="6.279"/>
  <system-out/>
  <testcase classname="test.Test004_Edit_Quote_01" name="clickReSubmitQuoteButtonTest" time="6.261"/>
  <system-out/>
  <testcase classname="test.Test004_Edit_Quote_01" name="clickConvertToOrderTest" time="3.142"/>
  <system-out/>
  <testcase classname="test.Test004_Edit_Quote_01" name="handlingCheckbox1Test" time="11.200"/>
  <system-out/>
  <testcase classname="test.Test004_Edit_Quote_01" name="clickSubmitOrderButtonTest" time="5.141"/>
  <system-out/>
  <testcase classname="test.Test004_Edit_Quote_01" name="handlingCheckbox2Test" time="10.195"/>
  <system-out/>
  <testcase classname="test.Test004_Edit_Quote_01" name="orderCancelledTest" time="12.721"/>
  <system-out/>
  <testcase classname="test.Test004_Edit_Quote_01" name="enterAdditionalchargeNameTest">
    <skipped/>
  </testcase> <!-- enterAdditionalchargeNameTest -->
  <system-out/>
</testsuite> <!-- test.Test004_Edit_Quote_01 -->
