<?xml version="1.0" encoding="UTF-8"?>
<!-- Generated by org.testng.reporters.JUnitReportReporter -->
<testsuite hostname="DESKTOP-HGMSAGS" failures="0" tests="5" name="scripts.Test1" time="41.685" errors="0" timestamp="2024-04-21T13:11:03 IST" skipped="0">
  <testcase classname="scripts.Test1" name="tc001_LoginFunctionality_AllCases" time="8.074"/>
  <system-out/>
  <testcase classname="scripts.Test1" name="tc001_LoginFunctionality_AllCases" time="8.460"/>
  <system-out/>
  <testcase classname="scripts.Test1" name="tc001_LoginFunctionality_AllCases" time="8.683"/>
  <system-out/>
  <testcase classname="scripts.Test1" name="tc001_LoginFunctionality_AllCases" time="8.577"/>
  <system-out/>
  <testcase classname="scripts.Test1" name="tc001_LoginFunctionality_AllCases" time="7.891"/>
  <system-out/>
</testsuite> <!-- scripts.Test1 -->
