<?xml version="1.0" encoding="UTF-8"?>
<!-- Generated by org.testng.reporters.JUnitReportReporter -->
<testsuite hostname="DESKTOP-G63O7EK" failures="0" tests="72" name="test.Test008_Container" time="583.268" errors="0" timestamp="2025-01-18T11:17:21 IST" skipped="0">
  <testcase classname="test.Test008_Container" name="productButtonTest" time="1.914"/>
  <system-out/>
  <testcase classname="test.Test008_Container" name="productButtonTest" time="2.042"/>
  <system-out/>
  <testcase classname="test.Test008_Container" name="productButtonTest" time="2.749"/>
  <system-out/>
  <testcase classname="test.Test008_Container" name="selectProduct" time="12.247"/>
  <system-out/>
  <testcase classname="test.Test008_Container" name="selectProduct" time="11.936"/>
  <system-out/>
  <testcase classname="test.Test008_Container" name="selectProduct" time="11.965"/>
  <system-out/>
  <testcase classname="test.Test008_Container" name="selectCart" time="4.157"/>
  <system-out/>
  <testcase classname="test.Test008_Container" name="selectCart" time="4.316"/>
  <system-out/>
  <testcase classname="test.Test008_Container" name="selectCart" time="4.156"/>
  <system-out/>
  <testcase classname="test.Test008_Container" name="containerBoxVisibilityTest" time="3.052"/>
  <system-out/>
  <testcase classname="test.Test008_Container" name="containerBoxVisibilityTest" time="3.082"/>
  <system-out/>
  <testcase classname="test.Test008_Container" name="containerBoxVisibilityTest" time="3.029"/>
  <system-out/>
  <testcase classname="test.Test008_Container" name="toggleSwitchTest" time="6.201"/>
  <system-out/>
  <testcase classname="test.Test008_Container" name="toggleSwitchTest" time="6.208"/>
  <system-out/>
  <testcase classname="test.Test008_Container" name="toggleSwitchTest" time="6.162"/>
  <system-out/>
  <testcase classname="test.Test008_Container" name="clickCreateOrderTest" time="5.236"/>
  <system-out/>
  <testcase classname="test.Test008_Container" name="clickCreateOrderTest" time="5.292"/>
  <system-out/>
  <testcase classname="test.Test008_Container" name="clickCreateOrderTest" time="5.156"/>
  <system-out/>
  <testcase classname="test.Test008_Container" name="clickChooseCustomerTest" time="8.334"/>
  <system-out/>
  <testcase classname="test.Test008_Container" name="clickChooseCustomerTest" time="8.183"/>
  <system-out/>
  <testcase classname="test.Test008_Container" name="clickChooseCustomerTest" time="8.274"/>
  <system-out/>
  <testcase classname="test.Test008_Container" name="customerSearchTest" time="15.350"/>
  <system-out/>
  <testcase classname="test.Test008_Container" name="customerSearchTest" time="15.421"/>
  <system-out/>
  <testcase classname="test.Test008_Container" name="customerSearchTest" time="15.347"/>
  <system-out/>
  <testcase classname="test.Test008_Container" name="checkContainerOnCartPageAfterSelectingCustomerTest" time="3.207"/>
  <system-out/>
  <testcase classname="test.Test008_Container" name="checkContainerOnCartPageAfterSelectingCustomerTest" time="3.188"/>
  <system-out/>
  <testcase classname="test.Test008_Container" name="checkContainerOnCartPageAfterSelectingCustomerTest" time="3.200"/>
  <system-out/>
  <testcase classname="test.Test008_Container" name="defaultCFTTest" time="0.013"/>
  <system-out/>
  <testcase classname="test.Test008_Container" name="defaultCFTTest" time="0.046"/>
  <system-out/>
  <testcase classname="test.Test008_Container" name="defaultCFTTest" time="0.028"/>
  <system-out/>
  <testcase classname="test.Test008_Container" name="clickCBMTest" time="5.136"/>
  <system-out/>
  <testcase classname="test.Test008_Container" name="clickCBMTest" time="5.122"/>
  <system-out/>
  <testcase classname="test.Test008_Container" name="clickCBMTest" time="5.270"/>
  <system-out/>
  <testcase classname="test.Test008_Container" name="selctCBMFromDropdownTest" time="24.615"/>
  <system-out/>
  <testcase classname="test.Test008_Container" name="selctCBMFromDropdownTest" time="24.360"/>
  <system-out/>
  <testcase classname="test.Test008_Container" name="selctCBMFromDropdownTest" time="24.500"/>
  <system-out/>
  <testcase classname="test.Test008_Container" name="clickCFTAgainAndSelctCFTFromDropdownTest" time="24.320"/>
  <system-out/>
  <testcase classname="test.Test008_Container" name="clickCFTAgainAndSelctCFTFromDropdownTest" time="24.382"/>
  <system-out/>
  <testcase classname="test.Test008_Container" name="clickCFTAgainAndSelctCFTFromDropdownTest" time="24.393"/>
  <system-out/>
  <testcase classname="test.Test008_Container" name="toggleSwitchAgainTest" time="6.179"/>
  <system-out/>
  <testcase classname="test.Test008_Container" name="toggleSwitchAgainTest" time="6.177"/>
  <system-out/>
  <testcase classname="test.Test008_Container" name="toggleSwitchAgainTest" time="6.217"/>
  <system-out/>
  <testcase classname="test.Test008_Container" name="clickCreateOrder2ButtonTest" time="8.174"/>
  <system-out/>
  <testcase classname="test.Test008_Container" name="clickCreateOrder2ButtonTest" time="8.313"/>
  <system-out/>
  <testcase classname="test.Test008_Container" name="clickCreateOrder2ButtonTest" time="8.236"/>
  <system-out/>
  <testcase classname="test.Test008_Container" name="clickProceedButtonTest" time="5.307"/>
  <system-out/>
  <testcase classname="test.Test008_Container" name="clickProceedButtonTest" time="5.166"/>
  <system-out/>
  <testcase classname="test.Test008_Container" name="clickProceedButtonTest" time="5.181"/>
  <system-out/>
  <testcase classname="test.Test008_Container" name="toggleSwitchCheckTest" time="3.007"/>
  <system-out/>
  <testcase classname="test.Test008_Container" name="toggleSwitchCheckTest" time="3.014"/>
  <system-out/>
  <testcase classname="test.Test008_Container" name="toggleSwitchCheckTest" time="3.011"/>
  <system-out/>
  <testcase classname="test.Test008_Container" name="clickEditButtonTest" time="5.167"/>
  <system-out/>
  <testcase classname="test.Test008_Container" name="clickEditButtonTest" time="5.287"/>
  <system-out/>
  <testcase classname="test.Test008_Container" name="clickEditButtonTest" time="5.126"/>
  <system-out/>
  <testcase classname="test.Test008_Container" name="clickAddProductsButtonTest" time="8.211"/>
  <system-out/>
  <testcase classname="test.Test008_Container" name="clickAddProductsButtonTest" time="8.347"/>
  <system-out/>
  <testcase classname="test.Test008_Container" name="clickAddProductsButtonTest" time="8.283"/>
  <system-out/>
  <testcase classname="test.Test008_Container" name="selectmoreProductTest" time="26.877"/>
  <system-out/>
  <testcase classname="test.Test008_Container" name="selectmoreProductTest" time="27.117"/>
  <system-out/>
  <testcase classname="test.Test008_Container" name="selectmoreProductTest" time="26.798"/>
  <system-out/>
  <testcase classname="test.Test008_Container" name="selectCartAgainTest" time="3.321"/>
  <system-out/>
  <testcase classname="test.Test008_Container" name="selectCartAgainTest" time="3.231"/>
  <system-out/>
  <testcase classname="test.Test008_Container" name="selectCartAgainTest" time="3.168"/>
  <system-out/>
  <testcase classname="test.Test008_Container" name="toggleSwitchCheckTest2" time="3.008"/>
  <system-out/>
  <testcase classname="test.Test008_Container" name="toggleSwitchCheckTest2" time="3.012"/>
  <system-out/>
  <testcase classname="test.Test008_Container" name="toggleSwitchCheckTest2" time="3.016"/>
  <system-out/>
  <testcase classname="test.Test008_Container" name="clickUpdateQuoteButtonTest" time="8.305"/>
  <system-out/>
  <testcase classname="test.Test008_Container" name="clickUpdateQuoteButtonTest" time="8.204"/>
  <system-out/>
  <testcase classname="test.Test008_Container" name="clickUpdateQuoteButtonTest" time="8.169"/>
  <system-out/>
  <testcase classname="test.Test008_Container" name="toggleSwitchCheckTest3" time="3.020"/>
  <system-out/>
  <testcase classname="test.Test008_Container" name="toggleSwitchCheckTest3" time="3.020"/>
  <system-out/>
  <testcase classname="test.Test008_Container" name="toggleSwitchCheckTest3" time="3.010"/>
  <system-out/>
</testsuite> <!-- test.Test008_Container -->
