<?xml version="1.0" encoding="UTF-8"?>
<!-- Generated by org.testng.reporters.JUnitReportReporter -->
<testsuite hostname="DESKTOP-G63O7EK" failures="0" tests="24" name="test.Test008_Container" time="193.665" errors="0" timestamp="2025-01-24T10:08:20 IST" skipped="0">
  <testcase classname="test.Test008_Container" name="productButtonTest" time="2.497"/>
  <system-out/>
  <testcase classname="test.Test008_Container" name="selectProduct" time="11.979"/>
  <system-out/>
  <testcase classname="test.Test008_Container" name="selectCart" time="4.173"/>
  <system-out/>
  <testcase classname="test.Test008_Container" name="containerBoxVisibilityTest" time="3.084"/>
  <system-out/>
  <testcase classname="test.Test008_Container" name="toggleSwitchTest" time="6.236"/>
  <system-out/>
  <testcase classname="test.Test008_Container" name="clickCreateOrderTest" time="5.143"/>
  <system-out/>
  <testcase classname="test.Test008_Container" name="clickChooseCustomerTest" time="8.192"/>
  <system-out/>
  <testcase classname="test.Test008_Container" name="customerSearchTest" time="15.276"/>
  <system-out/>
  <testcase classname="test.Test008_Container" name="checkContainerOnCartPageAfterSelectingCustomerTest" time="3.195"/>
  <system-out/>
  <testcase classname="test.Test008_Container" name="defaultCFTTest" time="0.039"/>
  <system-out/>
  <testcase classname="test.Test008_Container" name="clickCBMTest" time="5.156"/>
  <system-out/>
  <testcase classname="test.Test008_Container" name="selctCBMFromDropdownTest" time="24.353"/>
  <system-out/>
  <testcase classname="test.Test008_Container" name="clickCFTAgainAndSelctCFTFromDropdownTest" time="24.402"/>
  <system-out/>
  <testcase classname="test.Test008_Container" name="toggleSwitchAgainTest" time="6.213"/>
  <system-out/>
  <testcase classname="test.Test008_Container" name="clickCreateOrder2ButtonTest" time="8.192"/>
  <system-out/>
  <testcase classname="test.Test008_Container" name="clickProceedButtonTest" time="5.140"/>
  <system-out/>
  <testcase classname="test.Test008_Container" name="toggleSwitchCheckTest" time="3.012"/>
  <system-out/>
  <testcase classname="test.Test008_Container" name="clickEditButtonTest" time="5.148"/>
  <system-out/>
  <testcase classname="test.Test008_Container" name="clickAddProductsButtonTest" time="8.157"/>
  <system-out/>
  <testcase classname="test.Test008_Container" name="selectmoreProductTest" time="26.756"/>
  <system-out/>
  <testcase classname="test.Test008_Container" name="selectCartAgainTest" time="3.152"/>
  <system-out/>
  <testcase classname="test.Test008_Container" name="toggleSwitchCheckTest2" time="3.010"/>
  <system-out/>
  <testcase classname="test.Test008_Container" name="clickUpdateQuoteButtonTest" time="8.143"/>
  <system-out/>
  <testcase classname="test.Test008_Container" name="toggleSwitchCheckTest3" time="3.017"/>
  <system-out/>
</testsuite> <!-- test.Test008_Container -->
