<?xml version="1.0" encoding="UTF-8"?>
<!-- Generated by org.testng.reporters.JUnitReportReporter -->
<testsuite hostname="DESKTOP-G63O7EK" failures="0" tests="15" name="test.Test001_Login_Logout" time="67.251" errors="0" timestamp="2024-12-21T14:37:34 IST" skipped="0">
  <testcase classname="test.Test001_Login_Logout" name="openBrowser" time="8.398"/>
  <system-out/>
  <testcase classname="test.Test001_Login_Logout" name="loginPageTitleTest" time="0.075"/>
  <system-out/>
  <testcase classname="test.Test001_Login_Logout" name="logoTest" time="0.071"/>
  <system-out/>
  <testcase classname="test.Test001_Login_Logout" name="headingTest" time="0.035"/>
  <system-out/>
  <testcase classname="test.Test001_Login_Logout" name="passwordEyeTest" time="0.045"/>
  <system-out/>
  <testcase classname="test.Test001_Login_Logout" name="forgotPassTest" time="0.032"/>
  <system-out/>
  <testcase classname="test.Test001_Login_Logout" name="bottomLineTest" time="0.033"/>
  <system-out/>
  <testcase classname="test.Test001_Login_Logout" name="bookaDemoTest" time="0.035"/>
  <system-out/>
  <testcase classname="test.Test001_Login_Logout" name="loginAllCasesTest" time="9.137"/>
  <system-out/>
  <testcase classname="test.Test001_Login_Logout" name="loginAllCasesTest" time="10.079"/>
  <system-out/>
  <testcase classname="test.Test001_Login_Logout" name="loginAllCasesTest" time="10.050"/>
  <system-out/>
  <testcase classname="test.Test001_Login_Logout" name="loginAllCasesTest" time="9.734"/>
  <system-out/>
  <testcase classname="test.Test001_Login_Logout" name="loginAllCasesTest" time="8.514"/>
  <system-out/>
  <testcase classname="test.Test001_Login_Logout" name="logoutTest" time="5.103"/>
  <system-out/>
  <testcase classname="test.Test001_Login_Logout" name="closeBrowser" time="5.910"/>
  <system-out/>
</testsuite> <!-- test.Test001_Login_Logout -->
