<?xml version="1.0" encoding="UTF-8"?>
<!-- Generated by org.testng.reporters.JUnitReportReporter -->
<testsuite hostname="DESKTOP-G63O7EK" failures="0" tests="63" name="test.Test005_Edit_Quote_02" time="534.643" errors="0" timestamp="2025-01-18T11:17:21 IST" skipped="0">
  <testcase classname="test.Test005_Edit_Quote_02" name="productButtonTest" time="3.910"/>
  <system-out/>
  <testcase classname="test.Test005_Edit_Quote_02" name="productButtonTest" time="2.133"/>
  <system-out/>
  <testcase classname="test.Test005_Edit_Quote_02" name="productButtonTest" time="2.008"/>
  <system-out/>
  <testcase classname="test.Test005_Edit_Quote_02" name="selectProduct" time="11.895"/>
  <system-out/>
  <testcase classname="test.Test005_Edit_Quote_02" name="selectProduct" time="12.543"/>
  <system-out/>
  <testcase classname="test.Test005_Edit_Quote_02" name="selectProduct" time="12.208"/>
  <system-out/>
  <testcase classname="test.Test005_Edit_Quote_02" name="selectCart" time="4.155"/>
  <system-out/>
  <testcase classname="test.Test005_Edit_Quote_02" name="selectCart" time="4.168"/>
  <system-out/>
  <testcase classname="test.Test005_Edit_Quote_02" name="selectCart" time="4.311"/>
  <system-out/>
  <testcase classname="test.Test005_Edit_Quote_02" name="clickCreateOrderTest" time="5.178"/>
  <system-out/>
  <testcase classname="test.Test005_Edit_Quote_02" name="clickCreateOrderTest" time="5.142"/>
  <system-out/>
  <testcase classname="test.Test005_Edit_Quote_02" name="clickCreateOrderTest" time="5.279"/>
  <system-out/>
  <testcase classname="test.Test005_Edit_Quote_02" name="clickChooseCustomerTest" time="8.357"/>
  <system-out/>
  <testcase classname="test.Test005_Edit_Quote_02" name="clickChooseCustomerTest" time="8.180"/>
  <system-out/>
  <testcase classname="test.Test005_Edit_Quote_02" name="clickChooseCustomerTest" time="8.218"/>
  <system-out/>
  <testcase classname="test.Test005_Edit_Quote_02" name="customerSearchTest" time="15.322"/>
  <system-out/>
  <testcase classname="test.Test005_Edit_Quote_02" name="customerSearchTest" time="15.390"/>
  <system-out/>
  <testcase classname="test.Test005_Edit_Quote_02" name="customerSearchTest" time="15.365"/>
  <system-out/>
  <testcase classname="test.Test005_Edit_Quote_02" name="clickCreateOrder2ButtonTest" time="8.146"/>
  <system-out/>
  <testcase classname="test.Test005_Edit_Quote_02" name="clickCreateOrder2ButtonTest" time="8.167"/>
  <system-out/>
  <testcase classname="test.Test005_Edit_Quote_02" name="clickCreateOrder2ButtonTest" time="8.279"/>
  <system-out/>
  <testcase classname="test.Test005_Edit_Quote_02" name="clickProceedButtonTest" time="5.129"/>
  <system-out/>
  <testcase classname="test.Test005_Edit_Quote_02" name="clickProceedButtonTest" time="5.157"/>
  <system-out/>
  <testcase classname="test.Test005_Edit_Quote_02" name="clickProceedButtonTest" time="5.289"/>
  <system-out/>
  <testcase classname="test.Test005_Edit_Quote_02" name="clickSubmitQuoteTest" time="5.288"/>
  <system-out/>
  <testcase classname="test.Test005_Edit_Quote_02" name="clickSubmitQuoteTest" time="5.279"/>
  <system-out/>
  <testcase classname="test.Test005_Edit_Quote_02" name="clickSubmitQuoteTest" time="5.530"/>
  <system-out/>
  <testcase classname="test.Test005_Edit_Quote_02" name="clickEditQuotebuttonTest" time="10.162"/>
  <system-out/>
  <testcase classname="test.Test005_Edit_Quote_02" name="clickEditQuotebuttonTest" time="10.159"/>
  <system-out/>
  <testcase classname="test.Test005_Edit_Quote_02" name="clickEditQuotebuttonTest" time="10.303"/>
  <system-out/>
  <testcase classname="test.Test005_Edit_Quote_02" name="clickEditButtonTest" time="5.115"/>
  <system-out/>
  <testcase classname="test.Test005_Edit_Quote_02" name="clickEditButtonTest" time="5.311"/>
  <system-out/>
  <testcase classname="test.Test005_Edit_Quote_02" name="clickEditButtonTest" time="5.106"/>
  <system-out/>
  <testcase classname="test.Test005_Edit_Quote_02" name="clickAddProductsButtonTest" time="8.367"/>
  <system-out/>
  <testcase classname="test.Test005_Edit_Quote_02" name="clickAddProductsButtonTest" time="8.257"/>
  <system-out/>
  <testcase classname="test.Test005_Edit_Quote_02" name="clickAddProductsButtonTest" time="8.168"/>
  <system-out/>
  <testcase classname="test.Test005_Edit_Quote_02" name="selectmoreProductTest" time="26.846"/>
  <system-out/>
  <testcase classname="test.Test005_Edit_Quote_02" name="selectmoreProductTest" time="27.122"/>
  <system-out/>
  <testcase classname="test.Test005_Edit_Quote_02" name="selectmoreProductTest" time="26.731"/>
  <system-out/>
  <testcase classname="test.Test005_Edit_Quote_02" name="selectCartAgainTest" time="3.207"/>
  <system-out/>
  <testcase classname="test.Test005_Edit_Quote_02" name="selectCartAgainTest" time="3.341"/>
  <system-out/>
  <testcase classname="test.Test005_Edit_Quote_02" name="selectCartAgainTest" time="3.169"/>
  <system-out/>
  <testcase classname="test.Test005_Edit_Quote_02" name="clickUpdateQuoteButtonTest" time="8.107"/>
  <system-out/>
  <testcase classname="test.Test005_Edit_Quote_02" name="clickUpdateQuoteButtonTest" time="8.268"/>
  <system-out/>
  <testcase classname="test.Test005_Edit_Quote_02" name="clickUpdateQuoteButtonTest" time="8.119"/>
  <system-out/>
  <testcase classname="test.Test005_Edit_Quote_02" name="clickReSubmitQuoteButtonTest" time="6.524"/>
  <system-out/>
  <testcase classname="test.Test005_Edit_Quote_02" name="clickReSubmitQuoteButtonTest" time="6.388"/>
  <system-out/>
  <testcase classname="test.Test005_Edit_Quote_02" name="clickReSubmitQuoteButtonTest" time="6.615"/>
  <system-out/>
  <testcase classname="test.Test005_Edit_Quote_02" name="clickConvertToOrderTest" time="3.780"/>
  <system-out/>
  <testcase classname="test.Test005_Edit_Quote_02" name="clickConvertToOrderTest" time="3.207"/>
  <system-out/>
  <testcase classname="test.Test005_Edit_Quote_02" name="clickConvertToOrderTest" time="3.281"/>
  <system-out/>
  <testcase classname="test.Test005_Edit_Quote_02" name="handlingCheckbox1Test" time="11.351"/>
  <system-out/>
  <testcase classname="test.Test005_Edit_Quote_02" name="handlingCheckbox1Test" time="11.320"/>
  <system-out/>
  <testcase classname="test.Test005_Edit_Quote_02" name="handlingCheckbox1Test" time="11.343"/>
  <system-out/>
  <testcase classname="test.Test005_Edit_Quote_02" name="clickSubmitOrderButtonTest" time="5.261"/>
  <system-out/>
  <testcase classname="test.Test005_Edit_Quote_02" name="clickSubmitOrderButtonTest" time="5.171"/>
  <system-out/>
  <testcase classname="test.Test005_Edit_Quote_02" name="clickSubmitOrderButtonTest" time="5.279"/>
  <system-out/>
  <testcase classname="test.Test005_Edit_Quote_02" name="handlingCheckbox2Test" time="10.288"/>
  <system-out/>
  <testcase classname="test.Test005_Edit_Quote_02" name="handlingCheckbox2Test" time="10.260"/>
  <system-out/>
  <testcase classname="test.Test005_Edit_Quote_02" name="handlingCheckbox2Test" time="10.367"/>
  <system-out/>
  <testcase classname="test.Test005_Edit_Quote_02" name="orderCancelledTest" time="12.890"/>
  <system-out/>
  <testcase classname="test.Test005_Edit_Quote_02" name="orderCancelledTest" time="12.690"/>
  <system-out/>
  <testcase classname="test.Test005_Edit_Quote_02" name="orderCancelledTest" time="12.744"/>
  <system-out/>
</testsuite> <!-- test.Test005_Edit_Quote_02 -->
