<?xml version="1.0" encoding="UTF-8"?>
<!-- Generated by org.testng.reporters.JUnitReportReporter -->
<testsuite hostname="DESKTOP-G63O7EK" failures="0" tests="28" name="test.Test009_Product_Page_With_All_Cases" time="871.920" errors="0" timestamp="2025-01-16T12:05:03 IST" skipped="0">
  <testcase classname="test.Test009_Product_Page_With_All_Cases" name="productButtonTest" time="1.994"/>
  <system-out/>
  <testcase classname="test.Test009_Product_Page_With_All_Cases" name="productsVisibleOnCartIconTest" time="20.837"/>
  <system-out/>
  <testcase classname="test.Test009_Product_Page_With_All_Cases" name="verifyBellIconTest" time="13.107"/>
  <system-out/>
  <testcase classname="test.Test009_Product_Page_With_All_Cases" name="verifyRepresentativeTest" time="4.292"/>
  <system-out/>
  <testcase classname="test.Test009_Product_Page_With_All_Cases" name="verifyCartIconTest" time="4.063"/>
  <system-out/>
  <testcase classname="test.Test009_Product_Page_With_All_Cases" name="verifyViewSimilarBtnTest" time="53.126"/>
  <system-out/>
  <testcase classname="test.Test009_Product_Page_With_All_Cases" name="verifyCategoryViewAllButtonTest" time="22.885"/>
  <system-out/>
  <testcase classname="test.Test009_Product_Page_With_All_Cases" name="verifyCategoryRailProductsTest" time="4.088"/>
  <system-out/>
  <testcase classname="test.Test009_Product_Page_With_All_Cases" name="verifyRecommendedViewAllButtonTest" time="4.764"/>
  <system-out/>
  <testcase classname="test.Test009_Product_Page_With_All_Cases" name="verifyRecomendedRailProductsTest" time="4.575"/>
  <system-out/>
  <testcase classname="test.Test009_Product_Page_With_All_Cases" name="verifyCollectionsViewAllButtonTest" time="36.524"/>
  <system-out/>
  <testcase classname="test.Test009_Product_Page_With_All_Cases" name="verifyCollectionsRailProductsTest" time="4.111"/>
  <system-out/>
  <testcase classname="test.Test009_Product_Page_With_All_Cases" name="verifyExploreAll_AllDropdownsTest" time="101.123"/>
  <system-out/>
  <testcase classname="test.Test009_Product_Page_With_All_Cases" name="verifyFilterIconTest" time="76.024"/>
  <system-out/>
  <testcase classname="test.Test009_Product_Page_With_All_Cases" name="verifySortByDropdownTest" time="28.598"/>
  <system-out/>
  <testcase classname="test.Test009_Product_Page_With_All_Cases" name="searchProductBoxTest" time="38.299"/>
  <system-out/>
  <testcase classname="test.Test009_Product_Page_With_All_Cases" name="clickBackArrowNextToCartTest" time="16.319"/>
  <system-out/>
  <testcase classname="test.Test009_Product_Page_With_All_Cases" name="searchProductBoxAgainToCheckSuggestionTest" time="8.198"/>
  <system-out/>
  <testcase classname="test.Test009_Product_Page_With_All_Cases" name="serachProductWithDifferentOperationsTest" time="118.381"/>
  <system-out/>
  <testcase classname="test.Test009_Product_Page_With_All_Cases" name="productButtonAgainTest" time="0.202"/>
  <system-out/>
  <testcase classname="test.Test009_Product_Page_With_All_Cases" name="verifyProductsCountTest" time="7.096"/>
  <system-out/>
  <testcase classname="test.Test009_Product_Page_With_All_Cases" name="catlogueSwitchTestTest" time="12.092"/>
  <system-out/>
  <testcase classname="test.Test009_Product_Page_With_All_Cases" name="catlogueSwitchTestTest1" time="55.787"/>
  <system-out/>
  <testcase classname="test.Test009_Product_Page_With_All_Cases" name="buyerSwitchForPreviouslyOrderedRailTYest" time="60.478"/>
  <system-out/>
  <testcase classname="test.Test009_Product_Page_With_All_Cases" name="verifyNumberOfProductsDisplayTest" time="38.641"/>
  <system-out/>
  <testcase classname="test.Test009_Product_Page_With_All_Cases" name="checkPriceChangeAfterCustomerSwitchFollowingCatalogueSWitchTest" time="53.704"/>
  <system-out/>
  <testcase classname="test.Test009_Product_Page_With_All_Cases" name="checkVarientAvailableTest" time="29.063"/>
  <system-out/>
  <testcase classname="test.Test009_Product_Page_With_All_Cases" name="checkFilterOnVarientBoxTest" time="53.549"/>
  <system-out/>
</testsuite> <!-- test.Test009_Product_Page_With_All_Cases -->
