<?xml version="1.0" encoding="UTF-8"?>
<!-- Generated by org.testng.reporters.JUnitReportReporter -->
<testsuite hostname="DESKTOP-G63O7EK" failures="0" tests="15" name="test.Test001_Login_Logout" time="71.313" errors="0" timestamp="2025-01-13T11:00:04 IST" skipped="0">
  <testcase classname="test.Test001_Login_Logout" name="openBrowser" time="13.055"/>
  <system-out/>
  <testcase classname="test.Test001_Login_Logout" name="loginPageTitleTest" time="0.069"/>
  <system-out/>
  <testcase classname="test.Test001_Login_Logout" name="logoTest" time="1.080"/>
  <system-out/>
  <testcase classname="test.Test001_Login_Logout" name="headingTest" time="0.036"/>
  <system-out/>
  <testcase classname="test.Test001_Login_Logout" name="passwordEyeTest" time="0.032"/>
  <system-out/>
  <testcase classname="test.Test001_Login_Logout" name="forgotPassTest" time="0.029"/>
  <system-out/>
  <testcase classname="test.Test001_Login_Logout" name="bottomLineTest" time="0.028"/>
  <system-out/>
  <testcase classname="test.Test001_Login_Logout" name="bookaDemoTest" time="0.030"/>
  <system-out/>
  <testcase classname="test.Test001_Login_Logout" name="loginAllCasesTest" time="8.441"/>
  <system-out/>
  <testcase classname="test.Test001_Login_Logout" name="loginAllCasesTest" time="9.491"/>
  <system-out/>
  <testcase classname="test.Test001_Login_Logout" name="loginAllCasesTest" time="10.372"/>
  <system-out/>
  <testcase classname="test.Test001_Login_Logout" name="loginAllCasesTest" time="9.195"/>
  <system-out/>
  <testcase classname="test.Test001_Login_Logout" name="loginAllCasesTest" time="9.711"/>
  <system-out/>
  <testcase classname="test.Test001_Login_Logout" name="logoutTest" time="3.989"/>
  <system-out/>
  <testcase classname="test.Test001_Login_Logout" name="closeBrowser" time="5.755"/>
  <system-out/>
</testsuite> <!-- test.Test001_Login_Logout -->
