<?xml version="1.0" encoding="UTF-8"?>
<!-- Generated by org.testng.reporters.JUnitReportReporter -->
<testsuite hostname="DESKTOP-G63O7EK" failures="0" tests="30" name="test.Test002_Create_Order" time="169.240" errors="0" timestamp="2025-01-07T10:46:27 IST" skipped="0">
  <testcase classname="test.Test002_Create_Order" name="productButtonTest" time="1.948"/>
  <system-out/>
  <testcase classname="test.Test002_Create_Order" name="productsVisibleOnCartIconTest" time="5.110"/>
  <system-out/>
  <testcase classname="test.Test002_Create_Order" name="selectProduct" time="17.316"/>
  <system-out/>
  <testcase classname="test.Test002_Create_Order" name="selectCart" time="4.253"/>
  <system-out/>
  <testcase classname="test.Test002_Create_Order" name="plusButtonTest" time="4.115"/>
  <system-out/>
  <testcase classname="test.Test002_Create_Order" name="increasingProductCountTest" time="3.054"/>
  <system-out/>
  <testcase classname="test.Test002_Create_Order" name="verifyDeleteTest" time="5.129"/>
  <system-out/>
  <testcase classname="test.Test002_Create_Order" name="validatingTotalProductOnCartTest" time="3.058"/>
  <system-out/>
  <testcase classname="test.Test002_Create_Order" name="deleteProductByThreedotButtonTest" time="8.371"/>
  <system-out/>
  <testcase classname="test.Test002_Create_Order" name="minusButtonTest" time="2.203"/>
  <system-out/>
  <testcase classname="test.Test002_Create_Order" name="decreasingProductCountTest" time="3.034"/>
  <system-out/>
  <testcase classname="test.Test002_Create_Order" name="addNoteByThreedotButtonTest" time="8.346"/>
  <system-out/>
  <testcase classname="test.Test002_Create_Order" name="writeNoteTest" time="3.166"/>
  <system-out/>
  <testcase classname="test.Test002_Create_Order" name="saveButtonTest" time="4.112"/>
  <system-out/>
  <testcase classname="test.Test002_Create_Order" name="addNoteText" time="0.046"/>
  <system-out/>
  <testcase classname="test.Test002_Create_Order" name="clickAgainOnThreeDotsButtonTest" time="8.381"/>
  <system-out/>
  <testcase classname="test.Test002_Create_Order" name="offeringDiscountTest" time="3.248"/>
  <system-out/>
  <testcase classname="test.Test002_Create_Order" name="verifyingAmountTest" time="4.105"/>
  <system-out/>
  <testcase classname="test.Test002_Create_Order" name="clickConfirmButtonTest" time="8.198"/>
  <system-out/>
  <testcase classname="test.Test002_Create_Order" name="verifyDiscountVisibilityOnProductTest" time="0.050"/>
  <system-out/>
  <testcase classname="test.Test002_Create_Order" name="clickBackArrowNextToCartTest" time="6.219"/>
  <system-out/>
  <testcase classname="test.Test002_Create_Order" name="selectCartAgain" time="4.229"/>
  <system-out/>
  <testcase classname="test.Test002_Create_Order" name="verifyProductOnCartAgainTest" time="3.027"/>
  <system-out/>
  <testcase classname="test.Test002_Create_Order" name="clickCreateOrderTest" time="8.249"/>
  <system-out/>
  <testcase classname="test.Test002_Create_Order" name="clickChooseCustomerTest" time="8.172"/>
  <system-out/>
  <testcase classname="test.Test002_Create_Order" name="clickCustomerSearchTextboxTest" time="15.453"/>
  <system-out/>
  <testcase classname="test.Test002_Create_Order" name="clickCreateOrder2ButtonTest" time="8.153"/>
  <system-out/>
  <testcase classname="test.Test002_Create_Order" name="clickProceedButtonTest" time="5.169"/>
  <system-out/>
  <testcase classname="test.Test002_Create_Order" name="clickSubmitOrderButtonTest" time="5.183"/>
  <system-out/>
  <testcase classname="test.Test002_Create_Order" name="clickSubmitButtonTest" time="8.143"/>
  <system-out/>
</testsuite> <!-- test.Test002_Create_Order -->
