<?xml version="1.0" encoding="UTF-8"?>
<!-- Generated by org.testng.reporters.JUnitReportReporter -->
<testsuite hostname="DESKTOP-G63O7EK" failures="0" tests="21" name="test.Test005_Edit_Quote_02" time="177.144" errors="0" timestamp="2025-01-13T11:00:04 IST" skipped="0">
  <testcase classname="test.Test005_Edit_Quote_02" name="productButtonTest" time="1.852"/>
  <system-out/>
  <testcase classname="test.Test005_Edit_Quote_02" name="selectProduct" time="12.459"/>
  <system-out/>
  <testcase classname="test.Test005_Edit_Quote_02" name="selectCart" time="4.234"/>
  <system-out/>
  <testcase classname="test.Test005_Edit_Quote_02" name="clickCreateOrderTest" time="5.219"/>
  <system-out/>
  <testcase classname="test.Test005_Edit_Quote_02" name="clickChooseCustomerTest" time="8.280"/>
  <system-out/>
  <testcase classname="test.Test005_Edit_Quote_02" name="customerSearchTest" time="15.344"/>
  <system-out/>
  <testcase classname="test.Test005_Edit_Quote_02" name="clickCreateOrder2ButtonTest" time="8.325"/>
  <system-out/>
  <testcase classname="test.Test005_Edit_Quote_02" name="clickProceedButtonTest" time="5.237"/>
  <system-out/>
  <testcase classname="test.Test005_Edit_Quote_02" name="clickSubmitQuoteTest" time="5.248"/>
  <system-out/>
  <testcase classname="test.Test005_Edit_Quote_02" name="clickEditQuotebuttonTest" time="10.211"/>
  <system-out/>
  <testcase classname="test.Test005_Edit_Quote_02" name="clickEditButtonTest" time="5.262"/>
  <system-out/>
  <testcase classname="test.Test005_Edit_Quote_02" name="clickAddProductsButtonTest" time="8.200"/>
  <system-out/>
  <testcase classname="test.Test005_Edit_Quote_02" name="selectmoreProductTest" time="26.964"/>
  <system-out/>
  <testcase classname="test.Test005_Edit_Quote_02" name="selectCartAgainTest" time="3.182"/>
  <system-out/>
  <testcase classname="test.Test005_Edit_Quote_02" name="clickUpdateQuoteButtonTest" time="8.206"/>
  <system-out/>
  <testcase classname="test.Test005_Edit_Quote_02" name="clickReSubmitQuoteButtonTest" time="6.327"/>
  <system-out/>
  <testcase classname="test.Test005_Edit_Quote_02" name="clickConvertToOrderTest" time="3.282"/>
  <system-out/>
  <testcase classname="test.Test005_Edit_Quote_02" name="handlingCheckbox1Test" time="11.228"/>
  <system-out/>
  <testcase classname="test.Test005_Edit_Quote_02" name="clickSubmitOrderButtonTest" time="5.130"/>
  <system-out/>
  <testcase classname="test.Test005_Edit_Quote_02" name="handlingCheckbox2Test" time="10.209"/>
  <system-out/>
  <testcase classname="test.Test005_Edit_Quote_02" name="orderCancelledTest" time="12.745"/>
  <system-out/>
</testsuite> <!-- test.Test005_Edit_Quote_02 -->
