<?xml version="1.0" encoding="UTF-8"?>
<!-- Generated by org.testng.reporters.JUnitReportReporter -->
<testsuite hostname="DESKTOP-G63O7EK" failures="0" tests="15" name="test.Test001_Login_Logout" time="69.151" errors="0" timestamp="2025-01-05T17:36:51 IST" skipped="0">
  <testcase classname="test.Test001_Login_Logout" name="openBrowser" time="8.544"/>
  <system-out/>
  <testcase classname="test.Test001_Login_Logout" name="loginPageTitleTest" time="0.089"/>
  <system-out/>
  <testcase classname="test.Test001_Login_Logout" name="logoTest" time="1.095"/>
  <system-out/>
  <testcase classname="test.Test001_Login_Logout" name="headingTest" time="0.052"/>
  <system-out/>
  <testcase classname="test.Test001_Login_Logout" name="passwordEyeTest" time="0.063"/>
  <system-out/>
  <testcase classname="test.Test001_Login_Logout" name="forgotPassTest" time="0.048"/>
  <system-out/>
  <testcase classname="test.Test001_Login_Logout" name="bottomLineTest" time="0.061"/>
  <system-out/>
  <testcase classname="test.Test001_Login_Logout" name="bookaDemoTest" time="0.046"/>
  <system-out/>
  <testcase classname="test.Test001_Login_Logout" name="loginAllCasesTest" time="8.618"/>
  <system-out/>
  <testcase classname="test.Test001_Login_Logout" name="loginAllCasesTest" time="9.242"/>
  <system-out/>
  <testcase classname="test.Test001_Login_Logout" name="loginAllCasesTest" time="9.993"/>
  <system-out/>
  <testcase classname="test.Test001_Login_Logout" name="loginAllCasesTest" time="10.371"/>
  <system-out/>
  <testcase classname="test.Test001_Login_Logout" name="loginAllCasesTest" time="10.352"/>
  <system-out/>
  <testcase classname="test.Test001_Login_Logout" name="logoutTest" time="5.326"/>
  <system-out/>
  <testcase classname="test.Test001_Login_Logout" name="closeBrowser" time="5.251"/>
  <system-out/>
</testsuite> <!-- test.Test001_Login_Logout -->
