<?xml version="1.0" encoding="UTF-8"?>
<!-- Generated by org.testng.reporters.JUnitReportReporter -->
<testsuite hostname="DESKTOP-G63O7EK" failures="0" tests="31" name="test.Test002_Create_Order" time="184.017" errors="0" timestamp="2025-01-16T12:05:03 IST" skipped="0">
  <testcase classname="test.Test002_Create_Order" name="productButtonTest" time="2.048"/>
  <system-out/>
  <testcase classname="test.Test002_Create_Order" name="productsVisibleOnCartIconTest" time="5.386"/>
  <system-out/>
  <testcase classname="test.Test002_Create_Order" name="selectProduct" time="17.201"/>
  <system-out/>
  <testcase classname="test.Test002_Create_Order" name="selectCart" time="4.389"/>
  <system-out/>
  <testcase classname="test.Test002_Create_Order" name="plusButtonTest" time="4.213"/>
  <system-out/>
  <testcase classname="test.Test002_Create_Order" name="increasingProductCountTest" time="3.046"/>
  <system-out/>
  <testcase classname="test.Test002_Create_Order" name="verifyDeleteTest" time="5.236"/>
  <system-out/>
  <testcase classname="test.Test002_Create_Order" name="validatingTotalProductOnCartTest" time="3.065"/>
  <system-out/>
  <testcase classname="test.Test002_Create_Order" name="deleteProductByThreedotButtonTest" time="8.548"/>
  <system-out/>
  <testcase classname="test.Test002_Create_Order" name="minusButtonTest" time="2.271"/>
  <system-out/>
  <testcase classname="test.Test002_Create_Order" name="decreasingProductCountTest" time="3.041"/>
  <system-out/>
  <testcase classname="test.Test002_Create_Order" name="addNoteByThreedotButtonTest" time="8.418"/>
  <system-out/>
  <testcase classname="test.Test002_Create_Order" name="writeNoteTest" time="3.298"/>
  <system-out/>
  <testcase classname="test.Test002_Create_Order" name="saveButtonTest" time="4.167"/>
  <system-out/>
  <testcase classname="test.Test002_Create_Order" name="addNoteText" time="0.036"/>
  <system-out/>
  <testcase classname="test.Test002_Create_Order" name="clickAgainOnThreeDotsButtonTest" time="8.428"/>
  <system-out/>
  <testcase classname="test.Test002_Create_Order" name="offeringDiscountTest" time="3.448"/>
  <system-out/>
  <testcase classname="test.Test002_Create_Order" name="verifyingAmountTest" time="4.129"/>
  <system-out/>
  <testcase classname="test.Test002_Create_Order" name="clickConfirmButtonTest" time="8.198"/>
  <system-out/>
  <testcase classname="test.Test002_Create_Order" name="verifyDiscountVisibilityOnProductTest" time="0.035"/>
  <system-out/>
  <testcase classname="test.Test002_Create_Order" name="clickBackArrowNextToCartTest" time="6.172"/>
  <system-out/>
  <testcase classname="test.Test002_Create_Order" name="selectCartAgain" time="4.251"/>
  <system-out/>
  <testcase classname="test.Test002_Create_Order" name="verifyProductOnCartAgainTest" time="3.030"/>
  <system-out/>
  <testcase classname="test.Test002_Create_Order" name="clickCreateOrderTest" time="8.279"/>
  <system-out/>
  <testcase classname="test.Test002_Create_Order" name="clickChooseCustomerTest" time="8.289"/>
  <system-out/>
  <testcase classname="test.Test002_Create_Order" name="clickCustomerSearchTextboxTest" time="15.407"/>
  <system-out/>
  <testcase classname="test.Test002_Create_Order" name="clickCreateOrder2ButtonTest" time="8.270"/>
  <system-out/>
  <testcase classname="test.Test002_Create_Order" name="clickProceedButtonTest" time="5.193"/>
  <system-out/>
  <testcase classname="test.Test002_Create_Order" name="clickSubmitOrderButtonTest" time="5.339"/>
  <system-out/>
  <testcase classname="test.Test002_Create_Order" name="clickSubmitButtonTest" time="8.188"/>
  <system-out/>
  <testcase classname="test.Test002_Create_Order" name="cancelOrderTest" time="12.998"/>
  <system-out/>
</testsuite> <!-- test.Test002_Create_Order -->
