<?xml version="1.0" encoding="UTF-8"?>
<!-- Generated by org.testng.reporters.JUnitReportReporter -->
<testsuite hostname="DESKTOP-HGMSAGS" failures="0" tests="11" name="scripts.Test005_Edit_Quote_02" time="195.142" errors="0" timestamp="2024-05-10T17:41:09 IST" skipped="0">
  <testcase classname="scripts.Test005_Edit_Quote_02" name="login" time="8.849"/>
  <system-out/>
  <testcase classname="scripts.Test005_Edit_Quote_02" name="selectProduct" time="32.526"/>
  <system-out/>
  <testcase classname="scripts.Test005_Edit_Quote_02" name="selectCart" time="3.117"/>
  <system-out/>
  <testcase classname="scripts.Test005_Edit_Quote_02" name="selectCustomer" time="30.733"/>
  <system-out/>
  <testcase classname="scripts.Test005_Edit_Quote_02" name="selectSaveForLater" time="22.976"/>
  <system-out/>
  <testcase classname="scripts.Test005_Edit_Quote_02" name="convert" time="5.091"/>
  <system-out/>
  <testcase classname="scripts.Test005_Edit_Quote_02" name="editQuote" time="15.296"/>
  <system-out/>
  <testcase classname="scripts.Test005_Edit_Quote_02" name="selectProductAgain" time="26.716"/>
  <system-out/>
  <testcase classname="scripts.Test005_Edit_Quote_02" name="selectCartAgain" time="3.150"/>
  <system-out/>
  <testcase classname="scripts.Test005_Edit_Quote_02" name="update" time="14.218"/>
  <system-out/>
  <testcase classname="scripts.Test005_Edit_Quote_02" name="convertToOrde" time="32.470"/>
  <system-out/>
</testsuite> <!-- scripts.Test005_Edit_Quote_02 -->
