<?xml version="1.0" encoding="UTF-8"?>
<!-- Generated by org.testng.reporters.JUnitReportReporter -->
<testsuite hostname="DESKTOP-G63O7EK" failures="0" tests="26" name="test.Test006_Draft" time="193.922" errors="0" timestamp="2025-01-24T10:08:20 IST" skipped="0">
  <testcase classname="test.Test006_Draft" name="productButtonTest" time="2.331"/>
  <system-out/>
  <testcase classname="test.Test006_Draft" name="selectProduct" time="11.775"/>
  <system-out/>
  <testcase classname="test.Test006_Draft" name="selectCart" time="4.158"/>
  <system-out/>
  <testcase classname="test.Test006_Draft" name="clickCreateOrderTest" time="5.164"/>
  <system-out/>
  <testcase classname="test.Test006_Draft" name="clickChooseCustomerTest" time="8.189"/>
  <system-out/>
  <testcase classname="test.Test006_Draft" name="customerSearchTest" time="15.342"/>
  <system-out/>
  <testcase classname="test.Test006_Draft" name="clickCreateOrder2ButtonTest" time="8.176"/>
  <system-out/>
  <testcase classname="test.Test006_Draft" name="clickProceedButtonTest" time="5.132"/>
  <system-out/>
  <testcase classname="test.Test006_Draft" name="copyOrderIdTest" time="13.312"/>
  <system-out/>
  <testcase classname="test.Test006_Draft" name="selectSaveForLater" time="8.143"/>
  <system-out/>
  <testcase classname="test.Test006_Draft" name="pasteOrderIdTest" time="17.505"/>
  <system-out/>
  <testcase classname="test.Test006_Draft" name="getTypeStatusTest" time="3.079"/>
  <system-out/>
  <testcase classname="test.Test006_Draft" name="getDarftStatusTest" time="3.075"/>
  <system-out/>
  <testcase classname="test.Test006_Draft" name="customerNameVerificationTest" time="3.112"/>
  <system-out/>
  <testcase classname="test.Test006_Draft" name="clickDarftTest" time="3.266"/>
  <system-out/>
  <testcase classname="test.Test006_Draft" name="pasteOrderIdOnDraftsTest" time="18.174"/>
  <system-out/>
  <testcase classname="test.Test006_Draft" name="getDarftTypeStatusTest" time="3.072"/>
  <system-out/>
  <testcase classname="test.Test006_Draft" name="getStatusOnDraftTest" time="3.060"/>
  <system-out/>
  <testcase classname="test.Test006_Draft" name="customerNameVerificationOnDraftTest" time="3.063"/>
  <system-out/>
  <testcase classname="test.Test006_Draft" name="clickmainIdTest" time="3.166"/>
  <system-out/>
  <testcase classname="test.Test006_Draft" name="clickSubmitQuoteTest" time="6.891"/>
  <system-out/>
  <testcase classname="test.Test006_Draft" name="clickConvertToOrderTest" time="5.732"/>
  <system-out/>
  <testcase classname="test.Test006_Draft" name="handlingCheckbox1Test" time="11.185"/>
  <system-out/>
  <testcase classname="test.Test006_Draft" name="clickSubmitOrderButtonTest" time="5.133"/>
  <system-out/>
  <testcase classname="test.Test006_Draft" name="handlingCheckbox2Test" time="10.185"/>
  <system-out/>
  <testcase classname="test.Test006_Draft" name="orderCancelledTest" time="12.502"/>
  <system-out/>
</testsuite> <!-- test.Test006_Draft -->
