<?xml version="1.0" encoding="UTF-8"?>
<!-- Generated by org.testng.reporters.JUnitReportReporter -->
<testsuite hostname="DESKTOP-G63O7EK" failures="0" tests="43" name="test.Test003_Convert_Quote_To_Order" time="257.032" errors="0" timestamp="2025-01-05T17:36:51 IST" skipped="0">
  <testcase classname="test.Test003_Convert_Quote_To_Order" name="productButtonTest" time="2.055"/>
  <system-out/>
  <testcase classname="test.Test003_Convert_Quote_To_Order" name="selectProduct" time="11.928"/>
  <system-out/>
  <testcase classname="test.Test003_Convert_Quote_To_Order" name="selectCart" time="4.176"/>
  <system-out/>
  <testcase classname="test.Test003_Convert_Quote_To_Order" name="clickCreateOrderTest" time="5.318"/>
  <system-out/>
  <testcase classname="test.Test003_Convert_Quote_To_Order" name="clickChooseCustomerTest" time="8.223"/>
  <system-out/>
  <testcase classname="test.Test003_Convert_Quote_To_Order" name="customerSearchTest" time="15.496"/>
  <system-out/>
  <testcase classname="test.Test003_Convert_Quote_To_Order" name="clickCreateOrder2ButtonTest" time="8.232"/>
  <system-out/>
  <testcase classname="test.Test003_Convert_Quote_To_Order" name="clickProceedButtonTest" time="5.199"/>
  <system-out/>
  <testcase classname="test.Test003_Convert_Quote_To_Order" name="verifyCustomerDetailsOnQuoteTest" time="4.147"/>
  <system-out/>
  <testcase classname="test.Test003_Convert_Quote_To_Order" name="verifyBillingDetailsOnQuoteTest" time="4.132"/>
  <system-out/>
  <testcase classname="test.Test003_Convert_Quote_To_Order" name="verifyShippingDetailsOnQuoteTest" time="4.140"/>
  <system-out/>
  <testcase classname="test.Test003_Convert_Quote_To_Order" name="getMailIdOnQuotePageTest" time="3.144"/>
  <system-out/>
  <testcase classname="test.Test003_Convert_Quote_To_Order" name="clickTearSheetIconTest" time="4.222"/>
  <system-out/>
  <testcase classname="test.Test003_Convert_Quote_To_Order" name="clickExcelSheet" time="4.210"/>
  <system-out/>
  <testcase classname="test.Test003_Convert_Quote_To_Order" name="clickTearSheetIconAgainTest" time="4.162"/>
  <system-out/>
  <testcase classname="test.Test003_Convert_Quote_To_Order" name="clickPDFTest" time="4.330"/>
  <system-out/>
  <testcase classname="test.Test003_Convert_Quote_To_Order" name="verifyTotalAndPendingAmtTest" time="4.181"/>
  <system-out/>
  <testcase classname="test.Test003_Convert_Quote_To_Order" name="clickThreeDotsTest" time="4.154"/>
  <system-out/>
  <testcase classname="test.Test003_Convert_Quote_To_Order" name="threeDotsDropdownTest" time="4.361"/>
  <system-out/>
  <testcase classname="test.Test003_Convert_Quote_To_Order" name="handlingCancelQuoteCheckboxTest" time="10.290"/>
  <system-out/>
  <testcase classname="test.Test003_Convert_Quote_To_Order" name="copyOrderIdTest" time="13.562"/>
  <system-out/>
  <testcase classname="test.Test003_Convert_Quote_To_Order" name="selectSaveForLater" time="8.224"/>
  <system-out/>
  <testcase classname="test.Test003_Convert_Quote_To_Order" name="pasteOrderIdTest" time="17.675"/>
  <system-out/>
  <testcase classname="test.Test003_Convert_Quote_To_Order" name="getTypeStatusTest" time="3.095"/>
  <system-out/>
  <testcase classname="test.Test003_Convert_Quote_To_Order" name="getDarftStatusTest" time="3.078"/>
  <system-out/>
  <testcase classname="test.Test003_Convert_Quote_To_Order" name="clickmainIdTest" time="3.197"/>
  <system-out/>
  <testcase classname="test.Test003_Convert_Quote_To_Order" name="clickSubmitQuoteTest" time="4.651"/>
  <system-out/>
  <testcase classname="test.Test003_Convert_Quote_To_Order" name="clickOnSubmit" time="3.217"/>
  <system-out/>
  <testcase classname="test.Test003_Convert_Quote_To_Order" name="clickConvertToOrderTest" time="5.841"/>
  <system-out/>
  <testcase classname="test.Test003_Convert_Quote_To_Order" name="handlingCheckbox1Test" time="11.262"/>
  <system-out/>
  <testcase classname="test.Test003_Convert_Quote_To_Order" name="clickSubmitOrderButtonTest" time="5.181"/>
  <system-out/>
  <testcase classname="test.Test003_Convert_Quote_To_Order" name="handlingCheckbox2Test" time="10.253"/>
  <system-out/>
  <testcase classname="test.Test003_Convert_Quote_To_Order" name="getCustomerDetailsOnOrderPageTest" time="4.141"/>
  <system-out/>
  <testcase classname="test.Test003_Convert_Quote_To_Order" name="getBillingAddressOnOrderPageTest" time="4.138"/>
  <system-out/>
  <testcase classname="test.Test003_Convert_Quote_To_Order" name="getShippingAddressOnOrderPageTest" time="4.149"/>
  <system-out/>
  <testcase classname="test.Test003_Convert_Quote_To_Order" name="clickThreeDotsOnOrderPageTest" time="5.173"/>
  <system-out/>
  <testcase classname="test.Test003_Convert_Quote_To_Order" name="threeDotsDropdownOrderPageTest" time="4.460"/>
  <system-out/>
  <testcase classname="test.Test003_Convert_Quote_To_Order" name="handlingCancelOrderCheckboxTest" time="10.286"/>
  <system-out/>
  <testcase classname="test.Test003_Convert_Quote_To_Order" name="verifyCartTotalOnOrderPageTest" time="4.088"/>
  <system-out/>
  <testcase classname="test.Test003_Convert_Quote_To_Order" name="verifyViewLinkedQuoteButtonTest" time="4.057"/>
  <system-out/>
  <testcase classname="test.Test003_Convert_Quote_To_Order" name="verifyTearSheetIconOrderPageTest" time="4.046"/>
  <system-out/>
  <testcase classname="test.Test003_Convert_Quote_To_Order" name="verifyProductInfoTest" time="4.055"/>
  <system-out/>
  <testcase classname="test.Test003_Convert_Quote_To_Order" name="getMailIdOnOrderPageTest" time="3.103"/>
  <system-out/>
</testsuite> <!-- test.Test003_Convert_Quote_To_Order -->
