<?xml version="1.0" encoding="UTF-8"?>
<!-- Generated by org.testng.reporters.JUnitReportReporter -->
<testsuite hostname="DESKTOP-G63O7EK" failures="0" tests="24" name="test.Test008_Container" time="202.424" errors="0" timestamp="2025-01-13T11:00:04 IST" skipped="0">
  <testcase classname="test.Test008_Container" name="productButtonTest" time="1.851"/>
  <system-out/>
  <testcase classname="test.Test008_Container" name="selectProduct" time="11.997"/>
  <system-out/>
  <testcase classname="test.Test008_Container" name="selectCart" time="4.176"/>
  <system-out/>
  <testcase classname="test.Test008_Container" name="containerBoxVisibilityTest" time="3.101"/>
  <system-out/>
  <testcase classname="test.Test008_Container" name="toggleSwitchTest" time="6.212"/>
  <system-out/>
  <testcase classname="test.Test008_Container" name="clickCreateOrderTest" time="5.259"/>
  <system-out/>
  <testcase classname="test.Test008_Container" name="clickChooseCustomerTest" time="8.274"/>
  <system-out/>
  <testcase classname="test.Test008_Container" name="customerSearchTest" time="23.517"/>
  <system-out/>
  <testcase classname="test.Test008_Container" name="checkContainerOnCartPageAfterSelectingCustomerTest" time="3.233"/>
  <system-out/>
  <testcase classname="test.Test008_Container" name="defaultCFTTest" time="0.042"/>
  <system-out/>
  <testcase classname="test.Test008_Container" name="clickCBMTest" time="5.184"/>
  <system-out/>
  <testcase classname="test.Test008_Container" name="selctCBMFromDropdownTest" time="24.494"/>
  <system-out/>
  <testcase classname="test.Test008_Container" name="clickCFTAgainAndSelctCFTFromDropdownTest" time="24.409"/>
  <system-out/>
  <testcase classname="test.Test008_Container" name="toggleSwitchAgainTest" time="6.216"/>
  <system-out/>
  <testcase classname="test.Test008_Container" name="clickCreateOrder2ButtonTest" time="8.243"/>
  <system-out/>
  <testcase classname="test.Test008_Container" name="clickProceedButtonTest" time="5.195"/>
  <system-out/>
  <testcase classname="test.Test008_Container" name="toggleSwitchCheckTest" time="3.008"/>
  <system-out/>
  <testcase classname="test.Test008_Container" name="clickEditButtonTest" time="5.265"/>
  <system-out/>
  <testcase classname="test.Test008_Container" name="clickAddProductsButtonTest" time="8.231"/>
  <system-out/>
  <testcase classname="test.Test008_Container" name="selectmoreProductTest" time="26.970"/>
  <system-out/>
  <testcase classname="test.Test008_Container" name="selectCartAgainTest" time="3.293"/>
  <system-out/>
  <testcase classname="test.Test008_Container" name="toggleSwitchCheckTest2" time="3.012"/>
  <system-out/>
  <testcase classname="test.Test008_Container" name="clickUpdateQuoteButtonTest" time="8.227"/>
  <system-out/>
  <testcase classname="test.Test008_Container" name="toggleSwitchCheckTest3" time="3.015"/>
  <system-out/>
</testsuite> <!-- test.Test008_Container -->
