<?xml version="1.0" encoding="UTF-8"?>
<!-- Generated by org.testng.reporters.JUnitReportReporter -->
<testsuite hostname="DESKTOP-G63O7EK" failures="0" tests="30" name="test.Test002_Create_Order" time="170.962" errors="0" timestamp="2025-01-05T17:36:51 IST" skipped="0">
  <testcase classname="test.Test002_Create_Order" name="productButtonTest" time="1.904"/>
  <system-out/>
  <testcase classname="test.Test002_Create_Order" name="productsVisibleOnCartIconTest" time="5.772"/>
  <system-out/>
  <testcase classname="test.Test002_Create_Order" name="selectProduct" time="17.284"/>
  <system-out/>
  <testcase classname="test.Test002_Create_Order" name="selectCart" time="4.316"/>
  <system-out/>
  <testcase classname="test.Test002_Create_Order" name="plusButtonTest" time="4.178"/>
  <system-out/>
  <testcase classname="test.Test002_Create_Order" name="increasingProductCountTest" time="3.059"/>
  <system-out/>
  <testcase classname="test.Test002_Create_Order" name="verifyDeleteTest" time="5.200"/>
  <system-out/>
  <testcase classname="test.Test002_Create_Order" name="validatingTotalProductOnCartTest" time="3.090"/>
  <system-out/>
  <testcase classname="test.Test002_Create_Order" name="deleteProductByThreedotButtonTest" time="8.463"/>
  <system-out/>
  <testcase classname="test.Test002_Create_Order" name="minusButtonTest" time="2.280"/>
  <system-out/>
  <testcase classname="test.Test002_Create_Order" name="decreasingProductCountTest" time="3.046"/>
  <system-out/>
  <testcase classname="test.Test002_Create_Order" name="addNoteByThreedotButtonTest" time="8.548"/>
  <system-out/>
  <testcase classname="test.Test002_Create_Order" name="writeNoteTest" time="3.288"/>
  <system-out/>
  <testcase classname="test.Test002_Create_Order" name="saveButtonTest" time="4.125"/>
  <system-out/>
  <testcase classname="test.Test002_Create_Order" name="addNoteText" time="0.053"/>
  <system-out/>
  <testcase classname="test.Test002_Create_Order" name="clickAgainOnThreeDotsButtonTest" time="8.409"/>
  <system-out/>
  <testcase classname="test.Test002_Create_Order" name="offeringDiscountTest" time="3.236"/>
  <system-out/>
  <testcase classname="test.Test002_Create_Order" name="verifyingAmountTest" time="4.133"/>
  <system-out/>
  <testcase classname="test.Test002_Create_Order" name="clickConfirmButtonTest" time="8.197"/>
  <system-out/>
  <testcase classname="test.Test002_Create_Order" name="verifyDiscountVisibilityOnProductTest" time="0.056"/>
  <system-out/>
  <testcase classname="test.Test002_Create_Order" name="clickBackArrowNextToCartTest" time="6.208"/>
  <system-out/>
  <testcase classname="test.Test002_Create_Order" name="selectCartAgain" time="4.223"/>
  <system-out/>
  <testcase classname="test.Test002_Create_Order" name="verifyProductOnCartAgainTest" time="3.056"/>
  <system-out/>
  <testcase classname="test.Test002_Create_Order" name="clickCreateOrderTest" time="8.271"/>
  <system-out/>
  <testcase classname="test.Test002_Create_Order" name="clickChooseCustomerTest" time="8.220"/>
  <system-out/>
  <testcase classname="test.Test002_Create_Order" name="clickCustomerSearchTextboxTest" time="15.504"/>
  <system-out/>
  <testcase classname="test.Test002_Create_Order" name="clickCreateOrder2ButtonTest" time="8.210"/>
  <system-out/>
  <testcase classname="test.Test002_Create_Order" name="clickProceedButtonTest" time="5.223"/>
  <system-out/>
  <testcase classname="test.Test002_Create_Order" name="clickSubmitOrderButtonTest" time="5.221"/>
  <system-out/>
  <testcase classname="test.Test002_Create_Order" name="clickSubmitButtonTest" time="8.189"/>
  <system-out/>
</testsuite> <!-- test.Test002_Create_Order -->
