<?xml version="1.0" encoding="UTF-8"?>
<!-- Generated by org.testng.reporters.JUnitReportReporter -->
<testsuite hostname="DESKTOP-HGMSAGS" failures="0" tests="6" name="scripts.Test003_Convert_Quote_To_Order" time="134.778" errors="0" timestamp="2024-05-10T14:28:29 IST" skipped="0">
  <testcase classname="scripts.Test003_Convert_Quote_To_Order" name="login" time="8.450"/>
  <system-out/>
  <testcase classname="scripts.Test003_Convert_Quote_To_Order" name="selectProduct" time="31.952"/>
  <system-out/>
  <testcase classname="scripts.Test003_Convert_Quote_To_Order" name="selectCart" time="3.124"/>
  <system-out/>
  <testcase classname="scripts.Test003_Convert_Quote_To_Order" name="selectCustomer" time="30.676"/>
  <system-out/>
  <testcase classname="scripts.Test003_Convert_Quote_To_Order" name="selectSaveForLater" time="23.021"/>
  <system-out/>
  <testcase classname="scripts.Test003_Convert_Quote_To_Order" name="convertToOrde" time="37.555"/>
  <system-out/>
</testsuite> <!-- scripts.Test003_Convert_Quote_To_Order -->
