<?xml version="1.0" encoding="UTF-8"?>
<!-- Generated by org.testng.reporters.JUnitReportReporter -->
<testsuite hostname="DESKTOP-G63O7EK" failures="0" tests="25" name="test.Test007_Buyer_Switching" time="182.321" errors="0" timestamp="2025-01-24T10:08:20 IST" skipped="0">
  <testcase classname="test.Test007_Buyer_Switching" name="productButtonTest" time="2.197"/>
  <system-out/>
  <testcase classname="test.Test007_Buyer_Switching" name="selectProduct" time="12.008"/>
  <system-out/>
  <testcase classname="test.Test007_Buyer_Switching" name="clickGuestCustomerButton1sttimeTest" time="5.212"/>
  <system-out/>
  <testcase classname="test.Test007_Buyer_Switching" name="clickCustomerSearchTextbox1stTimeTest" time="5.136"/>
  <system-out/>
  <testcase classname="test.Test007_Buyer_Switching" name="clickCustomer1Test" time="11.213"/>
  <system-out/>
  <testcase classname="test.Test007_Buyer_Switching" name="clickCartButton1stTimeTest" time="10.242"/>
  <system-out/>
  <testcase classname="test.Test007_Buyer_Switching" name="verifyEmptyCart1stTimeTest" time="3.194"/>
  <system-out/>
  <testcase classname="test.Test007_Buyer_Switching" name="verifyCustomerNameOnCartPage1stTimeTest" time="5.087"/>
  <system-out/>
  <testcase classname="test.Test007_Buyer_Switching" name="selectProduct2ndTimeTest" time="10.685"/>
  <system-out/>
  <testcase classname="test.Test007_Buyer_Switching" name="clickGuestCustomerButton2ndTimeTest" time="5.222"/>
  <system-out/>
  <testcase classname="test.Test007_Buyer_Switching" name="clickCustomerSearchTextbox2ndTimeTest" time="10.130"/>
  <system-out/>
  <testcase classname="test.Test007_Buyer_Switching" name="clickCustomer2Test" time="10.262"/>
  <system-out/>
  <testcase classname="test.Test007_Buyer_Switching" name="clickCartButton2ndTime" time="10.198"/>
  <system-out/>
  <testcase classname="test.Test007_Buyer_Switching" name="verifyCustomerNameOnCartPage2ndTimeTest" time="5.068"/>
  <system-out/>
  <testcase classname="test.Test007_Buyer_Switching" name="verifyProductOnCart1stTimeTest" time="6.062"/>
  <system-out/>
  <testcase classname="test.Test007_Buyer_Switching" name="clickOnCustomerButton3rdTime" time="11.250"/>
  <system-out/>
  <testcase classname="test.Test007_Buyer_Switching" name="verifyProductOnCart2ndTime" time="6.070"/>
  <system-out/>
  <testcase classname="test.Test007_Buyer_Switching" name="clickGuestCustomerButton3rdTimeforReplaceTest" time="5.160"/>
  <system-out/>
  <testcase classname="test.Test007_Buyer_Switching" name="clickCustomerSearchTextbox3rdTime" time="5.135"/>
  <system-out/>
  <testcase classname="test.Test007_Buyer_Switching" name="clickCustomer2AgainForkeepExistingTest" time="10.246"/>
  <system-out/>
  <testcase classname="test.Test007_Buyer_Switching" name="verifyProductOnCart3rdTimeTest" time="6.053"/>
  <system-out/>
  <testcase classname="test.Test007_Buyer_Switching" name="clickGuestCustomerButton4thTime" time="5.122"/>
  <system-out/>
  <testcase classname="test.Test007_Buyer_Switching" name="clickCustomerSearchTextbox4thTime" time="5.095"/>
  <system-out/>
  <testcase classname="test.Test007_Buyer_Switching" name="clickCustomerSearchTextbox4theTime" time="10.204"/>
  <system-out/>
  <testcase classname="test.Test007_Buyer_Switching" name="clickCustomer4ForReplaceTest" time="6.070"/>
  <system-out/>
</testsuite> <!-- test.Test007_Buyer_Switching -->
