<?xml version="1.0" encoding="UTF-8"?>
<!-- Generated by org.testng.reporters.JUnitReportReporter -->
<testsuite hostname="DESKTOP-G63O7EK" failures="0" tests="10" name="test.Test010_Category_And_Collections_Page" time="342.049" errors="0" timestamp="2025-01-24T10:08:20 IST" skipped="0">
  <testcase classname="test.Test010_Category_And_Collections_Page" name="productButtonTest" time="2.050"/>
  <system-out/>
  <testcase classname="test.Test010_Category_And_Collections_Page" name="productsVisibleOnCartIconTest" time="20.369"/>
  <system-out/>
  <testcase classname="test.Test010_Category_And_Collections_Page" name="verifyCategoryViewAllButtonTest" time="22.669"/>
  <system-out/>
  <testcase classname="test.Test010_Category_And_Collections_Page" name="verifyCategoryPageTest" time="13.260"/>
  <system-out/>
  <testcase classname="test.Test010_Category_And_Collections_Page" name="clickOnParticularCategoryTest" time="55.271"/>
  <system-out/>
  <testcase classname="test.Test010_Category_And_Collections_Page" name="verifyExploreAll_AllDropdownsTest" time="73.006"/>
  <system-out/>
  <testcase classname="test.Test010_Category_And_Collections_Page" name="verifyFilterIconTest" time="66.958"/>
  <system-out/>
  <testcase classname="test.Test010_Category_And_Collections_Page" name="verifySortByDropdownTest" time="31.357"/>
  <system-out/>
  <testcase classname="test.Test010_Category_And_Collections_Page" name="verifyViewSimilarBtnTest" time="52.759"/>
  <system-out/>
  <testcase classname="test.Test010_Category_And_Collections_Page" name="clickViewAllRecommendedRailBtnTest" time="4.350"/>
  <system-out/>
</testsuite> <!-- test.Test010_Category_And_Collections_Page -->
