<?xml version="1.0" encoding="UTF-8"?>
<!-- Generated by org.testng.reporters.JUnitReportReporter -->
<testsuite hostname="DESKTOP-G63O7EK" failures="0" tests="15" name="test.Test001_Login_Logout" time="67.806" errors="0" timestamp="2025-01-22T19:10:00 IST" skipped="0">
  <testcase classname="test.Test001_Login_Logout" name="openBrowser" time="8.041"/>
  <system-out/>
  <testcase classname="test.Test001_Login_Logout" name="loginPageTitleTest" time="0.058"/>
  <system-out/>
  <testcase classname="test.Test001_Login_Logout" name="logoTest" time="1.063"/>
  <system-out/>
  <testcase classname="test.Test001_Login_Logout" name="headingTest" time="0.055"/>
  <system-out/>
  <testcase classname="test.Test001_Login_Logout" name="passwordEyeTest" time="0.046"/>
  <system-out/>
  <testcase classname="test.Test001_Login_Logout" name="forgotPassTest" time="0.028"/>
  <system-out/>
  <testcase classname="test.Test001_Login_Logout" name="bottomLineTest" time="0.037"/>
  <system-out/>
  <testcase classname="test.Test001_Login_Logout" name="bookaDemoTest" time="0.032"/>
  <system-out/>
  <testcase classname="test.Test001_Login_Logout" name="loginAllCasesTest" time="10.456"/>
  <system-out/>
  <testcase classname="test.Test001_Login_Logout" name="loginAllCasesTest" time="8.496"/>
  <system-out/>
  <testcase classname="test.Test001_Login_Logout" name="loginAllCasesTest" time="9.647"/>
  <system-out/>
  <testcase classname="test.Test001_Login_Logout" name="loginAllCasesTest" time="9.861"/>
  <system-out/>
  <testcase classname="test.Test001_Login_Logout" name="loginAllCasesTest" time="9.358"/>
  <system-out/>
  <testcase classname="test.Test001_Login_Logout" name="logoutTest" time="5.392"/>
  <system-out/>
  <testcase classname="test.Test001_Login_Logout" name="closeBrowser" time="5.236"/>
  <system-out/>
</testsuite> <!-- test.Test001_Login_Logout -->
