<?xml version="1.0" encoding="UTF-8"?>
<!-- Generated by org.testng.reporters.JUnitReportReporter -->
<testsuite hostname="DESKTOP-G63O7EK" failures="0" tests="39" name="test.Test004_Edit_Quote_01" time="232.278" errors="0" timestamp="2025-01-05T17:36:51 IST" skipped="1">
  <testcase classname="test.Test004_Edit_Quote_01" name="productButtonTest" time="2.187"/>
  <system-out/>
  <testcase classname="test.Test004_Edit_Quote_01" name="selectProduct" time="12.076"/>
  <system-out/>
  <testcase classname="test.Test004_Edit_Quote_01" name="selectCart" time="4.172"/>
  <system-out/>
  <testcase classname="test.Test004_Edit_Quote_01" name="clickThreeDotsButtonTest" time="3.241"/>
  <system-out/>
  <testcase classname="test.Test004_Edit_Quote_01" name="selectDeleteCartTest" time="5.235"/>
  <system-out/>
  <testcase classname="test.Test004_Edit_Quote_01" name="handlingDiscardAllItemsInCartCheckboxTest" time="6.217"/>
  <system-out/>
  <testcase classname="test.Test004_Edit_Quote_01" name="clickAddExistingProductsTest" time="8.191"/>
  <system-out/>
  <testcase classname="test.Test004_Edit_Quote_01" name="selectmoreProductTest" time="27.047"/>
  <system-out/>
  <testcase classname="test.Test004_Edit_Quote_01" name="selectCartAgainTest" time="3.225"/>
  <system-out/>
  <testcase classname="test.Test004_Edit_Quote_01" name="clickCreateOrderTest" time="5.252"/>
  <system-out/>
  <testcase classname="test.Test004_Edit_Quote_01" name="clickChooseCustomerTest" time="8.262"/>
  <system-out/>
  <testcase classname="test.Test004_Edit_Quote_01" name="customerSearchTest" time="15.486"/>
  <system-out/>
  <testcase classname="test.Test004_Edit_Quote_01" name="clickCreateOrder2ButtonTest" time="8.248"/>
  <system-out/>
  <testcase classname="test.Test004_Edit_Quote_01" name="clickProceedButtonTest" time="5.200"/>
  <system-out/>
  <testcase classname="test.Test004_Edit_Quote_01" name="clickSubmitQuoteTest" time="10.361"/>
  <system-out/>
  <testcase classname="test.Test004_Edit_Quote_01" name="clickEditQuotebuttonTest" time="5.191"/>
  <system-out/>
  <testcase classname="test.Test004_Edit_Quote_01" name="clickAddDiscountButtonTest" time="3.219"/>
  <system-out/>
  <testcase classname="test.Test004_Edit_Quote_01" name="enterDiscountTest" time="3.311"/>
  <system-out/>
  <testcase classname="test.Test004_Edit_Quote_01" name="verifyAmountAfterDiscountTest" time="5.119"/>
  <system-out/>
  <testcase classname="test.Test004_Edit_Quote_01" name="clickApplyButtonTest" time="6.181"/>
  <system-out/>
  <testcase classname="test.Test004_Edit_Quote_01" name="clickAddShippingChargeButtonTest" time="3.171"/>
  <system-out/>
  <testcase classname="test.Test004_Edit_Quote_01" name="enterShippingChargeTest" time="3.259"/>
  <system-out/>
  <testcase classname="test.Test004_Edit_Quote_01" name="verifyAmountAfterShipping" time="0.174"/>
  <system-out/>
  <testcase classname="test.Test004_Edit_Quote_01" name="clickShippingApplyButtonTest" time="6.151"/>
  <system-out/>
  <testcase classname="test.Test004_Edit_Quote_01" name="clickAddTaxButtonTest" time="3.170"/>
  <system-out/>
  <testcase classname="test.Test004_Edit_Quote_01" name="enterTaxTest" time="3.293"/>
  <system-out/>
  <testcase classname="test.Test004_Edit_Quote_01" name="verifyAmountAfterTaxTest" time="0.189"/>
  <system-out/>
  <testcase classname="test.Test004_Edit_Quote_01" name="clickTaxApplyButtonTest" time="6.154"/>
  <system-out/>
  <testcase classname="test.Test004_Edit_Quote_01" name="clickAddAdditionalChargeButtonTest" time="3.171"/>
  <system-out/>
  <testcase classname="test.Test004_Edit_Quote_01" name="enterAdditionalchargeTest" time="3.162"/>
  <system-out/>
  <testcase classname="test.Test004_Edit_Quote_01" name="verifyAmountAfterAddChargeTest" time="0.191"/>
  <system-out/>
  <testcase classname="test.Test004_Edit_Quote_01" name="clickApplyAdditionalChargeButtonTest" time="10.153"/>
  <system-out/>
  <testcase classname="test.Test004_Edit_Quote_01" name="verifyPageAmountTest" time="6.365"/>
  <system-out/>
  <testcase classname="test.Test004_Edit_Quote_01" name="clickReSubmitQuoteButtonTest" time="6.344"/>
  <system-out/>
  <testcase classname="test.Test004_Edit_Quote_01" name="clickConvertToOrderTest" time="3.209"/>
  <system-out/>
  <testcase classname="test.Test004_Edit_Quote_01" name="handlingCheckbox1Test" time="11.237"/>
  <system-out/>
  <testcase classname="test.Test004_Edit_Quote_01" name="clickSubmitOrderButtonTest" time="5.213"/>
  <system-out/>
  <testcase classname="test.Test004_Edit_Quote_01" name="handlingCheckbox2Test" time="10.251"/>
  <system-out/>
  <testcase classname="test.Test004_Edit_Quote_01" name="enterAdditionalchargeNameTest">
    <skipped/>
  </testcase> <!-- enterAdditionalchargeNameTest -->
  <system-out/>
</testsuite> <!-- test.Test004_Edit_Quote_01 -->
