<?xml version="1.0" encoding="UTF-8"?>
<!-- Generated by org.testng.reporters.JUnitReportReporter -->
<testsuite hostname="DESKTOP-G63O7EK" failures="0" tests="10" name="test.Test010_Category_And_Collections_Page" time="343.523" errors="0" timestamp="2025-01-10T10:25:28 IST" skipped="0">
  <testcase classname="test.Test010_Category_And_Collections_Page" name="productButtonTest" time="1.783"/>
  <system-out/>
  <testcase classname="test.Test010_Category_And_Collections_Page" name="productsVisibleOnCartIconTest" time="20.558"/>
  <system-out/>
  <testcase classname="test.Test010_Category_And_Collections_Page" name="verifyCategoryViewAllButtonTest" time="22.661"/>
  <system-out/>
  <testcase classname="test.Test010_Category_And_Collections_Page" name="verifyCategoryPageTest" time="13.337"/>
  <system-out/>
  <testcase classname="test.Test010_Category_And_Collections_Page" name="clickOnParticularCategoryTest" time="55.225"/>
  <system-out/>
  <testcase classname="test.Test010_Category_And_Collections_Page" name="verifyExploreAll_AllDropdownsTest" time="72.984"/>
  <system-out/>
  <testcase classname="test.Test010_Category_And_Collections_Page" name="verifyFilterIconTest" time="67.173"/>
  <system-out/>
  <testcase classname="test.Test010_Category_And_Collections_Page" name="verifySortByDropdownTest" time="31.623"/>
  <system-out/>
  <testcase classname="test.Test010_Category_And_Collections_Page" name="verifyViewSimilarBtnTest" time="53.558"/>
  <system-out/>
  <testcase classname="test.Test010_Category_And_Collections_Page" name="clickViewAllRecommendedRailBtnTest" time="4.621"/>
  <system-out/>
</testsuite> <!-- test.Test010_Category_And_Collections_Page -->
