<?xml version="1.0" encoding="UTF-8"?>
<!-- Generated by org.testng.reporters.JUnitReportReporter -->
<testsuite hostname="DESKTOP-G63O7EK" failures="0" tests="25" name="test.Test007_Buyer_Switching" time="182.808" errors="0" timestamp="2025-01-10T10:25:28 IST" skipped="0">
  <testcase classname="test.Test007_Buyer_Switching" name="productButtonTest" time="1.982"/>
  <system-out/>
  <testcase classname="test.Test007_Buyer_Switching" name="selectProduct" time="12.314"/>
  <system-out/>
  <testcase classname="test.Test007_Buyer_Switching" name="clickGuestCustomerButton1sttimeTest" time="5.257"/>
  <system-out/>
  <testcase classname="test.Test007_Buyer_Switching" name="clickCustomerSearchTextbox1stTimeTest" time="5.140"/>
  <system-out/>
  <testcase classname="test.Test007_Buyer_Switching" name="clickCustomer1Test" time="11.172"/>
  <system-out/>
  <testcase classname="test.Test007_Buyer_Switching" name="clickCartButton1stTimeTest" time="10.196"/>
  <system-out/>
  <testcase classname="test.Test007_Buyer_Switching" name="verifyEmptyCart1stTimeTest" time="3.183"/>
  <system-out/>
  <testcase classname="test.Test007_Buyer_Switching" name="verifyCustomerNameOnCartPage1stTimeTest" time="5.081"/>
  <system-out/>
  <testcase classname="test.Test007_Buyer_Switching" name="selectProduct2ndTimeTest" time="10.772"/>
  <system-out/>
  <testcase classname="test.Test007_Buyer_Switching" name="clickGuestCustomerButton2ndTimeTest" time="5.248"/>
  <system-out/>
  <testcase classname="test.Test007_Buyer_Switching" name="clickCustomerSearchTextbox2ndTimeTest" time="10.215"/>
  <system-out/>
  <testcase classname="test.Test007_Buyer_Switching" name="clickCustomer2Test" time="10.214"/>
  <system-out/>
  <testcase classname="test.Test007_Buyer_Switching" name="clickCartButton2ndTime" time="10.221"/>
  <system-out/>
  <testcase classname="test.Test007_Buyer_Switching" name="verifyCustomerNameOnCartPage2ndTimeTest" time="5.101"/>
  <system-out/>
  <testcase classname="test.Test007_Buyer_Switching" name="verifyProductOnCart1stTimeTest" time="6.079"/>
  <system-out/>
  <testcase classname="test.Test007_Buyer_Switching" name="clickOnCustomerButton3rdTime" time="11.323"/>
  <system-out/>
  <testcase classname="test.Test007_Buyer_Switching" name="verifyProductOnCart2ndTime" time="6.063"/>
  <system-out/>
  <testcase classname="test.Test007_Buyer_Switching" name="clickGuestCustomerButton3rdTimeforReplaceTest" time="5.172"/>
  <system-out/>
  <testcase classname="test.Test007_Buyer_Switching" name="clickCustomerSearchTextbox3rdTime" time="5.119"/>
  <system-out/>
  <testcase classname="test.Test007_Buyer_Switching" name="clickCustomer2AgainForkeepExistingTest" time="10.289"/>
  <system-out/>
  <testcase classname="test.Test007_Buyer_Switching" name="verifyProductOnCart3rdTimeTest" time="6.056"/>
  <system-out/>
  <testcase classname="test.Test007_Buyer_Switching" name="clickGuestCustomerButton4thTime" time="5.140"/>
  <system-out/>
  <testcase classname="test.Test007_Buyer_Switching" name="clickCustomerSearchTextbox4thTime" time="5.119"/>
  <system-out/>
  <testcase classname="test.Test007_Buyer_Switching" name="clickCustomerSearchTextbox4theTime" time="10.294"/>
  <system-out/>
  <testcase classname="test.Test007_Buyer_Switching" name="clickCustomer4ForReplaceTest" time="6.058"/>
  <system-out/>
</testsuite> <!-- test.Test007_Buyer_Switching -->
