<?xml version="1.0" encoding="UTF-8"?>
<!-- Generated by org.testng.reporters.JUnitReportReporter -->
<testsuite hostname="DESKTOP-HGMSAGS" failures="0" tests="7" name="scripts.TC005_Edit_Quote_02" time="243.907" errors="0" timestamp="2024-05-10T11:44:09 IST" skipped="0">
  <testcase classname="scripts.TC005_Edit_Quote_02" name="tc005_Login" time="3.786"/>
  <system-out/>
  <testcase classname="scripts.TC005_Edit_Quote_02" name="quote" time="7.226"/>
  <system-out/>
  <testcase classname="scripts.TC005_Edit_Quote_02" name="quote_Verify_Searchbox" time="14.706"/>
  <system-out/>
  <testcase classname="scripts.TC005_Edit_Quote_02" name="quote_click_Products" time="19.464"/>
  <system-out/>
  <testcase classname="scripts.TC005_Edit_Quote_02" name="cart_Page2" time="88.157"/>
  <system-out/>
  <testcase classname="scripts.TC005_Edit_Quote_02" name="edit_submit_quote" time="22.532"/>
  <system-out/>
  <testcase classname="scripts.TC005_Edit_Quote_02" name="adding_More_Product" time="88.036"/>
  <system-out/>
</testsuite> <!-- scripts.TC005_Edit_Quote_02 -->
