<?xml version="1.0" encoding="UTF-8"?>
<!-- Generated by org.testng.reporters.JUnitReportReporter -->
<testsuite hostname="DESKTOP-HGMSAGS" failures="0" tests="2" name="scripts.Tc" time="22.306" errors="0" timestamp="2024-04-20T22:41:15 IST" skipped="0">
  <testcase classname="scripts.Tc" name="tc_Invalid1" time="11.307"/>
  <system-out/>
  <testcase classname="scripts.Tc" name="tc_Invalid2" time="10.999"/>
  <system-out/>
</testsuite> <!-- scripts.Tc -->
