<?xml version="1.0" encoding="UTF-8"?>
<!-- Generated by org.testng.reporters.JUnitReportReporter -->
<testsuite hostname="DESKTOP-G63O7EK" failures="0" tests="23" name="test.Test003_Convert_Quote_To_Order" time="172.968" errors="0" timestamp="2025-01-26T21:51:55 IST" skipped="0">
  <testcase classname="test.Test003_Convert_Quote_To_Order" name="productButtonTest" time="2.519"/>
  <system-out/>
  <testcase classname="test.Test003_Convert_Quote_To_Order" name="selectProduct" time="39.736"/>
  <system-out/>
  <testcase classname="test.Test003_Convert_Quote_To_Order" name="selectCart" time="4.417"/>
  <system-out/>
  <testcase classname="test.Test003_Convert_Quote_To_Order" name="clickCreateOrderTest" time="5.343"/>
  <system-out/>
  <testcase classname="test.Test003_Convert_Quote_To_Order" name="clickChooseCustomerTest" time="8.284"/>
  <system-out/>
  <testcase classname="test.Test003_Convert_Quote_To_Order" name="customerSearchTest" time="15.578"/>
  <system-out/>
  <testcase classname="test.Test003_Convert_Quote_To_Order" name="clickCreateOrder2ButtonTest" time="8.285"/>
  <system-out/>
  <testcase classname="test.Test003_Convert_Quote_To_Order" name="clickProceedButtonTest" time="5.197"/>
  <system-out/>
  <testcase classname="test.Test003_Convert_Quote_To_Order" name="verifyCustomerDetailsOnQuoteTest" time="4.186"/>
  <system-out/>
  <testcase classname="test.Test003_Convert_Quote_To_Order" name="verifyBillingDetailsOnQuoteTest" time="4.171"/>
  <system-out/>
  <testcase classname="test.Test003_Convert_Quote_To_Order" name="verifyShippingDetailsOnQuoteTest" time="4.145"/>
  <system-out/>
  <testcase classname="test.Test003_Convert_Quote_To_Order" name="getMailIdOnQuotePageTest" time="0.062"/>
  <system-out/>
  <testcase classname="test.Test003_Convert_Quote_To_Order" name="clickTearSheetIconTest" time="4.121"/>
  <system-out/>
  <testcase classname="test.Test003_Convert_Quote_To_Order" name="clickExcelSheet" time="4.274"/>
  <system-out/>
  <testcase classname="test.Test003_Convert_Quote_To_Order" name="clickTearSheetIconAgainTest" time="4.156"/>
  <system-out/>
  <testcase classname="test.Test003_Convert_Quote_To_Order" name="clickPDFTest" time="4.248"/>
  <system-out/>
  <testcase classname="test.Test003_Convert_Quote_To_Order" name="verifyTotalAndPendingAmtTest" time="4.129"/>
  <system-out/>
  <testcase classname="test.Test003_Convert_Quote_To_Order" name="clickThreeDotsTest" time="4.177"/>
  <system-out/>
  <testcase classname="test.Test003_Convert_Quote_To_Order" name="threeDotsDropdownTest" time="4.326"/>
  <system-out/>
  <testcase classname="test.Test003_Convert_Quote_To_Order" name="handlingCancelQuoteCheckboxTest" time="10.323"/>
  <system-out/>
  <testcase classname="test.Test003_Convert_Quote_To_Order" name="copyOrderIdTest" time="5.263"/>
  <system-out/>
  <testcase classname="test.Test003_Convert_Quote_To_Order" name="selectSaveForLater" time="8.244"/>
  <system-out/>
  <testcase classname="test.Test003_Convert_Quote_To_Order" name="pasteOrderIdTest" time="17.784"/>
  <system-out/>
</testsuite> <!-- test.Test003_Convert_Quote_To_Order -->
