<?xml version="1.0" encoding="UTF-8"?>
<!-- Generated by org.testng.reporters.JUnitReportReporter -->
<testsuite hostname="DESKTOP-HGMSAGS" failures="0" tests="1" name="scripts.TC001_LoginFunctionality_Invalid" time="13.815" errors="0" timestamp="2024-04-20T14:17:41 IST" skipped="0">
  <testcase classname="scripts.TC001_LoginFunctionality_Invalid" name="tc001_LoginFunctionality_Invalid" time="13.815"/>
  <system-out/>
</testsuite> <!-- scripts.TC001_LoginFunctionality_Invalid -->
