<?xml version="1.0" encoding="UTF-8"?>
<!-- Generated by org.testng.reporters.JUnitReportReporter -->
<testsuite hostname="DESKTOP-G63O7EK" failures="0" tests="40" name="test.Test004_Edit_Quote_01" time="246.000" errors="0" timestamp="2025-01-24T10:08:20 IST" skipped="1">
  <testcase classname="test.Test004_Edit_Quote_01" name="productButtonTest" time="2.262"/>
  <system-out/>
  <testcase classname="test.Test004_Edit_Quote_01" name="selectProduct" time="12.014"/>
  <system-out/>
  <testcase classname="test.Test004_Edit_Quote_01" name="selectCart" time="4.218"/>
  <system-out/>
  <testcase classname="test.Test004_Edit_Quote_01" name="clickThreeDotsButtonTest" time="3.298"/>
  <system-out/>
  <testcase classname="test.Test004_Edit_Quote_01" name="selectDeleteCartTest" time="5.207"/>
  <system-out/>
  <testcase classname="test.Test004_Edit_Quote_01" name="handlingDiscardAllItemsInCartCheckboxTest" time="6.244"/>
  <system-out/>
  <testcase classname="test.Test004_Edit_Quote_01" name="clickAddExistingProductsTest" time="8.266"/>
  <system-out/>
  <testcase classname="test.Test004_Edit_Quote_01" name="selectmoreProductTest" time="27.104"/>
  <system-out/>
  <testcase classname="test.Test004_Edit_Quote_01" name="selectCartAgainTest" time="3.279"/>
  <system-out/>
  <testcase classname="test.Test004_Edit_Quote_01" name="clickCreateOrderTest" time="5.216"/>
  <system-out/>
  <testcase classname="test.Test004_Edit_Quote_01" name="clickChooseCustomerTest" time="8.297"/>
  <system-out/>
  <testcase classname="test.Test004_Edit_Quote_01" name="customerSearchTest" time="15.594"/>
  <system-out/>
  <testcase classname="test.Test004_Edit_Quote_01" name="clickCreateOrder2ButtonTest" time="8.223"/>
  <system-out/>
  <testcase classname="test.Test004_Edit_Quote_01" name="clickProceedButtonTest" time="5.230"/>
  <system-out/>
  <testcase classname="test.Test004_Edit_Quote_01" name="clickSubmitQuoteTest" time="10.358"/>
  <system-out/>
  <testcase classname="test.Test004_Edit_Quote_01" name="clickEditQuotebuttonTest" time="5.186"/>
  <system-out/>
  <testcase classname="test.Test004_Edit_Quote_01" name="clickAddDiscountButtonTest" time="3.185"/>
  <system-out/>
  <testcase classname="test.Test004_Edit_Quote_01" name="enterDiscountTest" time="3.383"/>
  <system-out/>
  <testcase classname="test.Test004_Edit_Quote_01" name="verifyAmountAfterDiscountTest" time="5.162"/>
  <system-out/>
  <testcase classname="test.Test004_Edit_Quote_01" name="clickApplyButtonTest" time="6.177"/>
  <system-out/>
  <testcase classname="test.Test004_Edit_Quote_01" name="clickAddShippingChargeButtonTest" time="3.237"/>
  <system-out/>
  <testcase classname="test.Test004_Edit_Quote_01" name="enterShippingChargeTest" time="3.340"/>
  <system-out/>
  <testcase classname="test.Test004_Edit_Quote_01" name="verifyAmountAfterShipping" time="0.197"/>
  <system-out/>
  <testcase classname="test.Test004_Edit_Quote_01" name="clickShippingApplyButtonTest" time="6.150"/>
  <system-out/>
  <testcase classname="test.Test004_Edit_Quote_01" name="clickAddTaxButtonTest" time="3.192"/>
  <system-out/>
  <testcase classname="test.Test004_Edit_Quote_01" name="enterTaxTest" time="3.335"/>
  <system-out/>
  <testcase classname="test.Test004_Edit_Quote_01" name="verifyAmountAfterTaxTest" time="0.206"/>
  <system-out/>
  <testcase classname="test.Test004_Edit_Quote_01" name="clickTaxApplyButtonTest" time="6.234"/>
  <system-out/>
  <testcase classname="test.Test004_Edit_Quote_01" name="clickAddAdditionalChargeButtonTest" time="3.195"/>
  <system-out/>
  <testcase classname="test.Test004_Edit_Quote_01" name="enterAdditionalchargeTest" time="3.171"/>
  <system-out/>
  <testcase classname="test.Test004_Edit_Quote_01" name="verifyAmountAfterAddChargeTest" time="0.232"/>
  <system-out/>
  <testcase classname="test.Test004_Edit_Quote_01" name="clickApplyAdditionalChargeButtonTest" time="10.157"/>
  <system-out/>
  <testcase classname="test.Test004_Edit_Quote_01" name="verifyPageAmountTest" time="6.332"/>
  <system-out/>
  <testcase classname="test.Test004_Edit_Quote_01" name="clickReSubmitQuoteButtonTest" time="6.385"/>
  <system-out/>
  <testcase classname="test.Test004_Edit_Quote_01" name="clickConvertToOrderTest" time="3.296"/>
  <system-out/>
  <testcase classname="test.Test004_Edit_Quote_01" name="handlingCheckbox1Test" time="11.240"/>
  <system-out/>
  <testcase classname="test.Test004_Edit_Quote_01" name="clickSubmitOrderButtonTest" time="5.250"/>
  <system-out/>
  <testcase classname="test.Test004_Edit_Quote_01" name="handlingCheckbox2Test" time="10.253"/>
  <system-out/>
  <testcase classname="test.Test004_Edit_Quote_01" name="orderCancelledTest" time="12.695"/>
  <system-out/>
  <testcase classname="test.Test004_Edit_Quote_01" name="enterAdditionalchargeNameTest">
    <skipped/>
  </testcase> <!-- enterAdditionalchargeNameTest -->
  <system-out/>
</testsuite> <!-- test.Test004_Edit_Quote_01 -->
