<?xml version="1.0" encoding="UTF-8"?>
<!-- Generated by org.testng.reporters.JUnitReportReporter -->
<testsuite hostname="DESKTOP-HGMSAGS" failures="0" tests="5" name="scripts.TC002_PLP" time="89.497" errors="0" timestamp="2024-05-10T10:39:09 IST" skipped="0">
  <testcase classname="scripts.TC002_PLP" name="tc002_Login" time="3.455"/>
  <system-out/>
  <testcase classname="scripts.TC002_PLP" name="pLP" time="6.135"/>
  <system-out/>
  <testcase classname="scripts.TC002_PLP" name="pLP_Verify_Searchbox" time="14.488"/>
  <system-out/>
  <testcase classname="scripts.TC002_PLP" name="pLP_click_Products" time="17.439"/>
  <system-out/>
  <testcase classname="scripts.TC002_PLP" name="cart_Page" time="47.980"/>
  <system-out/>
</testsuite> <!-- scripts.TC002_PLP -->
