<?xml version="1.0" encoding="UTF-8"?>
<!-- Generated by org.testng.reporters.JUnitReportReporter -->
<testsuite hostname="DESKTOP-G63O7EK" failures="0" tests="39" name="test.Test004_Edit_Quote_01" time="231.080" errors="0" timestamp="2025-01-10T10:25:28 IST" skipped="1">
  <testcase classname="test.Test004_Edit_Quote_01" name="productButtonTest" time="1.798"/>
  <system-out/>
  <testcase classname="test.Test004_Edit_Quote_01" name="selectProduct" time="12.565"/>
  <system-out/>
  <testcase classname="test.Test004_Edit_Quote_01" name="selectCart" time="4.216"/>
  <system-out/>
  <testcase classname="test.Test004_Edit_Quote_01" name="clickThreeDotsButtonTest" time="3.254"/>
  <system-out/>
  <testcase classname="test.Test004_Edit_Quote_01" name="selectDeleteCartTest" time="5.134"/>
  <system-out/>
  <testcase classname="test.Test004_Edit_Quote_01" name="handlingDiscardAllItemsInCartCheckboxTest" time="6.193"/>
  <system-out/>
  <testcase classname="test.Test004_Edit_Quote_01" name="clickAddExistingProductsTest" time="8.201"/>
  <system-out/>
  <testcase classname="test.Test004_Edit_Quote_01" name="selectmoreProductTest" time="26.743"/>
  <system-out/>
  <testcase classname="test.Test004_Edit_Quote_01" name="selectCartAgainTest" time="3.345"/>
  <system-out/>
  <testcase classname="test.Test004_Edit_Quote_01" name="clickCreateOrderTest" time="5.196"/>
  <system-out/>
  <testcase classname="test.Test004_Edit_Quote_01" name="clickChooseCustomerTest" time="8.219"/>
  <system-out/>
  <testcase classname="test.Test004_Edit_Quote_01" name="customerSearchTest" time="15.345"/>
  <system-out/>
  <testcase classname="test.Test004_Edit_Quote_01" name="clickCreateOrder2ButtonTest" time="8.154"/>
  <system-out/>
  <testcase classname="test.Test004_Edit_Quote_01" name="clickProceedButtonTest" time="5.157"/>
  <system-out/>
  <testcase classname="test.Test004_Edit_Quote_01" name="clickSubmitQuoteTest" time="10.335"/>
  <system-out/>
  <testcase classname="test.Test004_Edit_Quote_01" name="clickEditQuotebuttonTest" time="5.145"/>
  <system-out/>
  <testcase classname="test.Test004_Edit_Quote_01" name="clickAddDiscountButtonTest" time="3.145"/>
  <system-out/>
  <testcase classname="test.Test004_Edit_Quote_01" name="enterDiscountTest" time="3.174"/>
  <system-out/>
  <testcase classname="test.Test004_Edit_Quote_01" name="verifyAmountAfterDiscountTest" time="5.101"/>
  <system-out/>
  <testcase classname="test.Test004_Edit_Quote_01" name="clickApplyButtonTest" time="6.188"/>
  <system-out/>
  <testcase classname="test.Test004_Edit_Quote_01" name="clickAddShippingChargeButtonTest" time="3.106"/>
  <system-out/>
  <testcase classname="test.Test004_Edit_Quote_01" name="enterShippingChargeTest" time="3.225"/>
  <system-out/>
  <testcase classname="test.Test004_Edit_Quote_01" name="verifyAmountAfterShipping" time="0.112"/>
  <system-out/>
  <testcase classname="test.Test004_Edit_Quote_01" name="clickShippingApplyButtonTest" time="6.130"/>
  <system-out/>
  <testcase classname="test.Test004_Edit_Quote_01" name="clickAddTaxButtonTest" time="3.133"/>
  <system-out/>
  <testcase classname="test.Test004_Edit_Quote_01" name="enterTaxTest" time="3.235"/>
  <system-out/>
  <testcase classname="test.Test004_Edit_Quote_01" name="verifyAmountAfterTaxTest" time="0.121"/>
  <system-out/>
  <testcase classname="test.Test004_Edit_Quote_01" name="clickTaxApplyButtonTest" time="6.134"/>
  <system-out/>
  <testcase classname="test.Test004_Edit_Quote_01" name="clickAddAdditionalChargeButtonTest" time="3.197"/>
  <system-out/>
  <testcase classname="test.Test004_Edit_Quote_01" name="enterAdditionalchargeTest" time="3.173"/>
  <system-out/>
  <testcase classname="test.Test004_Edit_Quote_01" name="verifyAmountAfterAddChargeTest" time="0.158"/>
  <system-out/>
  <testcase classname="test.Test004_Edit_Quote_01" name="clickApplyAdditionalChargeButtonTest" time="10.108"/>
  <system-out/>
  <testcase classname="test.Test004_Edit_Quote_01" name="verifyPageAmountTest" time="6.259"/>
  <system-out/>
  <testcase classname="test.Test004_Edit_Quote_01" name="clickReSubmitQuoteButtonTest" time="6.399"/>
  <system-out/>
  <testcase classname="test.Test004_Edit_Quote_01" name="clickConvertToOrderTest" time="3.263"/>
  <system-out/>
  <testcase classname="test.Test004_Edit_Quote_01" name="handlingCheckbox1Test" time="11.263"/>
  <system-out/>
  <testcase classname="test.Test004_Edit_Quote_01" name="clickSubmitOrderButtonTest" time="5.224"/>
  <system-out/>
  <testcase classname="test.Test004_Edit_Quote_01" name="handlingCheckbox2Test" time="10.232"/>
  <system-out/>
  <testcase classname="test.Test004_Edit_Quote_01" name="enterAdditionalchargeNameTest">
    <skipped/>
  </testcase> <!-- enterAdditionalchargeNameTest -->
  <system-out/>
</testsuite> <!-- test.Test004_Edit_Quote_01 -->
