<?xml version="1.0" encoding="UTF-8"?>
<!-- Generated by org.testng.reporters.JUnitReportReporter -->
<testsuite hostname="DESKTOP-G63O7EK" failures="0" tests="43" name="test.Test003_Convert_Quote_To_Order" time="258.403" errors="0" timestamp="2025-01-10T10:25:28 IST" skipped="0">
  <testcase classname="test.Test003_Convert_Quote_To_Order" name="productButtonTest" time="2.089"/>
  <system-out/>
  <testcase classname="test.Test003_Convert_Quote_To_Order" name="selectProduct" time="11.836"/>
  <system-out/>
  <testcase classname="test.Test003_Convert_Quote_To_Order" name="selectCart" time="4.160"/>
  <system-out/>
  <testcase classname="test.Test003_Convert_Quote_To_Order" name="clickCreateOrderTest" time="5.384"/>
  <system-out/>
  <testcase classname="test.Test003_Convert_Quote_To_Order" name="clickChooseCustomerTest" time="8.320"/>
  <system-out/>
  <testcase classname="test.Test003_Convert_Quote_To_Order" name="customerSearchTest" time="15.391"/>
  <system-out/>
  <testcase classname="test.Test003_Convert_Quote_To_Order" name="clickCreateOrder2ButtonTest" time="8.273"/>
  <system-out/>
  <testcase classname="test.Test003_Convert_Quote_To_Order" name="clickProceedButtonTest" time="5.272"/>
  <system-out/>
  <testcase classname="test.Test003_Convert_Quote_To_Order" name="verifyCustomerDetailsOnQuoteTest" time="4.335"/>
  <system-out/>
  <testcase classname="test.Test003_Convert_Quote_To_Order" name="verifyBillingDetailsOnQuoteTest" time="4.107"/>
  <system-out/>
  <testcase classname="test.Test003_Convert_Quote_To_Order" name="verifyShippingDetailsOnQuoteTest" time="4.097"/>
  <system-out/>
  <testcase classname="test.Test003_Convert_Quote_To_Order" name="getMailIdOnQuotePageTest" time="3.110"/>
  <system-out/>
  <testcase classname="test.Test003_Convert_Quote_To_Order" name="clickTearSheetIconTest" time="4.161"/>
  <system-out/>
  <testcase classname="test.Test003_Convert_Quote_To_Order" name="clickExcelSheet" time="4.258"/>
  <system-out/>
  <testcase classname="test.Test003_Convert_Quote_To_Order" name="clickTearSheetIconAgainTest" time="4.195"/>
  <system-out/>
  <testcase classname="test.Test003_Convert_Quote_To_Order" name="clickPDFTest" time="4.224"/>
  <system-out/>
  <testcase classname="test.Test003_Convert_Quote_To_Order" name="verifyTotalAndPendingAmtTest" time="4.179"/>
  <system-out/>
  <testcase classname="test.Test003_Convert_Quote_To_Order" name="clickThreeDotsTest" time="4.221"/>
  <system-out/>
  <testcase classname="test.Test003_Convert_Quote_To_Order" name="threeDotsDropdownTest" time="4.408"/>
  <system-out/>
  <testcase classname="test.Test003_Convert_Quote_To_Order" name="handlingCancelQuoteCheckboxTest" time="10.273"/>
  <system-out/>
  <testcase classname="test.Test003_Convert_Quote_To_Order" name="copyOrderIdTest" time="13.515"/>
  <system-out/>
  <testcase classname="test.Test003_Convert_Quote_To_Order" name="selectSaveForLater" time="8.224"/>
  <system-out/>
  <testcase classname="test.Test003_Convert_Quote_To_Order" name="pasteOrderIdTest" time="17.752"/>
  <system-out/>
  <testcase classname="test.Test003_Convert_Quote_To_Order" name="getTypeStatusTest" time="3.081"/>
  <system-out/>
  <testcase classname="test.Test003_Convert_Quote_To_Order" name="getDarftStatusTest" time="3.067"/>
  <system-out/>
  <testcase classname="test.Test003_Convert_Quote_To_Order" name="clickmainIdTest" time="3.208"/>
  <system-out/>
  <testcase classname="test.Test003_Convert_Quote_To_Order" name="clickSubmitQuoteTest" time="5.540"/>
  <system-out/>
  <testcase classname="test.Test003_Convert_Quote_To_Order" name="clickOnSubmit" time="3.192"/>
  <system-out/>
  <testcase classname="test.Test003_Convert_Quote_To_Order" name="clickConvertToOrderTest" time="5.985"/>
  <system-out/>
  <testcase classname="test.Test003_Convert_Quote_To_Order" name="handlingCheckbox1Test" time="11.298"/>
  <system-out/>
  <testcase classname="test.Test003_Convert_Quote_To_Order" name="clickSubmitOrderButtonTest" time="5.211"/>
  <system-out/>
  <testcase classname="test.Test003_Convert_Quote_To_Order" name="handlingCheckbox2Test" time="10.289"/>
  <system-out/>
  <testcase classname="test.Test003_Convert_Quote_To_Order" name="getCustomerDetailsOnOrderPageTest" time="4.106"/>
  <system-out/>
  <testcase classname="test.Test003_Convert_Quote_To_Order" name="getBillingAddressOnOrderPageTest" time="4.098"/>
  <system-out/>
  <testcase classname="test.Test003_Convert_Quote_To_Order" name="getShippingAddressOnOrderPageTest" time="4.107"/>
  <system-out/>
  <testcase classname="test.Test003_Convert_Quote_To_Order" name="clickThreeDotsOnOrderPageTest" time="5.269"/>
  <system-out/>
  <testcase classname="test.Test003_Convert_Quote_To_Order" name="threeDotsDropdownOrderPageTest" time="4.490"/>
  <system-out/>
  <testcase classname="test.Test003_Convert_Quote_To_Order" name="handlingCancelOrderCheckboxTest" time="10.375"/>
  <system-out/>
  <testcase classname="test.Test003_Convert_Quote_To_Order" name="verifyCartTotalOnOrderPageTest" time="4.066"/>
  <system-out/>
  <testcase classname="test.Test003_Convert_Quote_To_Order" name="verifyViewLinkedQuoteButtonTest" time="4.046"/>
  <system-out/>
  <testcase classname="test.Test003_Convert_Quote_To_Order" name="verifyTearSheetIconOrderPageTest" time="4.040"/>
  <system-out/>
  <testcase classname="test.Test003_Convert_Quote_To_Order" name="verifyProductInfoTest" time="4.040"/>
  <system-out/>
  <testcase classname="test.Test003_Convert_Quote_To_Order" name="getMailIdOnOrderPageTest" time="3.111"/>
  <system-out/>
</testsuite> <!-- test.Test003_Convert_Quote_To_Order -->
