<?xml version="1.0" encoding="UTF-8"?>
<!-- Generated by org.testng.reporters.JUnitReportReporter -->
<testsuite hostname="DESKTOP-G63O7EK" failures="0" tests="25" name="test.Test007_Buyer_Switching" time="183.325" errors="0" timestamp="2025-01-13T11:21:07 IST" skipped="0">
  <testcase classname="test.Test007_Buyer_Switching" name="productButtonTest" time="1.845"/>
  <system-out/>
  <testcase classname="test.Test007_Buyer_Switching" name="selectProduct" time="11.908"/>
  <system-out/>
  <testcase classname="test.Test007_Buyer_Switching" name="clickGuestCustomerButton1sttimeTest" time="5.266"/>
  <system-out/>
  <testcase classname="test.Test007_Buyer_Switching" name="clickCustomerSearchTextbox1stTimeTest" time="5.188"/>
  <system-out/>
  <testcase classname="test.Test007_Buyer_Switching" name="clickCustomer1Test" time="11.181"/>
  <system-out/>
  <testcase classname="test.Test007_Buyer_Switching" name="clickCartButton1stTimeTest" time="10.218"/>
  <system-out/>
  <testcase classname="test.Test007_Buyer_Switching" name="verifyEmptyCart1stTimeTest" time="3.262"/>
  <system-out/>
  <testcase classname="test.Test007_Buyer_Switching" name="verifyCustomerNameOnCartPage1stTimeTest" time="5.094"/>
  <system-out/>
  <testcase classname="test.Test007_Buyer_Switching" name="selectProduct2ndTimeTest" time="10.757"/>
  <system-out/>
  <testcase classname="test.Test007_Buyer_Switching" name="clickGuestCustomerButton2ndTimeTest" time="5.198"/>
  <system-out/>
  <testcase classname="test.Test007_Buyer_Switching" name="clickCustomerSearchTextbox2ndTimeTest" time="10.238"/>
  <system-out/>
  <testcase classname="test.Test007_Buyer_Switching" name="clickCustomer2Test" time="10.463"/>
  <system-out/>
  <testcase classname="test.Test007_Buyer_Switching" name="clickCartButton2ndTime" time="10.240"/>
  <system-out/>
  <testcase classname="test.Test007_Buyer_Switching" name="verifyCustomerNameOnCartPage2ndTimeTest" time="5.151"/>
  <system-out/>
  <testcase classname="test.Test007_Buyer_Switching" name="verifyProductOnCart1stTimeTest" time="6.069"/>
  <system-out/>
  <testcase classname="test.Test007_Buyer_Switching" name="clickOnCustomerButton3rdTime" time="11.444"/>
  <system-out/>
  <testcase classname="test.Test007_Buyer_Switching" name="verifyProductOnCart2ndTime" time="6.086"/>
  <system-out/>
  <testcase classname="test.Test007_Buyer_Switching" name="clickGuestCustomerButton3rdTimeforReplaceTest" time="5.221"/>
  <system-out/>
  <testcase classname="test.Test007_Buyer_Switching" name="clickCustomerSearchTextbox3rdTime" time="5.231"/>
  <system-out/>
  <testcase classname="test.Test007_Buyer_Switching" name="clickCustomer2AgainForkeepExistingTest" time="10.483"/>
  <system-out/>
  <testcase classname="test.Test007_Buyer_Switching" name="verifyProductOnCart3rdTimeTest" time="6.061"/>
  <system-out/>
  <testcase classname="test.Test007_Buyer_Switching" name="clickGuestCustomerButton4thTime" time="5.151"/>
  <system-out/>
  <testcase classname="test.Test007_Buyer_Switching" name="clickCustomerSearchTextbox4thTime" time="5.135"/>
  <system-out/>
  <testcase classname="test.Test007_Buyer_Switching" name="clickCustomerSearchTextbox4theTime" time="10.335"/>
  <system-out/>
  <testcase classname="test.Test007_Buyer_Switching" name="clickCustomer4ForReplaceTest" time="6.100"/>
  <system-out/>
</testsuite> <!-- test.Test007_Buyer_Switching -->
