<?xml version="1.0" encoding="UTF-8"?>
<!-- Generated by org.testng.reporters.JUnitReportReporter -->
<testsuite hostname="DESKTOP-G63O7EK" failures="0" tests="25" name="test.Test006_Draft" time="183.923" errors="0" timestamp="2025-01-05T17:36:51 IST" skipped="0">
  <testcase classname="test.Test006_Draft" name="productButtonTest" time="2.247"/>
  <system-out/>
  <testcase classname="test.Test006_Draft" name="selectProduct" time="12.563"/>
  <system-out/>
  <testcase classname="test.Test006_Draft" name="selectCart" time="4.237"/>
  <system-out/>
  <testcase classname="test.Test006_Draft" name="clickCreateOrderTest" time="5.198"/>
  <system-out/>
  <testcase classname="test.Test006_Draft" name="clickChooseCustomerTest" time="8.233"/>
  <system-out/>
  <testcase classname="test.Test006_Draft" name="customerSearchTest" time="15.527"/>
  <system-out/>
  <testcase classname="test.Test006_Draft" name="clickCreateOrder2ButtonTest" time="8.230"/>
  <system-out/>
  <testcase classname="test.Test006_Draft" name="clickProceedButtonTest" time="5.181"/>
  <system-out/>
  <testcase classname="test.Test006_Draft" name="copyOrderIdTest" time="13.349"/>
  <system-out/>
  <testcase classname="test.Test006_Draft" name="selectSaveForLater" time="8.189"/>
  <system-out/>
  <testcase classname="test.Test006_Draft" name="pasteOrderIdTest" time="17.526"/>
  <system-out/>
  <testcase classname="test.Test006_Draft" name="getTypeStatusTest" time="3.089"/>
  <system-out/>
  <testcase classname="test.Test006_Draft" name="getDarftStatusTest" time="3.082"/>
  <system-out/>
  <testcase classname="test.Test006_Draft" name="customerNameVerificationTest" time="3.162"/>
  <system-out/>
  <testcase classname="test.Test006_Draft" name="clickDarftTest" time="3.323"/>
  <system-out/>
  <testcase classname="test.Test006_Draft" name="pasteOrderIdOnDraftsTest" time="18.287"/>
  <system-out/>
  <testcase classname="test.Test006_Draft" name="getDarftTypeStatusTest" time="3.081"/>
  <system-out/>
  <testcase classname="test.Test006_Draft" name="getStatusOnDraftTest" time="3.081"/>
  <system-out/>
  <testcase classname="test.Test006_Draft" name="customerNameVerificationOnDraftTest" time="3.095"/>
  <system-out/>
  <testcase classname="test.Test006_Draft" name="clickmainIdTest" time="3.299"/>
  <system-out/>
  <testcase classname="test.Test006_Draft" name="clickSubmitQuoteTest" time="6.954"/>
  <system-out/>
  <testcase classname="test.Test006_Draft" name="clickConvertToOrderTest" time="6.301"/>
  <system-out/>
  <testcase classname="test.Test006_Draft" name="handlingCheckbox1Test" time="11.233"/>
  <system-out/>
  <testcase classname="test.Test006_Draft" name="clickSubmitOrderButtonTest" time="5.177"/>
  <system-out/>
  <testcase classname="test.Test006_Draft" name="handlingCheckbox2Test" time="10.279"/>
  <system-out/>
</testsuite> <!-- test.Test006_Draft -->
