<?xml version="1.0" encoding="UTF-8"?>
<!-- Generated by org.testng.reporters.JUnitReportReporter -->
<testsuite hostname="DESKTOP-G63O7EK" failures="0" tests="31" name="test.Test002_Create_Order" time="184.122" errors="0" timestamp="2025-01-13T11:00:04 IST" skipped="0">
  <testcase classname="test.Test002_Create_Order" name="productButtonTest" time="1.929"/>
  <system-out/>
  <testcase classname="test.Test002_Create_Order" name="productsVisibleOnCartIconTest" time="5.785"/>
  <system-out/>
  <testcase classname="test.Test002_Create_Order" name="selectProduct" time="17.159"/>
  <system-out/>
  <testcase classname="test.Test002_Create_Order" name="selectCart" time="4.321"/>
  <system-out/>
  <testcase classname="test.Test002_Create_Order" name="plusButtonTest" time="4.140"/>
  <system-out/>
  <testcase classname="test.Test002_Create_Order" name="increasingProductCountTest" time="3.045"/>
  <system-out/>
  <testcase classname="test.Test002_Create_Order" name="verifyDeleteTest" time="5.177"/>
  <system-out/>
  <testcase classname="test.Test002_Create_Order" name="validatingTotalProductOnCartTest" time="3.054"/>
  <system-out/>
  <testcase classname="test.Test002_Create_Order" name="deleteProductByThreedotButtonTest" time="8.468"/>
  <system-out/>
  <testcase classname="test.Test002_Create_Order" name="minusButtonTest" time="2.254"/>
  <system-out/>
  <testcase classname="test.Test002_Create_Order" name="decreasingProductCountTest" time="3.058"/>
  <system-out/>
  <testcase classname="test.Test002_Create_Order" name="addNoteByThreedotButtonTest" time="8.407"/>
  <system-out/>
  <testcase classname="test.Test002_Create_Order" name="writeNoteTest" time="3.190"/>
  <system-out/>
  <testcase classname="test.Test002_Create_Order" name="saveButtonTest" time="4.133"/>
  <system-out/>
  <testcase classname="test.Test002_Create_Order" name="addNoteText" time="0.038"/>
  <system-out/>
  <testcase classname="test.Test002_Create_Order" name="clickAgainOnThreeDotsButtonTest" time="8.372"/>
  <system-out/>
  <testcase classname="test.Test002_Create_Order" name="offeringDiscountTest" time="3.301"/>
  <system-out/>
  <testcase classname="test.Test002_Create_Order" name="verifyingAmountTest" time="4.082"/>
  <system-out/>
  <testcase classname="test.Test002_Create_Order" name="clickConfirmButtonTest" time="8.225"/>
  <system-out/>
  <testcase classname="test.Test002_Create_Order" name="verifyDiscountVisibilityOnProductTest" time="0.032"/>
  <system-out/>
  <testcase classname="test.Test002_Create_Order" name="clickBackArrowNextToCartTest" time="6.153"/>
  <system-out/>
  <testcase classname="test.Test002_Create_Order" name="selectCartAgain" time="4.235"/>
  <system-out/>
  <testcase classname="test.Test002_Create_Order" name="verifyProductOnCartAgainTest" time="3.386"/>
  <system-out/>
  <testcase classname="test.Test002_Create_Order" name="clickCreateOrderTest" time="8.307"/>
  <system-out/>
  <testcase classname="test.Test002_Create_Order" name="clickChooseCustomerTest" time="8.261"/>
  <system-out/>
  <testcase classname="test.Test002_Create_Order" name="clickCustomerSearchTextboxTest" time="15.609"/>
  <system-out/>
  <testcase classname="test.Test002_Create_Order" name="clickCreateOrder2ButtonTest" time="8.282"/>
  <system-out/>
  <testcase classname="test.Test002_Create_Order" name="clickProceedButtonTest" time="5.195"/>
  <system-out/>
  <testcase classname="test.Test002_Create_Order" name="clickSubmitOrderButtonTest" time="5.284"/>
  <system-out/>
  <testcase classname="test.Test002_Create_Order" name="clickSubmitButtonTest" time="8.231"/>
  <system-out/>
  <testcase classname="test.Test002_Create_Order" name="cancelOrderTest" time="13.009"/>
  <system-out/>
</testsuite> <!-- test.Test002_Create_Order -->
