<?xml version="1.0" encoding="UTF-8"?>
<!-- Generated by org.testng.reporters.JUnitReportReporter -->
<testsuite hostname="DESKTOP-G63O7EK" failures="0" tests="20" name="test.Test005_Edit_Quote_02" time="164.219" errors="0" timestamp="2025-01-05T17:36:51 IST" skipped="0">
  <testcase classname="test.Test005_Edit_Quote_02" name="productButtonTest" time="1.870"/>
  <system-out/>
  <testcase classname="test.Test005_Edit_Quote_02" name="selectProduct" time="12.019"/>
  <system-out/>
  <testcase classname="test.Test005_Edit_Quote_02" name="selectCart" time="4.199"/>
  <system-out/>
  <testcase classname="test.Test005_Edit_Quote_02" name="clickCreateOrderTest" time="5.168"/>
  <system-out/>
  <testcase classname="test.Test005_Edit_Quote_02" name="clickChooseCustomerTest" time="8.280"/>
  <system-out/>
  <testcase classname="test.Test005_Edit_Quote_02" name="customerSearchTest" time="15.465"/>
  <system-out/>
  <testcase classname="test.Test005_Edit_Quote_02" name="clickCreateOrder2ButtonTest" time="8.161"/>
  <system-out/>
  <testcase classname="test.Test005_Edit_Quote_02" name="clickProceedButtonTest" time="5.255"/>
  <system-out/>
  <testcase classname="test.Test005_Edit_Quote_02" name="clickSubmitQuoteTest" time="5.322"/>
  <system-out/>
  <testcase classname="test.Test005_Edit_Quote_02" name="clickEditQuotebuttonTest" time="10.193"/>
  <system-out/>
  <testcase classname="test.Test005_Edit_Quote_02" name="clickEditButtonTest" time="5.235"/>
  <system-out/>
  <testcase classname="test.Test005_Edit_Quote_02" name="clickAddProductsButtonTest" time="8.244"/>
  <system-out/>
  <testcase classname="test.Test005_Edit_Quote_02" name="selectmoreProductTest" time="27.116"/>
  <system-out/>
  <testcase classname="test.Test005_Edit_Quote_02" name="selectCartAgainTest" time="3.197"/>
  <system-out/>
  <testcase classname="test.Test005_Edit_Quote_02" name="clickUpdateQuoteButtonTest" time="8.174"/>
  <system-out/>
  <testcase classname="test.Test005_Edit_Quote_02" name="clickReSubmitQuoteButtonTest" time="6.409"/>
  <system-out/>
  <testcase classname="test.Test005_Edit_Quote_02" name="clickConvertToOrderTest" time="3.213"/>
  <system-out/>
  <testcase classname="test.Test005_Edit_Quote_02" name="handlingCheckbox1Test" time="11.266"/>
  <system-out/>
  <testcase classname="test.Test005_Edit_Quote_02" name="clickSubmitOrderButtonTest" time="5.181"/>
  <system-out/>
  <testcase classname="test.Test005_Edit_Quote_02" name="handlingCheckbox2Test" time="10.252"/>
  <system-out/>
</testsuite> <!-- test.Test005_Edit_Quote_02 -->
