<?xml version="1.0" encoding="UTF-8"?>
<!-- Generated by org.testng.reporters.JUnitReportReporter -->
<testsuite hostname="DESKTOP-G63O7EK" failures="0" tests="26" name="test.Test006_Draft" time="195.824" errors="0" timestamp="2025-01-16T12:05:03 IST" skipped="0">
  <testcase classname="test.Test006_Draft" name="productButtonTest" time="1.933"/>
  <system-out/>
  <testcase classname="test.Test006_Draft" name="selectProduct" time="11.884"/>
  <system-out/>
  <testcase classname="test.Test006_Draft" name="selectCart" time="4.173"/>
  <system-out/>
  <testcase classname="test.Test006_Draft" name="clickCreateOrderTest" time="5.172"/>
  <system-out/>
  <testcase classname="test.Test006_Draft" name="clickChooseCustomerTest" time="8.176"/>
  <system-out/>
  <testcase classname="test.Test006_Draft" name="customerSearchTest" time="15.326"/>
  <system-out/>
  <testcase classname="test.Test006_Draft" name="clickCreateOrder2ButtonTest" time="8.247"/>
  <system-out/>
  <testcase classname="test.Test006_Draft" name="clickProceedButtonTest" time="5.193"/>
  <system-out/>
  <testcase classname="test.Test006_Draft" name="copyOrderIdTest" time="13.275"/>
  <system-out/>
  <testcase classname="test.Test006_Draft" name="selectSaveForLater" time="8.232"/>
  <system-out/>
  <testcase classname="test.Test006_Draft" name="pasteOrderIdTest" time="17.805"/>
  <system-out/>
  <testcase classname="test.Test006_Draft" name="getTypeStatusTest" time="3.077"/>
  <system-out/>
  <testcase classname="test.Test006_Draft" name="getDarftStatusTest" time="3.045"/>
  <system-out/>
  <testcase classname="test.Test006_Draft" name="customerNameVerificationTest" time="3.163"/>
  <system-out/>
  <testcase classname="test.Test006_Draft" name="clickDarftTest" time="3.379"/>
  <system-out/>
  <testcase classname="test.Test006_Draft" name="pasteOrderIdOnDraftsTest" time="18.144"/>
  <system-out/>
  <testcase classname="test.Test006_Draft" name="getDarftTypeStatusTest" time="3.061"/>
  <system-out/>
  <testcase classname="test.Test006_Draft" name="getStatusOnDraftTest" time="3.067"/>
  <system-out/>
  <testcase classname="test.Test006_Draft" name="customerNameVerificationOnDraftTest" time="3.159"/>
  <system-out/>
  <testcase classname="test.Test006_Draft" name="clickmainIdTest" time="3.204"/>
  <system-out/>
  <testcase classname="test.Test006_Draft" name="clickSubmitQuoteTest" time="7.782"/>
  <system-out/>
  <testcase classname="test.Test006_Draft" name="clickConvertToOrderTest" time="5.795"/>
  <system-out/>
  <testcase classname="test.Test006_Draft" name="handlingCheckbox1Test" time="11.299"/>
  <system-out/>
  <testcase classname="test.Test006_Draft" name="clickSubmitOrderButtonTest" time="5.233"/>
  <system-out/>
  <testcase classname="test.Test006_Draft" name="handlingCheckbox2Test" time="10.277"/>
  <system-out/>
  <testcase classname="test.Test006_Draft" name="orderCancelledTest" time="12.723"/>
  <system-out/>
</testsuite> <!-- test.Test006_Draft -->
