<?xml version="1.0" encoding="UTF-8"?>
<!-- Generated by org.testng.reporters.JUnitReportReporter -->
<testsuite hostname="DESKTOP-G63O7EK" failures="0" tests="20" name="test.Test005_Edit_Quote_02" time="162.453" errors="0" timestamp="2025-01-07T10:46:27 IST" skipped="0">
  <testcase classname="test.Test005_Edit_Quote_02" name="productButtonTest" time="1.898"/>
  <system-out/>
  <testcase classname="test.Test005_Edit_Quote_02" name="selectProduct" time="11.745"/>
  <system-out/>
  <testcase classname="test.Test005_Edit_Quote_02" name="selectCart" time="4.138"/>
  <system-out/>
  <testcase classname="test.Test005_Edit_Quote_02" name="clickCreateOrderTest" time="5.158"/>
  <system-out/>
  <testcase classname="test.Test005_Edit_Quote_02" name="clickChooseCustomerTest" time="8.195"/>
  <system-out/>
  <testcase classname="test.Test005_Edit_Quote_02" name="customerSearchTest" time="15.334"/>
  <system-out/>
  <testcase classname="test.Test005_Edit_Quote_02" name="clickCreateOrder2ButtonTest" time="8.155"/>
  <system-out/>
  <testcase classname="test.Test005_Edit_Quote_02" name="clickProceedButtonTest" time="5.175"/>
  <system-out/>
  <testcase classname="test.Test005_Edit_Quote_02" name="clickSubmitQuoteTest" time="5.258"/>
  <system-out/>
  <testcase classname="test.Test005_Edit_Quote_02" name="clickEditQuotebuttonTest" time="10.136"/>
  <system-out/>
  <testcase classname="test.Test005_Edit_Quote_02" name="clickEditButtonTest" time="5.124"/>
  <system-out/>
  <testcase classname="test.Test005_Edit_Quote_02" name="clickAddProductsButtonTest" time="8.168"/>
  <system-out/>
  <testcase classname="test.Test005_Edit_Quote_02" name="selectmoreProductTest" time="26.745"/>
  <system-out/>
  <testcase classname="test.Test005_Edit_Quote_02" name="selectCartAgainTest" time="3.167"/>
  <system-out/>
  <testcase classname="test.Test005_Edit_Quote_02" name="clickUpdateQuoteButtonTest" time="8.090"/>
  <system-out/>
  <testcase classname="test.Test005_Edit_Quote_02" name="clickReSubmitQuoteButtonTest" time="6.250"/>
  <system-out/>
  <testcase classname="test.Test005_Edit_Quote_02" name="clickConvertToOrderTest" time="3.165"/>
  <system-out/>
  <testcase classname="test.Test005_Edit_Quote_02" name="handlingCheckbox1Test" time="11.193"/>
  <system-out/>
  <testcase classname="test.Test005_Edit_Quote_02" name="clickSubmitOrderButtonTest" time="5.149"/>
  <system-out/>
  <testcase classname="test.Test005_Edit_Quote_02" name="handlingCheckbox2Test" time="10.210"/>
  <system-out/>
</testsuite> <!-- test.Test005_Edit_Quote_02 -->
