<?xml version="1.0" encoding="UTF-8"?>
<!-- Generated by org.testng.reporters.JUnitReportReporter -->
<testsuite hostname="DESKTOP-G63O7EK" failures="0" tests="25" name="test.Test006_Draft" time="189.655" errors="0" timestamp="2025-01-11T08:59:56 IST" skipped="0">
  <testcase classname="test.Test006_Draft" name="productButtonTest" time="2.277"/>
  <system-out/>
  <testcase classname="test.Test006_Draft" name="selectProduct" time="13.629"/>
  <system-out/>
  <testcase classname="test.Test006_Draft" name="selectCart" time="4.446"/>
  <system-out/>
  <testcase classname="test.Test006_Draft" name="clickCreateOrderTest" time="5.498"/>
  <system-out/>
  <testcase classname="test.Test006_Draft" name="clickChooseCustomerTest" time="8.404"/>
  <system-out/>
  <testcase classname="test.Test006_Draft" name="customerSearchTest" time="15.882"/>
  <system-out/>
  <testcase classname="test.Test006_Draft" name="clickCreateOrder2ButtonTest" time="8.330"/>
  <system-out/>
  <testcase classname="test.Test006_Draft" name="clickProceedButtonTest" time="5.373"/>
  <system-out/>
  <testcase classname="test.Test006_Draft" name="copyOrderIdTest" time="13.748"/>
  <system-out/>
  <testcase classname="test.Test006_Draft" name="selectSaveForLater" time="8.329"/>
  <system-out/>
  <testcase classname="test.Test006_Draft" name="pasteOrderIdTest" time="17.814"/>
  <system-out/>
  <testcase classname="test.Test006_Draft" name="getTypeStatusTest" time="3.139"/>
  <system-out/>
  <testcase classname="test.Test006_Draft" name="getDarftStatusTest" time="3.141"/>
  <system-out/>
  <testcase classname="test.Test006_Draft" name="customerNameVerificationTest" time="3.136"/>
  <system-out/>
  <testcase classname="test.Test006_Draft" name="clickDarftTest" time="3.556"/>
  <system-out/>
  <testcase classname="test.Test006_Draft" name="pasteOrderIdOnDraftsTest" time="18.390"/>
  <system-out/>
  <testcase classname="test.Test006_Draft" name="getDarftTypeStatusTest" time="3.137"/>
  <system-out/>
  <testcase classname="test.Test006_Draft" name="getStatusOnDraftTest" time="3.111"/>
  <system-out/>
  <testcase classname="test.Test006_Draft" name="customerNameVerificationOnDraftTest" time="3.155"/>
  <system-out/>
  <testcase classname="test.Test006_Draft" name="clickmainIdTest" time="3.477"/>
  <system-out/>
  <testcase classname="test.Test006_Draft" name="clickSubmitQuoteTest" time="7.984"/>
  <system-out/>
  <testcase classname="test.Test006_Draft" name="handlingCheckbox1Test" time="11.385"/>
  <system-out/>
  <testcase classname="test.Test006_Draft" name="clickConvertToOrderTest" time="6.567"/>
  <system-out/>
  <testcase classname="test.Test006_Draft" name="clickSubmitOrderButtonTest" time="5.349"/>
  <system-out/>
  <testcase classname="test.Test006_Draft" name="handlingCheckbox2Test" time="10.398"/>
  <system-out/>
</testsuite> <!-- test.Test006_Draft -->
