<?xml version="1.0" encoding="UTF-8"?>
<!-- Generated by org.testng.reporters.JUnitReportReporter -->
<testsuite hostname="DESKTOP-G63O7EK" failures="0" tests="21" name="test.Test005_Edit_Quote_02" time="177.497" errors="0" timestamp="2025-01-24T10:08:20 IST" skipped="0">
  <testcase classname="test.Test005_Edit_Quote_02" name="productButtonTest" time="2.054"/>
  <system-out/>
  <testcase classname="test.Test005_Edit_Quote_02" name="selectProduct" time="12.339"/>
  <system-out/>
  <testcase classname="test.Test005_Edit_Quote_02" name="selectCart" time="4.180"/>
  <system-out/>
  <testcase classname="test.Test005_Edit_Quote_02" name="clickCreateOrderTest" time="5.178"/>
  <system-out/>
  <testcase classname="test.Test005_Edit_Quote_02" name="clickChooseCustomerTest" time="8.278"/>
  <system-out/>
  <testcase classname="test.Test005_Edit_Quote_02" name="customerSearchTest" time="15.421"/>
  <system-out/>
  <testcase classname="test.Test005_Edit_Quote_02" name="clickCreateOrder2ButtonTest" time="8.230"/>
  <system-out/>
  <testcase classname="test.Test005_Edit_Quote_02" name="clickProceedButtonTest" time="5.187"/>
  <system-out/>
  <testcase classname="test.Test005_Edit_Quote_02" name="clickSubmitQuoteTest" time="5.344"/>
  <system-out/>
  <testcase classname="test.Test005_Edit_Quote_02" name="clickEditQuotebuttonTest" time="10.200"/>
  <system-out/>
  <testcase classname="test.Test005_Edit_Quote_02" name="clickEditButtonTest" time="5.156"/>
  <system-out/>
  <testcase classname="test.Test005_Edit_Quote_02" name="clickAddProductsButtonTest" time="8.323"/>
  <system-out/>
  <testcase classname="test.Test005_Edit_Quote_02" name="selectmoreProductTest" time="27.132"/>
  <system-out/>
  <testcase classname="test.Test005_Edit_Quote_02" name="selectCartAgainTest" time="3.234"/>
  <system-out/>
  <testcase classname="test.Test005_Edit_Quote_02" name="clickUpdateQuoteButtonTest" time="8.220"/>
  <system-out/>
  <testcase classname="test.Test005_Edit_Quote_02" name="clickReSubmitQuoteButtonTest" time="6.396"/>
  <system-out/>
  <testcase classname="test.Test005_Edit_Quote_02" name="clickConvertToOrderTest" time="3.189"/>
  <system-out/>
  <testcase classname="test.Test005_Edit_Quote_02" name="handlingCheckbox1Test" time="11.249"/>
  <system-out/>
  <testcase classname="test.Test005_Edit_Quote_02" name="clickSubmitOrderButtonTest" time="5.214"/>
  <system-out/>
  <testcase classname="test.Test005_Edit_Quote_02" name="handlingCheckbox2Test" time="10.324"/>
  <system-out/>
  <testcase classname="test.Test005_Edit_Quote_02" name="orderCancelledTest" time="12.649"/>
  <system-out/>
</testsuite> <!-- test.Test005_Edit_Quote_02 -->
