<?xml version="1.0" encoding="UTF-8"?>
<!-- Generated by org.testng.reporters.JUnitReportReporter -->
<testsuite hostname="DESKTOP-HGMSAGS" failures="0" tests="3" name="scripts.Tcx" time="0.000" errors="0" timestamp="2024-04-21T11:45:05 IST" skipped="3">
  <testcase classname="scripts.Tcx" name="tc001_LoginFunctionality_AllCases1" time="0.000">
    <skipped/>
  </testcase> <!-- tc001_LoginFunctionality_AllCases1 -->
  <system-out/>
  <testcase classname="scripts.Tcx" name="tc001_LoginFunctionality_AllCases3" time="0.000">
    <skipped/>
  </testcase> <!-- tc001_LoginFunctionality_AllCases3 -->
  <system-out/>
  <testcase classname="scripts.Tcx" name="tc001_LoginFunctionality_AllCases2" time="0.000">
    <skipped/>
  </testcase> <!-- tc001_LoginFunctionality_AllCases2 -->
  <system-out/>
</testsuite> <!-- scripts.Tcx -->
