<?xml version="1.0" encoding="UTF-8"?>
<!-- Generated by org.testng.reporters.JUnitReportReporter -->
<testsuite hostname="DESKTOP-G63O7EK" failures="0" tests="24" name="test.Test008_Container" time="193.652" errors="0" timestamp="2025-01-16T12:05:03 IST" skipped="0">
  <testcase classname="test.Test008_Container" name="productButtonTest" time="2.087"/>
  <system-out/>
  <testcase classname="test.Test008_Container" name="selectProduct" time="11.800"/>
  <system-out/>
  <testcase classname="test.Test008_Container" name="selectCart" time="4.190"/>
  <system-out/>
  <testcase classname="test.Test008_Container" name="containerBoxVisibilityTest" time="3.090"/>
  <system-out/>
  <testcase classname="test.Test008_Container" name="toggleSwitchTest" time="6.195"/>
  <system-out/>
  <testcase classname="test.Test008_Container" name="clickCreateOrderTest" time="5.275"/>
  <system-out/>
  <testcase classname="test.Test008_Container" name="clickChooseCustomerTest" time="8.204"/>
  <system-out/>
  <testcase classname="test.Test008_Container" name="customerSearchTest" time="15.338"/>
  <system-out/>
  <testcase classname="test.Test008_Container" name="checkContainerOnCartPageAfterSelectingCustomerTest" time="3.200"/>
  <system-out/>
  <testcase classname="test.Test008_Container" name="defaultCFTTest" time="0.071"/>
  <system-out/>
  <testcase classname="test.Test008_Container" name="clickCBMTest" time="5.269"/>
  <system-out/>
  <testcase classname="test.Test008_Container" name="selctCBMFromDropdownTest" time="24.380"/>
  <system-out/>
  <testcase classname="test.Test008_Container" name="clickCFTAgainAndSelctCFTFromDropdownTest" time="24.367"/>
  <system-out/>
  <testcase classname="test.Test008_Container" name="toggleSwitchAgainTest" time="6.202"/>
  <system-out/>
  <testcase classname="test.Test008_Container" name="clickCreateOrder2ButtonTest" time="8.180"/>
  <system-out/>
  <testcase classname="test.Test008_Container" name="clickProceedButtonTest" time="5.179"/>
  <system-out/>
  <testcase classname="test.Test008_Container" name="toggleSwitchCheckTest" time="3.019"/>
  <system-out/>
  <testcase classname="test.Test008_Container" name="clickEditButtonTest" time="5.258"/>
  <system-out/>
  <testcase classname="test.Test008_Container" name="clickAddProductsButtonTest" time="8.185"/>
  <system-out/>
  <testcase classname="test.Test008_Container" name="selectmoreProductTest" time="26.761"/>
  <system-out/>
  <testcase classname="test.Test008_Container" name="selectCartAgainTest" time="3.203"/>
  <system-out/>
  <testcase classname="test.Test008_Container" name="toggleSwitchCheckTest2" time="3.011"/>
  <system-out/>
  <testcase classname="test.Test008_Container" name="clickUpdateQuoteButtonTest" time="8.184"/>
  <system-out/>
  <testcase classname="test.Test008_Container" name="toggleSwitchCheckTest3" time="3.004"/>
  <system-out/>
</testsuite> <!-- test.Test008_Container -->
