<?xml version="1.0" encoding="UTF-8"?>
<!-- Generated by org.testng.reporters.JUnitReportReporter -->
<testsuite hostname="DESKTOP-G63O7EK" failures="0" tests="24" name="test.Test008_Container" time="197.713" errors="0" timestamp="2025-01-11T09:04:03 IST" skipped="0">
  <testcase classname="test.Test008_Container" name="productButtonTest" time="2.195"/>
  <system-out/>
  <testcase classname="test.Test008_Container" name="selectProduct" time="11.970"/>
  <system-out/>
  <testcase classname="test.Test008_Container" name="selectCart" time="4.350"/>
  <system-out/>
  <testcase classname="test.Test008_Container" name="containerBoxVisibilityTest" time="3.125"/>
  <system-out/>
  <testcase classname="test.Test008_Container" name="toggleSwitchTest" time="6.330"/>
  <system-out/>
  <testcase classname="test.Test008_Container" name="clickCreateOrderTest" time="5.408"/>
  <system-out/>
  <testcase classname="test.Test008_Container" name="clickChooseCustomerTest" time="8.376"/>
  <system-out/>
  <testcase classname="test.Test008_Container" name="customerSearchTest" time="15.853"/>
  <system-out/>
  <testcase classname="test.Test008_Container" name="checkContainerOnCartPageAfterSelectingCustomerTest" time="3.369"/>
  <system-out/>
  <testcase classname="test.Test008_Container" name="defaultCFTTest" time="0.075"/>
  <system-out/>
  <testcase classname="test.Test008_Container" name="clickCBMTest" time="5.318"/>
  <system-out/>
  <testcase classname="test.Test008_Container" name="selctCBMFromDropdownTest" time="24.740"/>
  <system-out/>
  <testcase classname="test.Test008_Container" name="clickCFTAgainAndSelctCFTFromDropdownTest" time="24.542"/>
  <system-out/>
  <testcase classname="test.Test008_Container" name="toggleSwitchAgainTest" time="6.281"/>
  <system-out/>
  <testcase classname="test.Test008_Container" name="clickCreateOrder2ButtonTest" time="8.334"/>
  <system-out/>
  <testcase classname="test.Test008_Container" name="clickProceedButtonTest" time="5.368"/>
  <system-out/>
  <testcase classname="test.Test008_Container" name="toggleSwitchCheckTest" time="3.011"/>
  <system-out/>
  <testcase classname="test.Test008_Container" name="clickEditButtonTest" time="5.340"/>
  <system-out/>
  <testcase classname="test.Test008_Container" name="clickAddProductsButtonTest" time="8.337"/>
  <system-out/>
  <testcase classname="test.Test008_Container" name="selectmoreProductTest" time="27.622"/>
  <system-out/>
  <testcase classname="test.Test008_Container" name="selectCartAgainTest" time="3.388"/>
  <system-out/>
  <testcase classname="test.Test008_Container" name="toggleSwitchCheckTest2" time="3.022"/>
  <system-out/>
  <testcase classname="test.Test008_Container" name="clickUpdateQuoteButtonTest" time="8.347"/>
  <system-out/>
  <testcase classname="test.Test008_Container" name="toggleSwitchCheckTest3" time="3.012"/>
  <system-out/>
</testsuite> <!-- test.Test008_Container -->
