<?xml version="1.0" encoding="UTF-8"?>
<!-- Generated by org.testng.reporters.JUnitReportReporter -->
<testsuite hostname="DESKTOP-G63O7EK" failures="0" tests="26" name="test.Test006_Draft" time="193.416" errors="0" timestamp="2025-01-13T11:00:04 IST" skipped="0">
  <testcase classname="test.Test006_Draft" name="productButtonTest" time="1.889"/>
  <system-out/>
  <testcase classname="test.Test006_Draft" name="selectProduct" time="11.777"/>
  <system-out/>
  <testcase classname="test.Test006_Draft" name="selectCart" time="4.152"/>
  <system-out/>
  <testcase classname="test.Test006_Draft" name="clickCreateOrderTest" time="5.140"/>
  <system-out/>
  <testcase classname="test.Test006_Draft" name="clickChooseCustomerTest" time="8.174"/>
  <system-out/>
  <testcase classname="test.Test006_Draft" name="customerSearchTest" time="15.294"/>
  <system-out/>
  <testcase classname="test.Test006_Draft" name="clickCreateOrder2ButtonTest" time="8.140"/>
  <system-out/>
  <testcase classname="test.Test006_Draft" name="clickProceedButtonTest" time="5.137"/>
  <system-out/>
  <testcase classname="test.Test006_Draft" name="copyOrderIdTest" time="13.284"/>
  <system-out/>
  <testcase classname="test.Test006_Draft" name="selectSaveForLater" time="8.129"/>
  <system-out/>
  <testcase classname="test.Test006_Draft" name="pasteOrderIdTest" time="17.510"/>
  <system-out/>
  <testcase classname="test.Test006_Draft" name="getTypeStatusTest" time="3.077"/>
  <system-out/>
  <testcase classname="test.Test006_Draft" name="getDarftStatusTest" time="3.054"/>
  <system-out/>
  <testcase classname="test.Test006_Draft" name="customerNameVerificationTest" time="3.148"/>
  <system-out/>
  <testcase classname="test.Test006_Draft" name="clickDarftTest" time="3.337"/>
  <system-out/>
  <testcase classname="test.Test006_Draft" name="pasteOrderIdOnDraftsTest" time="18.169"/>
  <system-out/>
  <testcase classname="test.Test006_Draft" name="getDarftTypeStatusTest" time="3.060"/>
  <system-out/>
  <testcase classname="test.Test006_Draft" name="getStatusOnDraftTest" time="3.054"/>
  <system-out/>
  <testcase classname="test.Test006_Draft" name="customerNameVerificationOnDraftTest" time="3.084"/>
  <system-out/>
  <testcase classname="test.Test006_Draft" name="clickmainIdTest" time="3.141"/>
  <system-out/>
  <testcase classname="test.Test006_Draft" name="clickSubmitQuoteTest" time="6.883"/>
  <system-out/>
  <testcase classname="test.Test006_Draft" name="clickConvertToOrderTest" time="5.683"/>
  <system-out/>
  <testcase classname="test.Test006_Draft" name="handlingCheckbox1Test" time="11.175"/>
  <system-out/>
  <testcase classname="test.Test006_Draft" name="clickSubmitOrderButtonTest" time="5.151"/>
  <system-out/>
  <testcase classname="test.Test006_Draft" name="handlingCheckbox2Test" time="10.237"/>
  <system-out/>
  <testcase classname="test.Test006_Draft" name="orderCancelledTest" time="12.537"/>
  <system-out/>
</testsuite> <!-- test.Test006_Draft -->
