<?xml version="1.0" encoding="UTF-8"?>
<!-- Generated by org.testng.reporters.JUnitReportReporter -->
<testsuite hostname="DESKTOP-HGMSAGS" failures="0" tests="24" name="test.Test008_Container" time="188.304" errors="0" timestamp="2024-06-17T18:25:46 IST" skipped="0">
  <testcase classname="test.Test008_Container" name="productButtonTest" time="13.266"/>
  <testcase classname="test.Test008_Container" name="selectProduct" time="16.959"/>
  <testcase classname="test.Test008_Container" name="selectCart" time="3.407"/>
  <testcase classname="test.Test008_Container" name="containerBoxVisibilityTest" time="3.070"/>
  <testcase classname="test.Test008_Container" name="toggleSwitchTest" time="6.203"/>
  <testcase classname="test.Test008_Container" name="clickCreateOrderTest" time="5.338"/>
  <testcase classname="test.Test008_Container" name="clickChooseCustomerTest" time="5.284"/>
  <testcase classname="test.Test008_Container" name="customerSearchTest" time="15.679"/>
  <testcase classname="test.Test008_Container" name="checkContainerOnCartPageAfterSelectingCustomerTest" time="3.289"/>
  <testcase classname="test.Test008_Container" name="defaultCFTTest" time="0.047"/>
  <testcase classname="test.Test008_Container" name="clickCBMTest" time="5.369"/>
  <testcase classname="test.Test008_Container" name="selctCBMFromDropdownTest" time="14.590"/>
  <testcase classname="test.Test008_Container" name="clickCFTAgainAndSelctCFTFromDropdownTest" time="14.417"/>
  <testcase classname="test.Test008_Container" name="toggleSwitchAgainTest" time="6.213"/>
  <testcase classname="test.Test008_Container" name="clickCreateOrder2ButtonTest" time="8.187"/>
  <testcase classname="test.Test008_Container" name="clickProceedButtonTest" time="5.359"/>
  <testcase classname="test.Test008_Container" name="toggleSwitchCheckTest" time="3.095"/>
  <testcase classname="test.Test008_Container" name="clickEditButtonTest" time="5.246"/>
  <testcase classname="test.Test008_Container" name="clickAddProductsButtonTest" time="8.265"/>
  <testcase classname="test.Test008_Container" name="selectmoreProductTest" time="27.109"/>
  <testcase classname="test.Test008_Container" name="selectCartAgainTest" time="3.348"/>
  <testcase classname="test.Test008_Container" name="toggleSwitchCheckTest2" time="3.147"/>
  <testcase classname="test.Test008_Container" name="clickUpdateQuoteButtonTest" time="8.307"/>
  <testcase classname="test.Test008_Container" name="toggleSwitchCheckTest3" time="3.110"/>
</testsuite> <!-- test.Test008_Container -->
