<?xml version="1.0" encoding="UTF-8"?>
<!-- Generated by org.testng.reporters.JUnitReportReporter -->
<testsuite hostname="DESKTOP-HGMSAGS" failures="0" tests="25" name="test.Test007_Buyer_Switching" time="199.939" errors="0" timestamp="2024-06-17T18:25:46 IST" skipped="0">
  <testcase classname="test.Test007_Buyer_Switching" name="productButtonTest" time="13.646"/>
  <testcase classname="test.Test007_Buyer_Switching" name="selectProduct" time="17.200"/>
  <testcase classname="test.Test007_Buyer_Switching" name="clickGuestCustomerButton1sttimeTest" time="5.603"/>
  <testcase classname="test.Test007_Buyer_Switching" name="clickCustomerSearchTextbox1stTimeTest" time="5.409"/>
  <testcase classname="test.Test007_Buyer_Switching" name="clickCustomer1Test" time="11.832"/>
  <testcase classname="test.Test007_Buyer_Switching" name="clickCartButton1stTimeTest" time="10.476"/>
  <testcase classname="test.Test007_Buyer_Switching" name="verifyEmptyCart1stTimeTest" time="3.492"/>
  <testcase classname="test.Test007_Buyer_Switching" name="verifyCustomerNameOnCartPage1stTimeTest" time="6.059"/>
  <testcase classname="test.Test007_Buyer_Switching" name="selectProduct2ndTimeTest" time="17.469"/>
  <testcase classname="test.Test007_Buyer_Switching" name="clickGuestCustomerButton2ndTimeTest" time="5.568"/>
  <testcase classname="test.Test007_Buyer_Switching" name="clickCustomerSearchTextbox2ndTimeTest" time="10.350"/>
  <testcase classname="test.Test007_Buyer_Switching" name="clickCustomer2Test" time="10.565"/>
  <testcase classname="test.Test007_Buyer_Switching" name="clickCartButton2ndTime" time="10.434"/>
  <testcase classname="test.Test007_Buyer_Switching" name="verifyCustomerNameOnCartPage2ndTimeTest" time="5.120"/>
  <testcase classname="test.Test007_Buyer_Switching" name="verifyProductOnCart1stTimeTest" time="3.125"/>
  <testcase classname="test.Test007_Buyer_Switching" name="clickOnCustomerButton3rdTime" time="11.513"/>
  <testcase classname="test.Test007_Buyer_Switching" name="verifyProductOnCart2ndTime" time="3.256"/>
  <testcase classname="test.Test007_Buyer_Switching" name="clickGuestCustomerButton3rdTimeforReplaceTest" time="5.252"/>
  <testcase classname="test.Test007_Buyer_Switching" name="clickCustomerSearchTextbox3rdTime" time="5.495"/>
  <testcase classname="test.Test007_Buyer_Switching" name="clickCustomer2AgainForkeepExistingTest" time="10.747"/>
  <testcase classname="test.Test007_Buyer_Switching" name="verifyProductOnCart3rdTimeTest" time="3.100"/>
  <testcase classname="test.Test007_Buyer_Switching" name="clickGuestCustomerButton4thTime" time="5.242"/>
  <testcase classname="test.Test007_Buyer_Switching" name="clickCustomerSearchTextbox4thTime" time="5.302"/>
  <testcase classname="test.Test007_Buyer_Switching" name="clickCustomerSearchTextbox4theTime" time="10.595"/>
  <testcase classname="test.Test007_Buyer_Switching" name="clickCustomer4ForReplaceTest" time="3.089"/>
</testsuite> <!-- test.Test007_Buyer_Switching -->
