<?xml version="1.0" encoding="UTF-8"?>
<!-- Generated by org.testng.reporters.JUnitReportReporter -->
<testsuite hostname="DESKTOP-HGMSAGS" failures="0" tests="20" name="test.Test005_Edit_Quote_02" time="178.230" errors="0" timestamp="2024-06-17T18:25:46 IST" skipped="0">
  <testcase classname="test.Test005_Edit_Quote_02" name="productButtonTest" time="13.237"/>
  <testcase classname="test.Test005_Edit_Quote_02" name="selectProduct" time="16.881"/>
  <testcase classname="test.Test005_Edit_Quote_02" name="selectCart" time="3.201"/>
  <testcase classname="test.Test005_Edit_Quote_02" name="clickCreateOrderTest" time="5.212"/>
  <testcase classname="test.Test005_Edit_Quote_02" name="clickChooseCustomerTest" time="5.203"/>
  <testcase classname="test.Test005_Edit_Quote_02" name="customerSearchTest" time="15.490"/>
  <testcase classname="test.Test005_Edit_Quote_02" name="clickCreateOrder2ButtonTest" time="8.139"/>
  <testcase classname="test.Test005_Edit_Quote_02" name="clickProceedButtonTest" time="5.223"/>
  <testcase classname="test.Test005_Edit_Quote_02" name="clickSubmitQuoteTest" time="5.284"/>
  <testcase classname="test.Test005_Edit_Quote_02" name="clickEditQuotebuttonTest" time="10.225"/>
  <testcase classname="test.Test005_Edit_Quote_02" name="clickEditButtonTest" time="5.183"/>
  <testcase classname="test.Test005_Edit_Quote_02" name="clickAddProductsButtonTest" time="8.249"/>
  <testcase classname="test.Test005_Edit_Quote_02" name="selectmoreProductTest" time="26.877"/>
  <testcase classname="test.Test005_Edit_Quote_02" name="selectCartAgainTest" time="3.231"/>
  <testcase classname="test.Test005_Edit_Quote_02" name="clickUpdateQuoteButtonTest" time="8.569"/>
  <testcase classname="test.Test005_Edit_Quote_02" name="clickReSubmitQuoteButtonTest" time="7.195"/>
  <testcase classname="test.Test005_Edit_Quote_02" name="clickConvertToOrderTest" time="5.211"/>
  <testcase classname="test.Test005_Edit_Quote_02" name="handlingCheckbox1Test" time="10.195"/>
  <testcase classname="test.Test005_Edit_Quote_02" name="clickSubmitOrderButtonTest" time="5.152"/>
  <testcase classname="test.Test005_Edit_Quote_02" name="handlingCheckbox2Test" time="10.273"/>
</testsuite> <!-- test.Test005_Edit_Quote_02 -->
