<?xml version="1.0" encoding="UTF-8"?>
<!-- Generated by org.testng.reporters.JUnitReportReporter -->
<testsuite hostname="DESKTOP-HGMSAGS" failures="0" tests="38" name="test.Test004_Edit_Quote_01" time="240.620" errors="0" timestamp="2024-06-17T18:25:46 IST" skipped="0">
  <testcase classname="test.Test004_Edit_Quote_01" name="productButtonTest" time="13.273"/>
  <testcase classname="test.Test004_Edit_Quote_01" name="selectProduct" time="16.977"/>
  <testcase classname="test.Test004_Edit_Quote_01" name="selectCart" time="3.222"/>
  <testcase classname="test.Test004_Edit_Quote_01" name="clickThreeDotsButtonTest" time="3.216"/>
  <testcase classname="test.Test004_Edit_Quote_01" name="selectDeleteCartTest" time="5.184"/>
  <testcase classname="test.Test004_Edit_Quote_01" name="handlingDiscardAllItemsInCartCheckboxTest" time="6.254"/>
  <testcase classname="test.Test004_Edit_Quote_01" name="clickAddExistingProductsTest" time="8.145"/>
  <testcase classname="test.Test004_Edit_Quote_01" name="selectmoreProductTest" time="26.932"/>
  <testcase classname="test.Test004_Edit_Quote_01" name="selectCartAgainTest" time="3.230"/>
  <testcase classname="test.Test004_Edit_Quote_01" name="clickCreateOrderTest" time="5.193"/>
  <testcase classname="test.Test004_Edit_Quote_01" name="clickChooseCustomerTest" time="5.228"/>
  <testcase classname="test.Test004_Edit_Quote_01" name="customerSearchTest" time="15.541"/>
  <testcase classname="test.Test004_Edit_Quote_01" name="clickCreateOrder2ButtonTest" time="8.126"/>
  <testcase classname="test.Test004_Edit_Quote_01" name="clickProceedButtonTest" time="5.222"/>
  <testcase classname="test.Test004_Edit_Quote_01" name="clickSubmitQuoteTest" time="5.178"/>
  <testcase classname="test.Test004_Edit_Quote_01" name="clickEditQuotebuttonTest" time="5.241"/>
  <testcase classname="test.Test004_Edit_Quote_01" name="clickAddDiscountButtonTest" time="3.150"/>
  <testcase classname="test.Test004_Edit_Quote_01" name="enterDiscountTest" time="3.471"/>
  <testcase classname="test.Test004_Edit_Quote_01" name="verifyAmountAfterDiscountTest" time="5.123"/>
  <testcase classname="test.Test004_Edit_Quote_01" name="clickApplyButtonTest" time="6.184"/>
  <testcase classname="test.Test004_Edit_Quote_01" name="clickAddShippingChargeButtonTest" time="3.101"/>
  <testcase classname="test.Test004_Edit_Quote_01" name="enterShippingChargeTest" time="3.291"/>
  <testcase classname="test.Test004_Edit_Quote_01" name="verifyAmountAfterShipping" time="0.139"/>
  <testcase classname="test.Test004_Edit_Quote_01" name="clickShippingApplyButtonTest" time="6.173"/>
  <testcase classname="test.Test004_Edit_Quote_01" name="clickAddTaxButtonTest" time="3.178"/>
  <testcase classname="test.Test004_Edit_Quote_01" name="enterTaxTest" time="3.287"/>
  <testcase classname="test.Test004_Edit_Quote_01" name="verifyAmountAfterTaxTest" time="0.151"/>
  <testcase classname="test.Test004_Edit_Quote_01" name="clickTaxApplyButtonTest" time="6.173"/>
  <testcase classname="test.Test004_Edit_Quote_01" name="clickAddAdditionalChargeButtonTest" time="3.160"/>
  <testcase classname="test.Test004_Edit_Quote_01" name="enterAdditionalchargeTest" time="3.214"/>
  <testcase classname="test.Test004_Edit_Quote_01" name="verifyAmountAfterAddChargeTest" time="0.208"/>
  <testcase classname="test.Test004_Edit_Quote_01" name="clickApplyAdditionalChargeButtonTest" time="10.170"/>
  <testcase classname="test.Test004_Edit_Quote_01" name="verifyPageAmountTest" time="6.266"/>
  <testcase classname="test.Test004_Edit_Quote_01" name="clickReSubmitQuoteButtonTest" time="7.186"/>
  <testcase classname="test.Test004_Edit_Quote_01" name="clickConvertToOrderTest" time="5.195"/>
  <testcase classname="test.Test004_Edit_Quote_01" name="handlingCheckbox1Test" time="10.291"/>
  <testcase classname="test.Test004_Edit_Quote_01" name="clickSubmitOrderButtonTest" time="5.176"/>
  <testcase classname="test.Test004_Edit_Quote_01" name="handlingCheckbox2Test" time="10.171"/>
</testsuite> <!-- test.Test004_Edit_Quote_01 -->
