<?xml version="1.0" encoding="UTF-8"?>
<!-- Generated by org.testng.reporters.JUnitReportReporter -->
<testsuite hostname="DESKTOP-HGMSAGS" failures="0" tests="30" name="test.Test002_Create_Order" time="197.363" errors="0" timestamp="2024-06-17T18:25:46 IST" skipped="0">
  <testcase classname="test.Test002_Create_Order" name="productButtonTest" time="13.306"/>
  <testcase classname="test.Test002_Create_Order" name="productsVisibleOnCartIconTest" time="18.227"/>
  <testcase classname="test.Test002_Create_Order" name="selectProduct" time="21.201"/>
  <testcase classname="test.Test002_Create_Order" name="selectCart" time="3.223"/>
  <testcase classname="test.Test002_Create_Order" name="plusButtonTest" time="3.179"/>
  <testcase classname="test.Test002_Create_Order" name="increasingProductCountTest" time="3.069"/>
  <testcase classname="test.Test002_Create_Order" name="verifyDeleteTest" time="3.159"/>
  <testcase classname="test.Test002_Create_Order" name="validatingTotalProductOnCartTest" time="3.067"/>
  <testcase classname="test.Test002_Create_Order" name="deleteProductByThreedotButtonTest" time="8.341"/>
  <testcase classname="test.Test002_Create_Order" name="minusButtonTest" time="5.291"/>
  <testcase classname="test.Test002_Create_Order" name="decreasingProductCountTest" time="3.057"/>
  <testcase classname="test.Test002_Create_Order" name="addNoteByThreedotButtonTest" time="8.491"/>
  <testcase classname="test.Test002_Create_Order" name="writeNoteTest" time="3.345"/>
  <testcase classname="test.Test002_Create_Order" name="saveButtonTest" time="4.177"/>
  <testcase classname="test.Test002_Create_Order" name="addNoteText" time="0.039"/>
  <testcase classname="test.Test002_Create_Order" name="clickAgainOnThreeDotsButtonTest" time="8.381"/>
  <testcase classname="test.Test002_Create_Order" name="offeringDiscountTest" time="3.330"/>
  <testcase classname="test.Test002_Create_Order" name="verifyingAmountTest" time="4.122"/>
  <testcase classname="test.Test002_Create_Order" name="clickConfirmButtonTest" time="8.195"/>
  <testcase classname="test.Test002_Create_Order" name="verifyDiscountVisibilityOnProductTest" time="0.055"/>
  <testcase classname="test.Test002_Create_Order" name="clickBackArrowNextToCartTest" time="6.225"/>
  <testcase classname="test.Test002_Create_Order" name="selectCartAgain" time="3.211"/>
  <testcase classname="test.Test002_Create_Order" name="verifyProductOnCartAgainTest" time="3.053"/>
  <testcase classname="test.Test002_Create_Order" name="clickCreateOrderTest" time="8.263"/>
  <testcase classname="test.Test002_Create_Order" name="clickChooseCustomerTest" time="8.189"/>
  <testcase classname="test.Test002_Create_Order" name="clickCustomerSearchTextboxTest" time="15.593"/>
  <testcase classname="test.Test002_Create_Order" name="clickCreateOrder2ButtonTest" time="8.183"/>
  <testcase classname="test.Test002_Create_Order" name="clickProceedButtonTest" time="5.279"/>
  <testcase classname="test.Test002_Create_Order" name="clickSubmitOrderButtonTest" time="5.931"/>
  <testcase classname="test.Test002_Create_Order" name="clickSubmitButtonTest" time="8.181"/>
</testsuite> <!-- test.Test002_Create_Order -->
