<?xml version="1.0" encoding="UTF-8"?>
<!-- Generated by org.testng.reporters.JUnitReportReporter -->
<testsuite hostname="DESKTOP-HGMSAGS" failures="0" tests="15" name="test.Test001_Login_Logout" time="62.774" errors="0" timestamp="2024-06-17T18:25:46 IST" skipped="0">
  <testcase classname="test.Test001_Login_Logout" name="openBrowser" time="6.481"/>
  <testcase classname="test.Test001_Login_Logout" name="loginPageTitleTest" time="0.032"/>
  <testcase classname="test.Test001_Login_Logout" name="logoTest" time="0.064"/>
  <testcase classname="test.Test001_Login_Logout" name="headingTest" time="0.033"/>
  <testcase classname="test.Test001_Login_Logout" name="passwordEyeTest" time="0.047"/>
  <testcase classname="test.Test001_Login_Logout" name="forgotPassTest" time="0.035"/>
  <testcase classname="test.Test001_Login_Logout" name="bottomLineTest" time="0.047"/>
  <testcase classname="test.Test001_Login_Logout" name="bookaDemoTest" time="0.045"/>
  <testcase classname="test.Test001_Login_Logout" name="loginAllCasesTest" time="9.154"/>
  <testcase classname="test.Test001_Login_Logout" name="loginAllCasesTest" time="8.774"/>
  <testcase classname="test.Test001_Login_Logout" name="loginAllCasesTest" time="8.807"/>
  <testcase classname="test.Test001_Login_Logout" name="loginAllCasesTest" time="8.841"/>
  <testcase classname="test.Test001_Login_Logout" name="loginAllCasesTest" time="8.676"/>
  <testcase classname="test.Test001_Login_Logout" name="logoutTest" time="4.753"/>
  <testcase classname="test.Test001_Login_Logout" name="closeBrowser" time="6.985"/>
</testsuite> <!-- test.Test001_Login_Logout -->
