<?xml version="1.0" encoding="UTF-8"?>
<!-- Generated by org.testng.reporters.JUnitReportReporter -->
<testsuite hostname="192.168.1.5" failures="0" tests="16" name="test.CreateCustomerTest" time="103.248" errors="0" timestamp="2024-06-19T12:49:03 IST" skipped="0">
  <testcase classname="test.CreateCustomerTest" name="loginPageTitleTest" time="0.050"/>
  <testcase classname="test.CreateCustomerTest" name="click_customer_tab" time="17.165"/>
  <testcase classname="test.CreateCustomerTest" name="create_customer_button_display" time="3.207"/>
  <testcase classname="test.CreateCustomerTest" name="create_customer_button_enabled" time="0.027"/>
  <testcase classname="test.CreateCustomerTest" name="create_customer_button_spelling_check" time="0.262"/>
  <testcase classname="test.CreateCustomerTest" name="create_customer_button_click" time="15.317"/>
  <testcase classname="test.CreateCustomerTest" name="verify_add_customer_title" time="1.659"/>
  <testcase classname="test.CreateCustomerTest" name="verify_basic_details_heading" time="5.411"/>
  <testcase classname="test.CreateCustomerTest" name="verify_basic_details_spelling" time="0.026"/>
  <testcase classname="test.CreateCustomerTest" name="company_name" time="6.221"/>
  <testcase classname="test.CreateCustomerTest" name="click_catalog_dropdown" time="1.455"/>
  <testcase classname="test.CreateCustomerTest" name="select_catalog" time="7.963"/>
  <testcase classname="test.CreateCustomerTest" name="click_addcontactc" time="1.455"/>
  <testcase classname="test.CreateCustomerTest" name="verify_Elemnts_OnPage_Test" time="13.689"/>
  <testcase classname="test.CreateCustomerTest" name="emptyAllFiledsTest" time="12.943"/>
  <testcase classname="test.CreateCustomerTest" name="Emailandphoneerrortest" time="16.398"/>
</testsuite> <!-- test.CreateCustomerTest -->
